Read1 before filtering:
total reads: 24048986
total bases: 3607347900
Q20 bases: 3570546875(98.9798%)
Q30 bases: 3359769023(93.1368%)

Read2 before filtering:
total reads: 24048986
total bases: 3607347900
Q20 bases: 3588970345(99.4906%)
Q30 bases: 3520375614(97.589%)

Read1 after filtering:
total reads: 24048986
total bases: 3605615848
Q20 bases: 3568835255(98.9799%)
Q30 bases: 3358151256(93.1367%)

Read2 after filtering:
total reads: 24048986
total bases: 3605615848
Q20 bases: 3587262821(99.491%)
Q30 bases: 3518724147(97.5901%)

Filtering result:
reads passed filter: 48097972
reads failed due to low quality: 0
reads failed due to too many N: 0
reads failed due to too short: 0
reads with adapter trimmed: 365530
bases trimmed due to adapters: 3464104

Duplication rate: 29.0036%

Insert size peak (evaluated by paired-end reads): 236

JSON report: fastp.json
HTML report: fastp.html

fastp -i /share/home/shli24/2025OVX/data/org_data/O3_Kidney_1.fq.gz -I /share/home/shli24/2025OVX/data/org_data/O3_Kidney_2.fq.gz -o /share/home/shli24/Tissue_com/data/E2_RNA/cleanData/O3_Kidney_1_clean.fq.gz -O /share/home/shli24/Tissue_com/data/E2_RNA/cleanData/O3_Kidney_2_clean.fq.gz 
fastp v0.23.4, time used: 304 seconds

TASK_INFO:
    JOB_ID:                     34305666
    JOB_NAME:                   fastp_O3_Kidney
    TASK_NAME:                  rg0.0
    REPLICA:                    1
    TASKGROUP_NAME:             rg0
    SUBMIT_NODE:                cli-ARM-01
    EXEC_NODE:                  agent-ARM-27
    EXIT_CODE:                  0
    EXIT_MESSAGE:               Job execution succeeded

RESOURCE_USAGE_SUMMARY:
    REQ_CPU:                    2
    REQ_MEM:                    128
    REQ_GPU:                    0
    REQ_NPU:                    0
    USER_CPU_TIME:              461
    SYSTEM_CPU_TIME:            9
    MEMSW_MAX:                  2217
    SWAP_MAX:                   0
    MEM_MAX:                    2217
    MEM_AVG:                    1654
    MRUN_TIME:                  306
    SSTOPPED_TIME:              0
    CPU_UTIL_AVG(%):            154
    CPU_UTIL_RECENT(%):         94
    USER_CPU_TIME_SUM:          461
    SYSTEM_CPU_TIME_SUM:        9
    MEMSW_MAX_SUM:              2217
    SWAP_MAX_SUM:               0
    MEM_MAX_SUM:                2217
    MEM_AVG_SUM:                1654
    CPU_UTIL_AVG_SUM(%):        154
    CPU_UTIL_RECENT_SUM(%):     94
    GPU_SM_UTIL_AVG(%):         -
    GPU_SM_UTIL_RECENT(%):      -
    NPU_SM_MEM_SUM(MB):         -
    NPU_SM_AICORE_UTIL(%):      -

