Read1 before filtering:
total reads: 24136051
total bases: 3620407650
Q20 bases: 3577803440(98.8232%)
Q30 bases: 3340225332(92.261%)

Read2 before filtering:
total reads: 24136051
total bases: 3620407650
Q20 bases: 3599728560(99.4288%)
Q30 bases: 3523808000(97.3318%)

Read1 after filtering:
total reads: 24136051
total bases: 3618689977
Q20 bases: 3576118004(98.8236%)
Q30 bases: 3338660537(92.2616%)

Read2 after filtering:
total reads: 24136051
total bases: 3618689977
Q20 bases: 3598069257(99.4302%)
Q30 bases: 3522233911(97.3345%)

Filtering result:
reads passed filter: 48272102
reads failed due to low quality: 0
reads failed due to too many N: 0
reads failed due to too short: 0
reads with adapter trimmed: 251974
bases trimmed due to adapters: 3435346

Duplication rate: 33.8776%

Insert size peak (evaluated by paired-end reads): 263

JSON report: fastp.json
HTML report: fastp.html

fastp -i /share/home/shli24/2025OVX/data/org_data/O4_Kidney_1.fq.gz -I /share/home/shli24/2025OVX/data/org_data/O4_Kidney_2.fq.gz -o /share/home/shli24/Tissue_com/data/E2_RNA/cleanData/O4_Kidney_1_clean.fq.gz -O /share/home/shli24/Tissue_com/data/E2_RNA/cleanData/O4_Kidney_2_clean.fq.gz 
fastp v0.23.4, time used: 377 seconds

TASK_INFO:
    JOB_ID:                     34305671
    JOB_NAME:                   fastp_O4_Kidney
    TASK_NAME:                  rg0.0
    REPLICA:                    1
    TASKGROUP_NAME:             rg0
    SUBMIT_NODE:                cli-ARM-01
    EXEC_NODE:                  agent-ARM-27
    EXIT_CODE:                  0
    EXIT_MESSAGE:               Job execution succeeded

RESOURCE_USAGE_SUMMARY:
    REQ_CPU:                    2
    REQ_MEM:                    128
    REQ_GPU:                    0
    REQ_NPU:                    0
    USER_CPU_TIME:              469
    SYSTEM_CPU_TIME:            9
    MEMSW_MAX:                  2168
    SWAP_MAX:                   0
    MEM_MAX:                    2168
    MEM_AVG:                    1587
    MRUN_TIME:                  377
    SSTOPPED_TIME:              0
    CPU_UTIL_AVG(%):            126
    CPU_UTIL_RECENT(%):         170
    USER_CPU_TIME_SUM:          469
    SYSTEM_CPU_TIME_SUM:        9
    MEMSW_MAX_SUM:              2168
    SWAP_MAX_SUM:               0
    MEM_MAX_SUM:                2168
    MEM_AVG_SUM:                1587
    CPU_UTIL_AVG_SUM(%):        126
    CPU_UTIL_RECENT_SUM(%):     170
    GPU_SM_UTIL_AVG(%):         -
    GPU_SM_UTIL_RECENT(%):      -
    NPU_SM_MEM_SUM(MB):         -
    NPU_SM_AICORE_UTIL(%):      -

