Read1 before filtering:
total reads: 24021498
total bases: 3603224700
Q20 bases: 3567331728(99.0039%)
Q30 bases: 3339257556(92.6741%)

Read2 before filtering:
total reads: 24021498
total bases: 3603224700
Q20 bases: 3559504832(98.7866%)
Q30 bases: 3400774864(94.3814%)

Read1 after filtering:
total reads: 24021498
total bases: 3601293919
Q20 bases: 3565428196(99.0041%)
Q30 bases: 3337473901(92.6743%)

Read2 after filtering:
total reads: 24021498
total bases: 3601293919
Q20 bases: 3557629735(98.7875%)
Q30 bases: 3399023924(94.3834%)

Filtering result:
reads passed filter: 48042996
reads failed due to low quality: 0
reads failed due to too many N: 0
reads failed due to too short: 0
reads with adapter trimmed: 213512
bases trimmed due to adapters: 3861562

Duplication rate: 8.44069%

Insert size peak (evaluated by paired-end reads): 263

JSON report: fastp.json
HTML report: fastp.html

fastp -i /share/home/shli24/2025OVX/data/org_data/S85_Spleen_1.fq.gz -I /share/home/shli24/2025OVX/data/org_data/S85_Spleen_2.fq.gz -o /share/home/shli24/Tissue_com/data/E2_RNA/cleanData/S85_Spleen_1_clean.fq.gz -O /share/home/shli24/Tissue_com/data/E2_RNA/cleanData/S85_Spleen_2_clean.fq.gz 
fastp v0.23.4, time used: 341 seconds

TASK_INFO:
    JOB_ID:                     34305690
    JOB_NAME:                   fastp_S85_Spleen
    TASK_NAME:                  rg0.0
    REPLICA:                    1
    TASKGROUP_NAME:             rg0
    SUBMIT_NODE:                cli-ARM-01
    EXEC_NODE:                  agent-ARM-27
    EXIT_CODE:                  0
    EXIT_MESSAGE:               Job execution succeeded

RESOURCE_USAGE_SUMMARY:
    REQ_CPU:                    2
    REQ_MEM:                    128
    REQ_GPU:                    0
    REQ_NPU:                    0
    USER_CPU_TIME:              496
    SYSTEM_CPU_TIME:            5
    MEMSW_MAX:                  2224
    SWAP_MAX:                   0
    MEM_MAX:                    2224
    MEM_AVG:                    1680
    MRUN_TIME:                  341
    SSTOPPED_TIME:              0
    CPU_UTIL_AVG(%):            147
    CPU_UTIL_RECENT(%):         123
    USER_CPU_TIME_SUM:          496
    SYSTEM_CPU_TIME_SUM:        5
    MEMSW_MAX_SUM:              2224
    SWAP_MAX_SUM:               0
    MEM_MAX_SUM:                2224
    MEM_AVG_SUM:                1680
    CPU_UTIL_AVG_SUM(%):        147
    CPU_UTIL_RECENT_SUM(%):     123
    GPU_SM_UTIL_AVG(%):         -
    GPU_SM_UTIL_RECENT(%):      -
    NPU_SM_MEM_SUM(MB):         -
    NPU_SM_AICORE_UTIL(%):      -

