Read1 before filtering:
total reads: 24030050
total bases: 3604507500
Q20 bases: 3493526173(96.921%)
Q30 bases: 3280875306(91.0215%)

Read2 before filtering:
total reads: 24030050
total bases: 3604507500
Q20 bases: 3505324950(97.2484%)
Q30 bases: 3306980496(91.7457%)

Read1 after filtering:
total reads: 24030050
total bases: 3602532046
Q20 bases: 3491635749(96.9217%)
Q30 bases: 3279123455(91.0227%)

Read2 after filtering:
total reads: 24030050
total bases: 3602532046
Q20 bases: 3503452733(97.2497%)
Q30 bases: 3305268240(91.7485%)

Filtering result:
reads passed filter: 48060100
reads failed due to low quality: 0
reads failed due to too many N: 0
reads failed due to too short: 0
reads with adapter trimmed: 365688
bases trimmed due to adapters: 3950908

Duplication rate: 5.12929%

Insert size peak (evaluated by paired-end reads): 259

JSON report: fastp.json
HTML report: fastp.html

fastp -i /share/home/shli24/2025OVX/data/org_data/Y4_Lung_1.fq.gz -I /share/home/shli24/2025OVX/data/org_data/Y4_Lung_2.fq.gz -o /share/home/shli24/Tissue_com/data/E2_RNA/cleanData/Y4_Lung_1_clean.fq.gz -O /share/home/shli24/Tissue_com/data/E2_RNA/cleanData/Y4_Lung_2_clean.fq.gz 
fastp v0.23.4, time used: 368 seconds

TASK_INFO:
    JOB_ID:                     34305743
    JOB_NAME:                   fastp_Y4_Lung
    TASK_NAME:                  rg0.0
    REPLICA:                    1
    TASKGROUP_NAME:             rg0
    SUBMIT_NODE:                cli-ARM-01
    EXEC_NODE:                  agent-ARM-27
    EXIT_CODE:                  0
    EXIT_MESSAGE:               Job execution succeeded

RESOURCE_USAGE_SUMMARY:
    REQ_CPU:                    2
    REQ_MEM:                    128
    REQ_GPU:                    0
    REQ_NPU:                    0
    USER_CPU_TIME:              507
    SYSTEM_CPU_TIME:            7
    MEMSW_MAX:                  2104
    SWAP_MAX:                   0
    MEM_MAX:                    2104
    MEM_AVG:                    1603
    MRUN_TIME:                  370
    SSTOPPED_TIME:              0
    CPU_UTIL_AVG(%):            139
    CPU_UTIL_RECENT(%):         192
    USER_CPU_TIME_SUM:          507
    SYSTEM_CPU_TIME_SUM:        7
    MEMSW_MAX_SUM:              2104
    SWAP_MAX_SUM:               0
    MEM_MAX_SUM:                2104
    MEM_AVG_SUM:                1603
    CPU_UTIL_AVG_SUM(%):        139
    CPU_UTIL_RECENT_SUM(%):     192
    GPU_SM_UTIL_AVG(%):         -
    GPU_SM_UTIL_RECENT(%):      -
    NPU_SM_MEM_SUM(MB):         -
    NPU_SM_AICORE_UTIL(%):      -

