Read1 before filtering:
total reads: 24018793
total bases: 3602818950
Q20 bases: 3565251687(98.9573%)
Q30 bases: 3334880202(92.5631%)

Read2 before filtering:
total reads: 24018793
total bases: 3602818950
Q20 bases: 3580764110(99.3878%)
Q30 bases: 3500348713(97.1558%)

Read1 after filtering:
total reads: 24018793
total bases: 3600543702
Q20 bases: 3563006006(98.9574%)
Q30 bases: 3332780355(92.5633%)

Read2 after filtering:
total reads: 24018793
total bases: 3600543702
Q20 bases: 3578530005(99.3886%)
Q30 bases: 3498197363(97.1575%)

Filtering result:
reads passed filter: 48037586
reads failed due to low quality: 0
reads failed due to too many N: 0
reads failed due to too short: 0
reads with adapter trimmed: 294412
bases trimmed due to adapters: 4550496

Duplication rate: 9.72934%

Insert size peak (evaluated by paired-end reads): 243

JSON report: fastp.json
HTML report: fastp.html

fastp -i /share/home/shli24/2025OVX/data/org_data/T59_Lung_1.fq.gz -I /share/home/shli24/2025OVX/data/org_data/T59_Lung_2.fq.gz -o /share/home/shli24/Tissue_com/data/E2_RNA/cleanData/T59_Lung_1_clean.fq.gz -O /share/home/shli24/Tissue_com/data/E2_RNA/cleanData/T59_Lung_2_clean.fq.gz 
fastp v0.23.4, time used: 323 seconds

TASK_INFO:
    JOB_ID:                     34305710
    JOB_NAME:                   fastp_T59_Lung
    TASK_NAME:                  rg0.0
    REPLICA:                    1
    TASKGROUP_NAME:             rg0
    SUBMIT_NODE:                cli-ARM-01
    EXEC_NODE:                  agent-ARM-03
    EXIT_CODE:                  0
    EXIT_MESSAGE:               Job execution succeeded

RESOURCE_USAGE_SUMMARY:
    REQ_CPU:                    2
    REQ_MEM:                    128
    REQ_GPU:                    0
    REQ_NPU:                    0
    USER_CPU_TIME:              495
    SYSTEM_CPU_TIME:            7
    MEMSW_MAX:                  2035
    SWAP_MAX:                   0
    MEM_MAX:                    2035
    MEM_AVG:                    1569
    MRUN_TIME:                  324
    SSTOPPED_TIME:              0
    CPU_UTIL_AVG(%):            154
    CPU_UTIL_RECENT(%):         66
    USER_CPU_TIME_SUM:          495
    SYSTEM_CPU_TIME_SUM:        7
    MEMSW_MAX_SUM:              2035
    SWAP_MAX_SUM:               0
    MEM_MAX_SUM:                2035
    MEM_AVG_SUM:                1569
    CPU_UTIL_AVG_SUM(%):        154
    CPU_UTIL_RECENT_SUM(%):     66
    GPU_SM_UTIL_AVG(%):         -
    GPU_SM_UTIL_RECENT(%):      -
    NPU_SM_MEM_SUM(MB):         -
    NPU_SM_AICORE_UTIL(%):      -

