Read1 before filtering:
total reads: 24037315
total bases: 3605597250
Q20 bases: 3564106419(98.8493%)
Q30 bases: 3333743386(92.4602%)

Read2 before filtering:
total reads: 24037315
total bases: 3605597250
Q20 bases: 3585557292(99.4442%)
Q30 bases: 3512900525(97.4291%)

Read1 after filtering:
total reads: 24037315
total bases: 3603801204
Q20 bases: 3562346249(98.8497%)
Q30 bases: 3332116023(92.4611%)

Read2 after filtering:
total reads: 24037315
total bases: 3603801204
Q20 bases: 3583825386(99.4457%)
Q30 bases: 3511263766(97.4322%)

Filtering result:
reads passed filter: 48074630
reads failed due to low quality: 0
reads failed due to too many N: 0
reads failed due to too short: 0
reads with adapter trimmed: 277416
bases trimmed due to adapters: 3592092

Duplication rate: 34.419%

Insert size peak (evaluated by paired-end reads): 263

JSON report: fastp.json
HTML report: fastp.html

fastp -i /share/home/shli24/2025OVX/data/org_data/S72_Liver_1.fq.gz -I /share/home/shli24/2025OVX/data/org_data/S72_Liver_2.fq.gz -o /share/home/shli24/Tissue_com/data/E2_RNA/cleanData/S72_Liver_1_clean.fq.gz -O /share/home/shli24/Tissue_com/data/E2_RNA/cleanData/S72_Liver_2_clean.fq.gz 
fastp v0.23.4, time used: 444 seconds

TASK_INFO:
    JOB_ID:                     34305678
    JOB_NAME:                   fastp_S72_Liver
    TASK_NAME:                  rg0.0
    REPLICA:                    1
    TASKGROUP_NAME:             rg0
    SUBMIT_NODE:                cli-ARM-01
    EXEC_NODE:                  agent-ARM-27
    EXIT_CODE:                  0
    EXIT_MESSAGE:               Job execution succeeded

RESOURCE_USAGE_SUMMARY:
    REQ_CPU:                    2
    REQ_MEM:                    128
    REQ_GPU:                    0
    REQ_NPU:                    0
    USER_CPU_TIME:              471
    SYSTEM_CPU_TIME:            13
    MEMSW_MAX:                  2222
    SWAP_MAX:                   0
    MEM_MAX:                    2222
    MEM_AVG:                    1685
    MRUN_TIME:                  444
    SSTOPPED_TIME:              0
    CPU_UTIL_AVG(%):            109
    CPU_UTIL_RECENT(%):         35
    USER_CPU_TIME_SUM:          471
    SYSTEM_CPU_TIME_SUM:        13
    MEMSW_MAX_SUM:              2222
    SWAP_MAX_SUM:               0
    MEM_MAX_SUM:                2222
    MEM_AVG_SUM:                1685
    CPU_UTIL_AVG_SUM(%):        109
    CPU_UTIL_RECENT_SUM(%):     35
    GPU_SM_UTIL_AVG(%):         -
    GPU_SM_UTIL_RECENT(%):      -
    NPU_SM_MEM_SUM(MB):         -
    NPU_SM_AICORE_UTIL(%):      -

