Read1 before filtering:
total reads: 24131771
total bases: 3619765650
Q20 bases: 3576660777(98.8092%)
Q30 bases: 3327108739(91.915%)

Read2 before filtering:
total reads: 24131771
total bases: 3619765650
Q20 bases: 3598828093(99.4216%)
Q30 bases: 3520629213(97.2612%)

Read1 after filtering:
total reads: 24131771
total bases: 3617955524
Q20 bases: 3574878324(98.8093%)
Q30 bases: 3325447260(91.9151%)

Read2 after filtering:
total reads: 24131771
total bases: 3617955524
Q20 bases: 3597055498(99.4223%)
Q30 bases: 3518925139(97.2628%)

Filtering result:
reads passed filter: 48263542
reads failed due to low quality: 0
reads failed due to too many N: 0
reads failed due to too short: 0
reads with adapter trimmed: 243310
bases trimmed due to adapters: 3620252

Duplication rate: 28.538%

Insert size peak (evaluated by paired-end reads): 263

JSON report: fastp.json
HTML report: fastp.html

fastp -i /share/home/shli24/2025OVX/data/org_data/T95_Heart_1.fq.gz -I /share/home/shli24/2025OVX/data/org_data/T95_Heart_2.fq.gz -o /share/home/shli24/Tissue_com/data/E2_RNA/cleanData/T95_Heart_1_clean.fq.gz -O /share/home/shli24/Tissue_com/data/E2_RNA/cleanData/T95_Heart_2_clean.fq.gz 
fastp v0.23.4, time used: 243 seconds

TASK_INFO:
    JOB_ID:                     34305730
    JOB_NAME:                   fastp_T95_Heart
    TASK_NAME:                  rg0.0
    REPLICA:                    1
    TASKGROUP_NAME:             rg0
    SUBMIT_NODE:                cli-ARM-01
    EXEC_NODE:                  agent-ARM-27
    EXIT_CODE:                  0
    EXIT_MESSAGE:               Job execution succeeded

RESOURCE_USAGE_SUMMARY:
    REQ_CPU:                    2
    REQ_MEM:                    128
    REQ_GPU:                    0
    REQ_NPU:                    0
    USER_CPU_TIME:              487
    SYSTEM_CPU_TIME:            8
    MEMSW_MAX:                  2136
    SWAP_MAX:                   0
    MEM_MAX:                    2136
    MEM_AVG:                    1670
    MRUN_TIME:                  244
    SSTOPPED_TIME:              0
    CPU_UTIL_AVG(%):            202
    CPU_UTIL_RECENT(%):         53
    USER_CPU_TIME_SUM:          487
    SYSTEM_CPU_TIME_SUM:        8
    MEMSW_MAX_SUM:              2136
    SWAP_MAX_SUM:               0
    MEM_MAX_SUM:                2136
    MEM_AVG_SUM:                1670
    CPU_UTIL_AVG_SUM(%):        202
    CPU_UTIL_RECENT_SUM(%):     53
    GPU_SM_UTIL_AVG(%):         -
    GPU_SM_UTIL_RECENT(%):      -
    NPU_SM_MEM_SUM(MB):         -
    NPU_SM_AICORE_UTIL(%):      -

