Read1 before filtering:
total reads: 24148586
total bases: 3622287900
Q20 bases: 3584904570(98.968%)
Q30 bases: 3375758754(93.1941%)

Read2 before filtering:
total reads: 24148586
total bases: 3622287900
Q20 bases: 3604055670(99.4967%)
Q30 bases: 3538244265(97.6798%)

Read1 after filtering:
total reads: 24148586
total bases: 3620614264
Q20 bases: 3583258081(98.9682%)
Q30 bases: 3374220726(93.1947%)

Read2 after filtering:
total reads: 24148586
total bases: 3620614264
Q20 bases: 3602430215(99.4978%)
Q30 bases: 3536694236(97.6822%)

Filtering result:
reads passed filter: 48297172
reads failed due to low quality: 0
reads failed due to too many N: 0
reads failed due to too short: 0
reads with adapter trimmed: 321920
bases trimmed due to adapters: 3347272

Duplication rate: 28.9173%

Insert size peak (evaluated by paired-end reads): 235

JSON report: fastp.json
HTML report: fastp.html

fastp -i /share/home/shli24/2025OVX/data/org_data/T75_Liver_1.fq.gz -I /share/home/shli24/2025OVX/data/org_data/T75_Liver_2.fq.gz -o /share/home/shli24/Tissue_com/data/E2_RNA/cleanData/T75_Liver_1_clean.fq.gz -O /share/home/shli24/Tissue_com/data/E2_RNA/cleanData/T75_Liver_2_clean.fq.gz 
fastp v0.23.4, time used: 253 seconds

TASK_INFO:
    JOB_ID:                     34305724
    JOB_NAME:                   fastp_T75_Liver
    TASK_NAME:                  rg0.0
    REPLICA:                    1
    TASKGROUP_NAME:             rg0
    SUBMIT_NODE:                cli-ARM-01
    EXEC_NODE:                  agent-ARM-27
    EXIT_CODE:                  0
    EXIT_MESSAGE:               Job execution succeeded

RESOURCE_USAGE_SUMMARY:
    REQ_CPU:                    2
    REQ_MEM:                    128
    REQ_GPU:                    0
    REQ_NPU:                    0
    USER_CPU_TIME:              472
    SYSTEM_CPU_TIME:            8
    MEMSW_MAX:                  2230
    SWAP_MAX:                   0
    MEM_MAX:                    2230
    MEM_AVG:                    1725
    MRUN_TIME:                  255
    SSTOPPED_TIME:              0
    CPU_UTIL_AVG(%):            188
    CPU_UTIL_RECENT(%):         160
    USER_CPU_TIME_SUM:          472
    SYSTEM_CPU_TIME_SUM:        8
    MEMSW_MAX_SUM:              2230
    SWAP_MAX_SUM:               0
    MEM_MAX_SUM:                2230
    MEM_AVG_SUM:                1725
    CPU_UTIL_AVG_SUM(%):        188
    CPU_UTIL_RECENT_SUM(%):     160
    GPU_SM_UTIL_AVG(%):         -
    GPU_SM_UTIL_RECENT(%):      -
    NPU_SM_MEM_SUM(MB):         -
    NPU_SM_AICORE_UTIL(%):      -

