Read1 before filtering:
total reads: 24151157
total bases: 3622673550
Q20 bases: 3583793013(98.9267%)
Q30 bases: 3345017020(92.3356%)

Read2 before filtering:
total reads: 24151157
total bases: 3622673550
Q20 bases: 3600574555(99.39%)
Q30 bases: 3519366955(97.1483%)

Read1 after filtering:
total reads: 24151157
total bases: 3620608788
Q20 bases: 3581759227(98.927%)
Q30 bases: 3343122281(92.3359%)

Read2 after filtering:
total reads: 24151157
total bases: 3620608788
Q20 bases: 3598562374(99.3911%)
Q30 bases: 3517442919(97.1506%)

Filtering result:
reads passed filter: 48302314
reads failed due to low quality: 0
reads failed due to too many N: 0
reads failed due to too short: 0
reads with adapter trimmed: 220540
bases trimmed due to adapters: 4129524

Duplication rate: 10.1597%

Insert size peak (evaluated by paired-end reads): 265

JSON report: fastp.json
HTML report: fastp.html

fastp -i /share/home/shli24/2025OVX/data/org_data/O3_Lung_1.fq.gz -I /share/home/shli24/2025OVX/data/org_data/O3_Lung_2.fq.gz -o /share/home/shli24/Tissue_com/data/E2_RNA/cleanData/O3_Lung_1_clean.fq.gz -O /share/home/shli24/Tissue_com/data/E2_RNA/cleanData/O3_Lung_2_clean.fq.gz 
fastp v0.23.4, time used: 310 seconds

TASK_INFO:
    JOB_ID:                     34305668
    JOB_NAME:                   fastp_O3_Lung
    TASK_NAME:                  rg0.0
    REPLICA:                    1
    TASKGROUP_NAME:             rg0
    SUBMIT_NODE:                cli-ARM-01
    EXEC_NODE:                  agent-ARM-27
    EXIT_CODE:                  0
    EXIT_MESSAGE:               Job execution succeeded

RESOURCE_USAGE_SUMMARY:
    REQ_CPU:                    2
    REQ_MEM:                    128
    REQ_GPU:                    0
    REQ_NPU:                    0
    USER_CPU_TIME:              482
    SYSTEM_CPU_TIME:            9
    MEMSW_MAX:                  2229
    SWAP_MAX:                   0
    MEM_MAX:                    2229
    MEM_AVG:                    1650
    MRUN_TIME:                  312
    SSTOPPED_TIME:              0
    CPU_UTIL_AVG(%):            157
    CPU_UTIL_RECENT(%):         158
    USER_CPU_TIME_SUM:          482
    SYSTEM_CPU_TIME_SUM:        9
    MEMSW_MAX_SUM:              2229
    SWAP_MAX_SUM:               0
    MEM_MAX_SUM:                2229
    MEM_AVG_SUM:                1650
    CPU_UTIL_AVG_SUM(%):        157
    CPU_UTIL_RECENT_SUM(%):     158
    GPU_SM_UTIL_AVG(%):         -
    GPU_SM_UTIL_RECENT(%):      -
    NPU_SM_MEM_SUM(MB):         -
    NPU_SM_AICORE_UTIL(%):      -

