Read1 before filtering:
total reads: 24012964
total bases: 3601944600
Q20 bases: 3559202071(98.8133%)
Q30 bases: 3300492671(91.6309%)

Read2 before filtering:
total reads: 24012964
total bases: 3601944600
Q20 bases: 3578692511(99.3545%)
Q30 bases: 3492440886(96.9599%)

Read1 after filtering:
total reads: 24012964
total bases: 3600098462
Q20 bases: 3557387355(98.8136%)
Q30 bases: 3298811893(91.6312%)

Read2 after filtering:
total reads: 24012964
total bases: 3600098462
Q20 bases: 3576897197(99.3555%)
Q30 bases: 3490729331(96.9621%)

Filtering result:
reads passed filter: 48025928
reads failed due to low quality: 0
reads failed due to too many N: 0
reads failed due to too short: 0
reads with adapter trimmed: 258342
bases trimmed due to adapters: 3692276

Duplication rate: 21.9656%

Insert size peak (evaluated by paired-end reads): 262

JSON report: fastp.json
HTML report: fastp.html

fastp -i /share/home/shli24/2025OVX/data/org_data/Y6_Heart_1.fq.gz -I /share/home/shli24/2025OVX/data/org_data/Y6_Heart_2.fq.gz -o /share/home/shli24/Tissue_com/data/E2_RNA/cleanData/Y6_Heart_1_clean.fq.gz -O /share/home/shli24/Tissue_com/data/E2_RNA/cleanData/Y6_Heart_2_clean.fq.gz 
fastp v0.23.4, time used: 472 seconds

TASK_INFO:
    JOB_ID:                     34305749
    JOB_NAME:                   fastp_Y6_Heart
    TASK_NAME:                  rg0.0
    REPLICA:                    1
    TASKGROUP_NAME:             rg0
    SUBMIT_NODE:                cli-ARM-01
    EXEC_NODE:                  agent-ARM-27
    EXIT_CODE:                  0
    EXIT_MESSAGE:               Job execution succeeded

RESOURCE_USAGE_SUMMARY:
    REQ_CPU:                    2
    REQ_MEM:                    128
    REQ_GPU:                    0
    REQ_NPU:                    0
    USER_CPU_TIME:              495
    SYSTEM_CPU_TIME:            10
    MEMSW_MAX:                  1877
    SWAP_MAX:                   0
    MEM_MAX:                    1877
    MEM_AVG:                    1537
    MRUN_TIME:                  476
    SSTOPPED_TIME:              0
    CPU_UTIL_AVG(%):            106
    CPU_UTIL_RECENT(%):         199
    USER_CPU_TIME_SUM:          495
    SYSTEM_CPU_TIME_SUM:        10
    MEMSW_MAX_SUM:              1877
    SWAP_MAX_SUM:               0
    MEM_MAX_SUM:                1877
    MEM_AVG_SUM:                1537
    CPU_UTIL_AVG_SUM(%):        106
    CPU_UTIL_RECENT_SUM(%):     199
    GPU_SM_UTIL_AVG(%):         -
    GPU_SM_UTIL_RECENT(%):      -
    NPU_SM_MEM_SUM(MB):         -
    NPU_SM_AICORE_UTIL(%):      -

