Read1 before filtering:
total reads: 24090446
total bases: 3613566900
Q20 bases: 3569918589(98.7921%)
Q30 bases: 3294605656(91.1732%)

Read2 before filtering:
total reads: 24090446
total bases: 3613566900
Q20 bases: 3581879792(99.1231%)
Q30 bases: 3465900851(95.9136%)

Read1 after filtering:
total reads: 24090446
total bases: 3611490576
Q20 bases: 3567874444(98.7923%)
Q30 bases: 3292713705(91.1733%)

Read2 after filtering:
total reads: 24090446
total bases: 3611490576
Q20 bases: 3579848881(99.1239%)
Q30 bases: 3463968459(95.9152%)

Filtering result:
reads passed filter: 48180892
reads failed due to low quality: 0
reads failed due to too many N: 0
reads failed due to too short: 0
reads with adapter trimmed: 228556
bases trimmed due to adapters: 4152648

Duplication rate: 10.8613%

Insert size peak (evaluated by paired-end reads): 266

JSON report: fastp.json
HTML report: fastp.html

fastp -i /share/home/shli24/2025OVX/data/org_data/O1_Lung_1.fq.gz -I /share/home/shli24/2025OVX/data/org_data/O1_Lung_2.fq.gz -o /share/home/shli24/Tissue_com/data/E2_RNA/cleanData/O1_Lung_1_clean.fq.gz -O /share/home/shli24/Tissue_com/data/E2_RNA/cleanData/O1_Lung_2_clean.fq.gz 
fastp v0.23.4, time used: 317 seconds

TASK_INFO:
    JOB_ID:                     34305659
    JOB_NAME:                   fastp_O1_Lung
    TASK_NAME:                  rg0.0
    REPLICA:                    1
    TASKGROUP_NAME:             rg0
    SUBMIT_NODE:                cli-ARM-01
    EXEC_NODE:                  agent-ARM-26
    EXIT_CODE:                  0
    EXIT_MESSAGE:               Job execution succeeded

RESOURCE_USAGE_SUMMARY:
    REQ_CPU:                    2
    REQ_MEM:                    128
    REQ_GPU:                    0
    REQ_NPU:                    0
    USER_CPU_TIME:              500
    SYSTEM_CPU_TIME:            6
    MEMSW_MAX:                  2021
    SWAP_MAX:                   0
    MEM_MAX:                    2021
    MEM_AVG:                    1545
    MRUN_TIME:                  318
    SSTOPPED_TIME:              0
    CPU_UTIL_AVG(%):            159
    CPU_UTIL_RECENT(%):         144
    USER_CPU_TIME_SUM:          500
    SYSTEM_CPU_TIME_SUM:        6
    MEMSW_MAX_SUM:              2021
    SWAP_MAX_SUM:               0
    MEM_MAX_SUM:                2021
    MEM_AVG_SUM:                1545
    CPU_UTIL_AVG_SUM(%):        159
    CPU_UTIL_RECENT_SUM(%):     144
    GPU_SM_UTIL_AVG(%):         -
    GPU_SM_UTIL_RECENT(%):      -
    NPU_SM_MEM_SUM(MB):         -
    NPU_SM_AICORE_UTIL(%):      -

