Read1 before filtering:
total reads: 24150719
total bases: 3622607850
Q20 bases: 3580416721(98.8353%)
Q30 bases: 3328723482(91.8875%)

Read2 before filtering:
total reads: 24150719
total bases: 3622607850
Q20 bases: 3601783085(99.4251%)
Q30 bases: 3524202893(97.2836%)

Read1 after filtering:
total reads: 24150719
total bases: 3620719416
Q20 bases: 3578559274(98.8356%)
Q30 bases: 3326998589(91.8878%)

Read2 after filtering:
total reads: 24150719
total bases: 3620719416
Q20 bases: 3599939184(99.4261%)
Q30 bases: 3522434742(97.2855%)

Filtering result:
reads passed filter: 48301438
reads failed due to low quality: 0
reads failed due to too many N: 0
reads failed due to too short: 0
reads with adapter trimmed: 262724
bases trimmed due to adapters: 3776868

Duplication rate: 29.4669%

Insert size peak (evaluated by paired-end reads): 264

JSON report: fastp.json
HTML report: fastp.html

fastp -i /share/home/shli24/2025OVX/data/org_data/S85_Heart_1.fq.gz -I /share/home/shli24/2025OVX/data/org_data/S85_Heart_2.fq.gz -o /share/home/shli24/Tissue_com/data/E2_RNA/cleanData/S85_Heart_1_clean.fq.gz -O /share/home/shli24/Tissue_com/data/E2_RNA/cleanData/S85_Heart_2_clean.fq.gz 
fastp v0.23.4, time used: 326 seconds

TASK_INFO:
    JOB_ID:                     34305686
    JOB_NAME:                   fastp_S85_Heart
    TASK_NAME:                  rg0.0
    REPLICA:                    1
    TASKGROUP_NAME:             rg0
    SUBMIT_NODE:                cli-ARM-01
    EXEC_NODE:                  agent-ARM-27
    EXIT_CODE:                  0
    EXIT_MESSAGE:               Job execution succeeded

RESOURCE_USAGE_SUMMARY:
    REQ_CPU:                    2
    REQ_MEM:                    128
    REQ_GPU:                    0
    REQ_NPU:                    0
    USER_CPU_TIME:              481
    SYSTEM_CPU_TIME:            7
    MEMSW_MAX:                  2129
    SWAP_MAX:                   0
    MEM_MAX:                    2129
    MEM_AVG:                    1588
    MRUN_TIME:                  326
    SSTOPPED_TIME:              0
    CPU_UTIL_AVG(%):            149
    CPU_UTIL_RECENT(%):         174
    USER_CPU_TIME_SUM:          481
    SYSTEM_CPU_TIME_SUM:        7
    MEMSW_MAX_SUM:              2129
    SWAP_MAX_SUM:               0
    MEM_MAX_SUM:                2129
    MEM_AVG_SUM:                1588
    CPU_UTIL_AVG_SUM(%):        149
    CPU_UTIL_RECENT_SUM(%):     174
    GPU_SM_UTIL_AVG(%):         -
    GPU_SM_UTIL_RECENT(%):      -
    NPU_SM_MEM_SUM(MB):         -
    NPU_SM_AICORE_UTIL(%):      -

