Read1 before filtering:
total reads: 24016546
total bases: 3602481900
Q20 bases: 3561931506(98.8744%)
Q30 bases: 3325503933(92.3115%)

Read2 before filtering:
total reads: 24016546
total bases: 3602481900
Q20 bases: 3581735946(99.4241%)
Q30 bases: 3506130232(97.3254%)

Read1 after filtering:
total reads: 24016546
total bases: 3600629042
Q20 bases: 3560108498(98.8746%)
Q30 bases: 3323804925(92.3118%)

Read2 after filtering:
total reads: 24016546
total bases: 3600629042
Q20 bases: 3579928093(99.4251%)
Q30 bases: 3504397140(97.3274%)

Filtering result:
reads passed filter: 48033092
reads failed due to low quality: 0
reads failed due to too many N: 0
reads failed due to too short: 0
reads with adapter trimmed: 345992
bases trimmed due to adapters: 3705716

Duplication rate: 18.8705%

Insert size peak (evaluated by paired-end reads): 235

JSON report: fastp.json
HTML report: fastp.html

fastp -i /share/home/shli24/2025OVX/data/org_data/Y4_Kidney_1.fq.gz -I /share/home/shli24/2025OVX/data/org_data/Y4_Kidney_2.fq.gz -o /share/home/shli24/Tissue_com/data/E2_RNA/cleanData/Y4_Kidney_1_clean.fq.gz -O /share/home/shli24/Tissue_com/data/E2_RNA/cleanData/Y4_Kidney_2_clean.fq.gz 
fastp v0.23.4, time used: 250 seconds

TASK_INFO:
    JOB_ID:                     34305741
    JOB_NAME:                   fastp_Y4_Kidney
    TASK_NAME:                  rg0.0
    REPLICA:                    1
    TASKGROUP_NAME:             rg0
    SUBMIT_NODE:                cli-ARM-01
    EXEC_NODE:                  agent-ARM-27
    EXIT_CODE:                  0
    EXIT_MESSAGE:               Job execution succeeded

RESOURCE_USAGE_SUMMARY:
    REQ_CPU:                    2
    REQ_MEM:                    128
    REQ_GPU:                    0
    REQ_NPU:                    0
    USER_CPU_TIME:              482
    SYSTEM_CPU_TIME:            7
    MEMSW_MAX:                  2185
    SWAP_MAX:                   0
    MEM_MAX:                    2185
    MEM_AVG:                    1672
    MRUN_TIME:                  253
    SSTOPPED_TIME:              0
    CPU_UTIL_AVG(%):            193
    CPU_UTIL_RECENT(%):         166
    USER_CPU_TIME_SUM:          482
    SYSTEM_CPU_TIME_SUM:        7
    MEMSW_MAX_SUM:              2185
    SWAP_MAX_SUM:               0
    MEM_MAX_SUM:                2185
    MEM_AVG_SUM:                1672
    CPU_UTIL_AVG_SUM(%):        193
    CPU_UTIL_RECENT_SUM(%):     166
    GPU_SM_UTIL_AVG(%):         -
    GPU_SM_UTIL_RECENT(%):      -
    NPU_SM_MEM_SUM(MB):         -
    NPU_SM_AICORE_UTIL(%):      -

