Read1 before filtering:
total reads: 24144803
total bases: 3621720450
Q20 bases: 3580013010(98.8484%)
Q30 bases: 3329075448(91.9197%)

Read2 before filtering:
total reads: 24144803
total bases: 3621720450
Q20 bases: 3600519735(99.4146%)
Q30 bases: 3522584609(97.2627%)

Read1 after filtering:
total reads: 24144803
total bases: 3619655164
Q20 bases: 3577983712(98.8487%)
Q30 bases: 3327193296(91.9202%)

Read2 after filtering:
total reads: 24144803
total bases: 3619655164
Q20 bases: 3598524644(99.4162%)
Q30 bases: 3520691999(97.266%)

Filtering result:
reads passed filter: 48289606
reads failed due to low quality: 0
reads failed due to too many N: 0
reads failed due to too short: 0
reads with adapter trimmed: 242468
bases trimmed due to adapters: 4130572

Duplication rate: 19.2583%

Insert size peak (evaluated by paired-end reads): 263

JSON report: fastp.json
HTML report: fastp.html

fastp -i /share/home/shli24/2025OVX/data/org_data/Y6_Liver_1.fq.gz -I /share/home/shli24/2025OVX/data/org_data/Y6_Liver_2.fq.gz -o /share/home/shli24/Tissue_com/data/E2_RNA/cleanData/Y6_Liver_1_clean.fq.gz -O /share/home/shli24/Tissue_com/data/E2_RNA/cleanData/Y6_Liver_2_clean.fq.gz 
fastp v0.23.4, time used: 332 seconds

TASK_INFO:
    JOB_ID:                     34305751
    JOB_NAME:                   fastp_Y6_Liver
    TASK_NAME:                  rg0.0
    REPLICA:                    1
    TASKGROUP_NAME:             rg0
    SUBMIT_NODE:                cli-ARM-01
    EXEC_NODE:                  agent-ARM-09
    EXIT_CODE:                  0
    EXIT_MESSAGE:               Job execution succeeded

RESOURCE_USAGE_SUMMARY:
    REQ_CPU:                    2
    REQ_MEM:                    128
    REQ_GPU:                    0
    REQ_NPU:                    0
    USER_CPU_TIME:              495
    SYSTEM_CPU_TIME:            9
    MEMSW_MAX:                  2003
    SWAP_MAX:                   0
    MEM_MAX:                    2003
    MEM_AVG:                    1648
    MRUN_TIME:                  333
    SSTOPPED_TIME:              0
    CPU_UTIL_AVG(%):            151
    CPU_UTIL_RECENT(%):         165
    USER_CPU_TIME_SUM:          495
    SYSTEM_CPU_TIME_SUM:        9
    MEMSW_MAX_SUM:              2003
    SWAP_MAX_SUM:               0
    MEM_MAX_SUM:                2003
    MEM_AVG_SUM:                1648
    CPU_UTIL_AVG_SUM(%):        151
    CPU_UTIL_RECENT_SUM(%):     165
    GPU_SM_UTIL_AVG(%):         -
    GPU_SM_UTIL_RECENT(%):      -
    NPU_SM_MEM_SUM(MB):         -
    NPU_SM_AICORE_UTIL(%):      -

