Read1 before filtering:
total reads: 24050850
total bases: 3607627500
Q20 bases: 3567808268(98.8962%)
Q30 bases: 3320408979(92.0386%)

Read2 before filtering:
total reads: 24050850
total bases: 3607627500
Q20 bases: 3580874099(99.2584%)
Q30 bases: 3484767687(96.5944%)

Read1 after filtering:
total reads: 24050850
total bases: 3605564370
Q20 bases: 3565777103(98.8965%)
Q30 bases: 3318519792(92.0388%)

Read2 after filtering:
total reads: 24050850
total bases: 3605564370
Q20 bases: 3578863976(99.2595%)
Q30 bases: 3482855187(96.5967%)

Filtering result:
reads passed filter: 48101700
reads failed due to low quality: 0
reads failed due to too many N: 0
reads failed due to too short: 0
reads with adapter trimmed: 254470
bases trimmed due to adapters: 4126260

Duplication rate: 7.39761%

Insert size peak (evaluated by paired-end reads): 265

JSON report: fastp.json
HTML report: fastp.html

fastp -i /share/home/shli24/2025OVX/data/org_data/T95_Spleen_1.fq.gz -I /share/home/shli24/2025OVX/data/org_data/T95_Spleen_2.fq.gz -o /share/home/shli24/Tissue_com/data/E2_RNA/cleanData/T95_Spleen_1_clean.fq.gz -O /share/home/shli24/Tissue_com/data/E2_RNA/cleanData/T95_Spleen_2_clean.fq.gz 
fastp v0.23.4, time used: 289 seconds

TASK_INFO:
    JOB_ID:                     34305734
    JOB_NAME:                   fastp_T95_Spleen
    TASK_NAME:                  rg0.0
    REPLICA:                    1
    TASKGROUP_NAME:             rg0
    SUBMIT_NODE:                cli-ARM-01
    EXEC_NODE:                  agent-ARM-27
    EXIT_CODE:                  0
    EXIT_MESSAGE:               Job execution succeeded

RESOURCE_USAGE_SUMMARY:
    REQ_CPU:                    2
    REQ_MEM:                    128
    REQ_GPU:                    0
    REQ_NPU:                    0
    USER_CPU_TIME:              500
    SYSTEM_CPU_TIME:            6
    MEMSW_MAX:                  2234
    SWAP_MAX:                   0
    MEM_MAX:                    2234
    MEM_AVG:                    1667
    MRUN_TIME:                  292
    SSTOPPED_TIME:              0
    CPU_UTIL_AVG(%):            173
    CPU_UTIL_RECENT(%):         165
    USER_CPU_TIME_SUM:          500
    SYSTEM_CPU_TIME_SUM:        6
    MEMSW_MAX_SUM:              2234
    SWAP_MAX_SUM:               0
    MEM_MAX_SUM:                2234
    MEM_AVG_SUM:                1667
    CPU_UTIL_AVG_SUM(%):        173
    CPU_UTIL_RECENT_SUM(%):     165
    GPU_SM_UTIL_AVG(%):         -
    GPU_SM_UTIL_RECENT(%):      -
    NPU_SM_MEM_SUM(MB):         -
    NPU_SM_AICORE_UTIL(%):      -

