Read1 before filtering:
total reads: 24150693
total bases: 3622603950
Q20 bases: 3578247836(98.7756%)
Q30 bases: 3297030734(91.0127%)

Read2 before filtering:
total reads: 24150693
total bases: 3622603950
Q20 bases: 3593339577(99.1922%)
Q30 bases: 3484929803(96.1996%)

Read1 after filtering:
total reads: 24150693
total bases: 3620660938
Q20 bases: 3576333935(98.7757%)
Q30 bases: 3295257406(91.0126%)

Read2 after filtering:
total reads: 24150693
total bases: 3620660938
Q20 bases: 3591438741(99.1929%)
Q30 bases: 3483114838(96.2011%)

Filtering result:
reads passed filter: 48301386
reads failed due to low quality: 0
reads failed due to too many N: 0
reads failed due to too short: 0
reads with adapter trimmed: 161498
bases trimmed due to adapters: 3886024

Duplication rate: 9.70146%

Insert size peak (evaluated by paired-end reads): 267

JSON report: fastp.json
HTML report: fastp.html

fastp -i /share/home/shli24/2025OVX/data/org_data/Y6_Spleen_1.fq.gz -I /share/home/shli24/2025OVX/data/org_data/Y6_Spleen_2.fq.gz -o /share/home/shli24/Tissue_com/data/E2_RNA/cleanData/Y6_Spleen_1_clean.fq.gz -O /share/home/shli24/Tissue_com/data/E2_RNA/cleanData/Y6_Spleen_2_clean.fq.gz 
fastp v0.23.4, time used: 262 seconds

TASK_INFO:
    JOB_ID:                     34305752
    JOB_NAME:                   fastp_Y6_Spleen
    TASK_NAME:                  rg0.0
    REPLICA:                    1
    TASKGROUP_NAME:             rg0
    SUBMIT_NODE:                cli-ARM-01
    EXEC_NODE:                  agent-ARM-03
    EXIT_CODE:                  0
    EXIT_MESSAGE:               Job execution succeeded

RESOURCE_USAGE_SUMMARY:
    REQ_CPU:                    2
    REQ_MEM:                    128
    REQ_GPU:                    0
    REQ_NPU:                    0
    USER_CPU_TIME:              521
    SYSTEM_CPU_TIME:            5
    MEMSW_MAX:                  2052
    SWAP_MAX:                   0
    MEM_MAX:                    2052
    MEM_AVG:                    1644
    MRUN_TIME:                  264
    SSTOPPED_TIME:              0
    CPU_UTIL_AVG(%):            199
    CPU_UTIL_RECENT(%):         122
    USER_CPU_TIME_SUM:          521
    SYSTEM_CPU_TIME_SUM:        5
    MEMSW_MAX_SUM:              2052
    SWAP_MAX_SUM:               0
    MEM_MAX_SUM:                2052
    MEM_AVG_SUM:                1644
    CPU_UTIL_AVG_SUM(%):        199
    CPU_UTIL_RECENT_SUM(%):     122
    GPU_SM_UTIL_AVG(%):         -
    GPU_SM_UTIL_RECENT(%):      -
    NPU_SM_MEM_SUM(MB):         -
    NPU_SM_AICORE_UTIL(%):      -

