Read1 before filtering:
total reads: 24016389
total bases: 3602458350
Q20 bases: 3557472309(98.7512%)
Q30 bases: 3272846295(90.8504%)

Read2 before filtering:
total reads: 24016389
total bases: 3602458350
Q20 bases: 3574463331(99.2229%)
Q30 bases: 3468763975(96.2888%)

Read1 after filtering:
total reads: 24016389
total bases: 3600302316
Q20 bases: 3555352013(98.7515%)
Q30 bases: 3270900031(90.8507%)

Read2 after filtering:
total reads: 24016389
total bases: 3600302316
Q20 bases: 3572350197(99.2236%)
Q30 bases: 3466743318(96.2903%)

Filtering result:
reads passed filter: 48032778
reads failed due to low quality: 0
reads failed due to too many N: 0
reads failed due to too short: 0
reads with adapter trimmed: 208756
bases trimmed due to adapters: 4312068

Duplication rate: 6.19815%

Insert size peak (evaluated by paired-end reads): 264

JSON report: fastp.json
HTML report: fastp.html

fastp -i /share/home/shli24/2025OVX/data/org_data/T95_Lung_1.fq.gz -I /share/home/shli24/2025OVX/data/org_data/T95_Lung_2.fq.gz -o /share/home/shli24/Tissue_com/data/E2_RNA/cleanData/T95_Lung_1_clean.fq.gz -O /share/home/shli24/Tissue_com/data/E2_RNA/cleanData/T95_Lung_2_clean.fq.gz 
fastp v0.23.4, time used: 277 seconds

TASK_INFO:
    JOB_ID:                     34305733
    JOB_NAME:                   fastp_T95_Lung
    TASK_NAME:                  rg0.0
    REPLICA:                    1
    TASKGROUP_NAME:             rg0
    SUBMIT_NODE:                cli-ARM-01
    EXEC_NODE:                  agent-ARM-27
    EXIT_CODE:                  0
    EXIT_MESSAGE:               Job execution succeeded

RESOURCE_USAGE_SUMMARY:
    REQ_CPU:                    2
    REQ_MEM:                    128
    REQ_GPU:                    0
    REQ_NPU:                    0
    USER_CPU_TIME:              498
    SYSTEM_CPU_TIME:            6
    MEMSW_MAX:                  2209
    SWAP_MAX:                   0
    MEM_MAX:                    2209
    MEM_AVG:                    1683
    MRUN_TIME:                  279
    SSTOPPED_TIME:              0
    CPU_UTIL_AVG(%):            181
    CPU_UTIL_RECENT(%):         166
    USER_CPU_TIME_SUM:          498
    SYSTEM_CPU_TIME_SUM:        6
    MEMSW_MAX_SUM:              2209
    SWAP_MAX_SUM:               0
    MEM_MAX_SUM:                2209
    MEM_AVG_SUM:                1683
    CPU_UTIL_AVG_SUM(%):        181
    CPU_UTIL_RECENT_SUM(%):     166
    GPU_SM_UTIL_AVG(%):         -
    GPU_SM_UTIL_RECENT(%):      -
    NPU_SM_MEM_SUM(MB):         -
    NPU_SM_AICORE_UTIL(%):      -

