Read1 before filtering:
total reads: 24019296
total bases: 3602894400
Q20 bases: 3562890864(98.8897%)
Q30 bases: 3310758304(91.8916%)

Read2 before filtering:
total reads: 24019296
total bases: 3602894400
Q20 bases: 3573511482(99.1845%)
Q30 bases: 3465266720(96.1801%)

Read1 after filtering:
total reads: 24019296
total bases: 3600571870
Q20 bases: 3560600937(98.8899%)
Q30 bases: 3308620734(91.8915%)

Read2 after filtering:
total reads: 24019296
total bases: 3600571870
Q20 bases: 3571236824(99.1853%)
Q30 bases: 3463097376(96.1819%)

Filtering result:
reads passed filter: 48038592
reads failed due to low quality: 0
reads failed due to too many N: 0
reads failed due to too short: 0
reads with adapter trimmed: 206746
bases trimmed due to adapters: 4645060

Duplication rate: 8.01373%

Insert size peak (evaluated by paired-end reads): 265

JSON report: fastp.json
HTML report: fastp.html

fastp -i /share/home/shli24/2025OVX/data/org_data/T63_Lung_1.fq.gz -I /share/home/shli24/2025OVX/data/org_data/T63_Lung_2.fq.gz -o /share/home/shli24/Tissue_com/data/E2_RNA/cleanData/T63_Lung_1_clean.fq.gz -O /share/home/shli24/Tissue_com/data/E2_RNA/cleanData/T63_Lung_2_clean.fq.gz 
fastp v0.23.4, time used: 256 seconds

TASK_INFO:
    JOB_ID:                     34305715
    JOB_NAME:                   fastp_T63_Lung
    TASK_NAME:                  rg0.0
    REPLICA:                    1
    TASKGROUP_NAME:             rg0
    SUBMIT_NODE:                cli-ARM-01
    EXEC_NODE:                  agent-ARM-27
    EXIT_CODE:                  0
    EXIT_MESSAGE:               Job execution succeeded

RESOURCE_USAGE_SUMMARY:
    REQ_CPU:                    2
    REQ_MEM:                    128
    REQ_GPU:                    0
    REQ_NPU:                    0
    USER_CPU_TIME:              519
    SYSTEM_CPU_TIME:            7
    MEMSW_MAX:                  2183
    SWAP_MAX:                   0
    MEM_MAX:                    2183
    MEM_AVG:                    1684
    MRUN_TIME:                  258
    SSTOPPED_TIME:              0
    CPU_UTIL_AVG(%):            204
    CPU_UTIL_RECENT(%):         179
    USER_CPU_TIME_SUM:          519
    SYSTEM_CPU_TIME_SUM:        7
    MEMSW_MAX_SUM:              2183
    SWAP_MAX_SUM:               0
    MEM_MAX_SUM:                2183
    MEM_AVG_SUM:                1684
    CPU_UTIL_AVG_SUM(%):        204
    CPU_UTIL_RECENT_SUM(%):     179
    GPU_SM_UTIL_AVG(%):         -
    GPU_SM_UTIL_RECENT(%):      -
    NPU_SM_MEM_SUM(MB):         -
    NPU_SM_AICORE_UTIL(%):      -

