Read1 before filtering:
total reads: 24109440
total bases: 3616416000
Q20 bases: 3574886623(98.8516%)
Q30 bases: 3346964000(92.5492%)

Read2 before filtering:
total reads: 24109440
total bases: 3616416000
Q20 bases: 3595415273(99.4193%)
Q30 bases: 3516983909(97.2505%)

Read1 after filtering:
total reads: 24109440
total bases: 3614856315
Q20 bases: 3573356751(98.852%)
Q30 bases: 3345543763(92.5498%)

Read2 after filtering:
total reads: 24109440
total bases: 3614856315
Q20 bases: 3593910320(99.4206%)
Q30 bases: 3515562739(97.2532%)

Filtering result:
reads passed filter: 48218880
reads failed due to low quality: 0
reads failed due to too many N: 0
reads failed due to too short: 0
reads with adapter trimmed: 302080
bases trimmed due to adapters: 3119370

Duplication rate: 42.9075%

Insert size peak (evaluated by paired-end reads): 235

JSON report: fastp.json
HTML report: fastp.html

fastp -i /share/home/shli24/2025OVX/data/org_data/S87_Kidney_1.fq.gz -I /share/home/shli24/2025OVX/data/org_data/S87_Kidney_2.fq.gz -o /share/home/shli24/Tissue_com/data/E2_RNA/cleanData/S87_Kidney_1_clean.fq.gz -O /share/home/shli24/Tissue_com/data/E2_RNA/cleanData/S87_Kidney_2_clean.fq.gz 
fastp v0.23.4, time used: 400 seconds

TASK_INFO:
    JOB_ID:                     34305692
    JOB_NAME:                   fastp_S87_Kidney
    TASK_NAME:                  rg0.0
    REPLICA:                    1
    TASKGROUP_NAME:             rg0
    SUBMIT_NODE:                cli-ARM-01
    EXEC_NODE:                  agent-ARM-27
    EXIT_CODE:                  0
    EXIT_MESSAGE:               Job execution succeeded

RESOURCE_USAGE_SUMMARY:
    REQ_CPU:                    2
    REQ_MEM:                    128
    REQ_GPU:                    0
    REQ_NPU:                    0
    USER_CPU_TIME:              481
    SYSTEM_CPU_TIME:            11
    MEMSW_MAX:                  2033
    SWAP_MAX:                   0
    MEM_MAX:                    2033
    MEM_AVG:                    1504
    MRUN_TIME:                  400
    SSTOPPED_TIME:              0
    CPU_UTIL_AVG(%):            123
    CPU_UTIL_RECENT(%):         129
    USER_CPU_TIME_SUM:          481
    SYSTEM_CPU_TIME_SUM:        11
    MEMSW_MAX_SUM:              2033
    SWAP_MAX_SUM:               0
    MEM_MAX_SUM:                2033
    MEM_AVG_SUM:                1504
    CPU_UTIL_AVG_SUM(%):        123
    CPU_UTIL_RECENT_SUM(%):     129
    GPU_SM_UTIL_AVG(%):         -
    GPU_SM_UTIL_RECENT(%):      -
    NPU_SM_MEM_SUM(MB):         -
    NPU_SM_AICORE_UTIL(%):      -

