Read1 before filtering:
total reads: 24008564
total bases: 3601284600
Q20 bases: 3560434412(98.8657%)
Q30 bases: 3322921357(92.2704%)

Read2 before filtering:
total reads: 24008564
total bases: 3601284600
Q20 bases: 3581964102(99.4635%)
Q30 bases: 3510658673(97.4835%)

Read1 after filtering:
total reads: 24008564
total bases: 3599566244
Q20 bases: 3558747606(98.866%)
Q30 bases: 3321356911(92.271%)

Read2 after filtering:
total reads: 24008564
total bases: 3599566244
Q20 bases: 3580307211(99.465%)
Q30 bases: 3509084737(97.4863%)

Filtering result:
reads passed filter: 48017128
reads failed due to low quality: 0
reads failed due to too many N: 0
reads failed due to too short: 0
reads with adapter trimmed: 276698
bases trimmed due to adapters: 3436712

Duplication rate: 28.0811%

Insert size peak (evaluated by paired-end reads): 235

JSON report: fastp.json
HTML report: fastp.html

fastp -i /share/home/shli24/2025OVX/data/org_data/S72_Heart_1.fq.gz -I /share/home/shli24/2025OVX/data/org_data/S72_Heart_2.fq.gz -o /share/home/shli24/Tissue_com/data/E2_RNA/cleanData/S72_Heart_1_clean.fq.gz -O /share/home/shli24/Tissue_com/data/E2_RNA/cleanData/S72_Heart_2_clean.fq.gz 
fastp v0.23.4, time used: 458 seconds

TASK_INFO:
    JOB_ID:                     34305676
    JOB_NAME:                   fastp_S72_Heart
    TASK_NAME:                  rg0.0
    REPLICA:                    1
    TASKGROUP_NAME:             rg0
    SUBMIT_NODE:                cli-ARM-01
    EXEC_NODE:                  agent-ARM-27
    EXIT_CODE:                  0
    EXIT_MESSAGE:               Job execution succeeded

RESOURCE_USAGE_SUMMARY:
    REQ_CPU:                    2
    REQ_MEM:                    128
    REQ_GPU:                    0
    REQ_NPU:                    0
    USER_CPU_TIME:              472
    SYSTEM_CPU_TIME:            11
    MEMSW_MAX:                  2102
    SWAP_MAX:                   0
    MEM_MAX:                    2102
    MEM_AVG:                    1544
    MRUN_TIME:                  459
    SSTOPPED_TIME:              0
    CPU_UTIL_AVG(%):            105
    CPU_UTIL_RECENT(%):         174
    USER_CPU_TIME_SUM:          472
    SYSTEM_CPU_TIME_SUM:        11
    MEMSW_MAX_SUM:              2102
    SWAP_MAX_SUM:               0
    MEM_MAX_SUM:                2102
    MEM_AVG_SUM:                1544
    CPU_UTIL_AVG_SUM(%):        105
    CPU_UTIL_RECENT_SUM(%):     174
    GPU_SM_UTIL_AVG(%):         -
    GPU_SM_UTIL_RECENT(%):      -
    NPU_SM_MEM_SUM(MB):         -
    NPU_SM_AICORE_UTIL(%):      -

