Read1 before filtering:
total reads: 24137533
total bases: 3620629950
Q20 bases: 3584342995(98.9978%)
Q30 bases: 3364522137(92.9264%)

Read2 before filtering:
total reads: 24137533
total bases: 3620629950
Q20 bases: 3599184733(99.4077%)
Q30 bases: 3522067717(97.2778%)

Read1 after filtering:
total reads: 24137533
total bases: 3618519176
Q20 bases: 3582259304(98.9979%)
Q30 bases: 3362563351(92.9265%)

Read2 after filtering:
total reads: 24137533
total bases: 3618519176
Q20 bases: 3597121823(99.4087%)
Q30 bases: 3520086380(97.2797%)

Filtering result:
reads passed filter: 48275066
reads failed due to low quality: 0
reads failed due to too many N: 0
reads failed due to too short: 0
reads with adapter trimmed: 369574
bases trimmed due to adapters: 4221548

Duplication rate: 7.2913%

Insert size peak (evaluated by paired-end reads): 254

JSON report: fastp.json
HTML report: fastp.html

fastp -i /share/home/shli24/2025OVX/data/org_data/S80_Lung_1.fq.gz -I /share/home/shli24/2025OVX/data/org_data/S80_Lung_2.fq.gz -o /share/home/shli24/Tissue_com/data/E2_RNA/cleanData/S80_Lung_1_clean.fq.gz -O /share/home/shli24/Tissue_com/data/E2_RNA/cleanData/S80_Lung_2_clean.fq.gz 
fastp v0.23.4, time used: 368 seconds

TASK_INFO:
    JOB_ID:                     34305684
    JOB_NAME:                   fastp_S80_Lung
    TASK_NAME:                  rg0.0
    REPLICA:                    1
    TASKGROUP_NAME:             rg0
    SUBMIT_NODE:                cli-ARM-01
    EXEC_NODE:                  agent-ARM-27
    EXIT_CODE:                  0
    EXIT_MESSAGE:               Job execution succeeded

RESOURCE_USAGE_SUMMARY:
    REQ_CPU:                    2
    REQ_MEM:                    128
    REQ_GPU:                    0
    REQ_NPU:                    0
    USER_CPU_TIME:              479
    SYSTEM_CPU_TIME:            8
    MEMSW_MAX:                  1914
    SWAP_MAX:                   0
    MEM_MAX:                    1914
    MEM_AVG:                    1485
    MRUN_TIME:                  368
    SSTOPPED_TIME:              0
    CPU_UTIL_AVG(%):            132
    CPU_UTIL_RECENT(%):         144
    USER_CPU_TIME_SUM:          479
    SYSTEM_CPU_TIME_SUM:        8
    MEMSW_MAX_SUM:              1914
    SWAP_MAX_SUM:               0
    MEM_MAX_SUM:                1914
    MEM_AVG_SUM:                1485
    CPU_UTIL_AVG_SUM(%):        132
    CPU_UTIL_RECENT_SUM(%):     144
    GPU_SM_UTIL_AVG(%):         -
    GPU_SM_UTIL_RECENT(%):      -
    NPU_SM_MEM_SUM(MB):         -
    NPU_SM_AICORE_UTIL(%):      -

