Read1 before filtering:
total reads: 24104211
total bases: 3615631650
Q20 bases: 3567395277(98.6659%)
Q30 bases: 3299767582(91.2639%)

Read2 before filtering:
total reads: 24104211
total bases: 3615631650
Q20 bases: 3593410549(99.3854%)
Q30 bases: 3511289959(97.1142%)

Read1 after filtering:
total reads: 24104211
total bases: 3613745697
Q20 bases: 3565545465(98.6662%)
Q30 bases: 3298064255(91.2644%)

Read2 after filtering:
total reads: 24104211
total bases: 3613745697
Q20 bases: 3591582237(99.3867%)
Q30 bases: 3509553513(97.1168%)

Filtering result:
reads passed filter: 48208422
reads failed due to low quality: 0
reads failed due to too many N: 0
reads failed due to too short: 0
reads with adapter trimmed: 212484
bases trimmed due to adapters: 3771906

Duplication rate: 40.6679%

Insert size peak (evaluated by paired-end reads): 263

JSON report: fastp.json
HTML report: fastp.html

fastp -i /share/home/shli24/2025OVX/data/org_data/T95_Kidney_1.fq.gz -I /share/home/shli24/2025OVX/data/org_data/T95_Kidney_2.fq.gz -o /share/home/shli24/Tissue_com/data/E2_RNA/cleanData/T95_Kidney_1_clean.fq.gz -O /share/home/shli24/Tissue_com/data/E2_RNA/cleanData/T95_Kidney_2_clean.fq.gz 
fastp v0.23.4, time used: 274 seconds

TASK_INFO:
    JOB_ID:                     34305731
    JOB_NAME:                   fastp_T95_Kidney
    TASK_NAME:                  rg0.0
    REPLICA:                    1
    TASKGROUP_NAME:             rg0
    SUBMIT_NODE:                cli-ARM-01
    EXEC_NODE:                  agent-ARM-27
    EXIT_CODE:                  0
    EXIT_MESSAGE:               Job execution succeeded

RESOURCE_USAGE_SUMMARY:
    REQ_CPU:                    2
    REQ_MEM:                    128
    REQ_GPU:                    0
    REQ_NPU:                    0
    USER_CPU_TIME:              485
    SYSTEM_CPU_TIME:            7
    MEMSW_MAX:                  2131
    SWAP_MAX:                   0
    MEM_MAX:                    2131
    MEM_AVG:                    1657
    MRUN_TIME:                  275
    SSTOPPED_TIME:              0
    CPU_UTIL_AVG(%):            178
    CPU_UTIL_RECENT(%):         81
    USER_CPU_TIME_SUM:          485
    SYSTEM_CPU_TIME_SUM:        7
    MEMSW_MAX_SUM:              2131
    SWAP_MAX_SUM:               0
    MEM_MAX_SUM:                2131
    MEM_AVG_SUM:                1657
    CPU_UTIL_AVG_SUM(%):        178
    CPU_UTIL_RECENT_SUM(%):     81
    GPU_SM_UTIL_AVG(%):         -
    GPU_SM_UTIL_RECENT(%):      -
    NPU_SM_MEM_SUM(MB):         -
    NPU_SM_AICORE_UTIL(%):      -

