Read1 before filtering:
total reads: 24144198
total bases: 3621629700
Q20 bases: 3573945585(98.6834%)
Q30 bases: 3305291553(91.2653%)

Read2 before filtering:
total reads: 24144198
total bases: 3621629700
Q20 bases: 3598772740(99.3689%)
Q30 bases: 3513370858(97.0108%)

Read1 after filtering:
total reads: 24144198
total bases: 3619609514
Q20 bases: 3571965745(98.6837%)
Q30 bases: 3303479767(91.2662%)

Read2 after filtering:
total reads: 24144198
total bases: 3619609514
Q20 bases: 3596822029(99.3704%)
Q30 bases: 3511534477(97.0142%)

Filtering result:
reads passed filter: 48288396
reads failed due to low quality: 0
reads failed due to too many N: 0
reads failed due to too short: 0
reads with adapter trimmed: 213578
bases trimmed due to adapters: 4040372

Duplication rate: 43.1094%

Insert size peak (evaluated by paired-end reads): 264

JSON report: fastp.json
HTML report: fastp.html

fastp -i /share/home/shli24/2025OVX/data/org_data/T63_Liver_1.fq.gz -I /share/home/shli24/2025OVX/data/org_data/T63_Liver_2.fq.gz -o /share/home/shli24/Tissue_com/data/E2_RNA/cleanData/T63_Liver_1_clean.fq.gz -O /share/home/shli24/Tissue_com/data/E2_RNA/cleanData/T63_Liver_2_clean.fq.gz 
fastp v0.23.4, time used: 241 seconds

TASK_INFO:
    JOB_ID:                     34305714
    JOB_NAME:                   fastp_T63_Liver
    TASK_NAME:                  rg0.0
    REPLICA:                    1
    TASKGROUP_NAME:             rg0
    SUBMIT_NODE:                cli-ARM-01
    EXEC_NODE:                  agent-ARM-27
    EXIT_CODE:                  0
    EXIT_MESSAGE:               Job execution succeeded

RESOURCE_USAGE_SUMMARY:
    REQ_CPU:                    2
    REQ_MEM:                    128
    REQ_GPU:                    0
    REQ_NPU:                    0
    USER_CPU_TIME:              479
    SYSTEM_CPU_TIME:            9
    MEMSW_MAX:                  2139
    SWAP_MAX:                   0
    MEM_MAX:                    2139
    MEM_AVG:                    1637
    MRUN_TIME:                  242
    SSTOPPED_TIME:              0
    CPU_UTIL_AVG(%):            201
    CPU_UTIL_RECENT(%):         204
    USER_CPU_TIME_SUM:          479
    SYSTEM_CPU_TIME_SUM:        9
    MEMSW_MAX_SUM:              2139
    SWAP_MAX_SUM:               0
    MEM_MAX_SUM:                2139
    MEM_AVG_SUM:                1637
    CPU_UTIL_AVG_SUM(%):        201
    CPU_UTIL_RECENT_SUM(%):     204
    GPU_SM_UTIL_AVG(%):         -
    GPU_SM_UTIL_RECENT(%):      -
    NPU_SM_MEM_SUM(MB):         -
    NPU_SM_AICORE_UTIL(%):      -

