Read1 before filtering:
total reads: 24077612
total bases: 3611641800
Q20 bases: 3567623797(98.7812%)
Q30 bases: 3302922226(91.4521%)

Read2 before filtering:
total reads: 24077612
total bases: 3611641800
Q20 bases: 3586562790(99.3056%)
Q30 bases: 3492017995(96.6878%)

Read1 after filtering:
total reads: 24077612
total bases: 3609860882
Q20 bases: 3565874629(98.7815%)
Q30 bases: 3301309022(91.4525%)

Read2 after filtering:
total reads: 24077612
total bases: 3609860882
Q20 bases: 3584834057(99.3067%)
Q30 bases: 3490374554(96.69%)

Filtering result:
reads passed filter: 48155224
reads failed due to low quality: 0
reads failed due to too many N: 0
reads failed due to too short: 0
reads with adapter trimmed: 179934
bases trimmed due to adapters: 3561836

Duplication rate: 22.0019%

Insert size peak (evaluated by paired-end reads): 263

JSON report: fastp.json
HTML report: fastp.html

fastp -i /share/home/shli24/2025OVX/data/org_data/Y5_Kidney_1.fq.gz -I /share/home/shli24/2025OVX/data/org_data/Y5_Kidney_2.fq.gz -o /share/home/shli24/Tissue_com/data/E2_RNA/cleanData/Y5_Kidney_1_clean.fq.gz -O /share/home/shli24/Tissue_com/data/E2_RNA/cleanData/Y5_Kidney_2_clean.fq.gz 
fastp v0.23.4, time used: 253 seconds

TASK_INFO:
    JOB_ID:                     34305746
    JOB_NAME:                   fastp_Y5_Kidney
    TASK_NAME:                  rg0.0
    REPLICA:                    1
    TASKGROUP_NAME:             rg0
    SUBMIT_NODE:                cli-ARM-01
    EXEC_NODE:                  agent-ARM-27
    EXIT_CODE:                  0
    EXIT_MESSAGE:               Job execution succeeded

RESOURCE_USAGE_SUMMARY:
    REQ_CPU:                    2
    REQ_MEM:                    128
    REQ_GPU:                    0
    REQ_NPU:                    0
    USER_CPU_TIME:              507
    SYSTEM_CPU_TIME:            9
    MEMSW_MAX:                  2168
    SWAP_MAX:                   0
    MEM_MAX:                    2168
    MEM_AVG:                    1696
    MRUN_TIME:                  257
    SSTOPPED_TIME:              0
    CPU_UTIL_AVG(%):            201
    CPU_UTIL_RECENT(%):         192
    USER_CPU_TIME_SUM:          507
    SYSTEM_CPU_TIME_SUM:        9
    MEMSW_MAX_SUM:              2168
    SWAP_MAX_SUM:               0
    MEM_MAX_SUM:                2168
    MEM_AVG_SUM:                1696
    CPU_UTIL_AVG_SUM(%):        201
    CPU_UTIL_RECENT_SUM(%):     192
    GPU_SM_UTIL_AVG(%):         -
    GPU_SM_UTIL_RECENT(%):      -
    NPU_SM_MEM_SUM(MB):         -
    NPU_SM_AICORE_UTIL(%):      -

