Read1 before filtering:
total reads: 24150624
total bases: 3622593600
Q20 bases: 3580612186(98.8411%)
Q30 bases: 3325905581(91.8101%)

Read2 before filtering:
total reads: 24150624
total bases: 3622593600
Q20 bases: 3597691421(99.3126%)
Q30 bases: 3505577066(96.7698%)

Read1 after filtering:
total reads: 24150624
total bases: 3620748741
Q20 bases: 3578795267(98.8413%)
Q30 bases: 3324210606(91.81%)

Read2 after filtering:
total reads: 24150624
total bases: 3620748741
Q20 bases: 3595893629(99.3135%)
Q30 bases: 3503861412(96.7717%)

Filtering result:
reads passed filter: 48301248
reads failed due to low quality: 0
reads failed due to too many N: 0
reads failed due to too short: 0
reads with adapter trimmed: 278336
bases trimmed due to adapters: 3689718

Duplication rate: 12.6335%

Insert size peak (evaluated by paired-end reads): 247

JSON report: fastp.json
HTML report: fastp.html

fastp -i /share/home/shli24/2025OVX/data/org_data/Y6_Kidney_1.fq.gz -I /share/home/shli24/2025OVX/data/org_data/Y6_Kidney_2.fq.gz -o /share/home/shli24/Tissue_com/data/E2_RNA/cleanData/Y6_Kidney_1_clean.fq.gz -O /share/home/shli24/Tissue_com/data/E2_RNA/cleanData/Y6_Kidney_2_clean.fq.gz 
fastp v0.23.4, time used: 359 seconds

TASK_INFO:
    JOB_ID:                     34305750
    JOB_NAME:                   fastp_Y6_Kidney
    TASK_NAME:                  rg0.0
    REPLICA:                    1
    TASKGROUP_NAME:             rg0
    SUBMIT_NODE:                cli-ARM-01
    EXEC_NODE:                  agent-ARM-27
    EXIT_CODE:                  0
    EXIT_MESSAGE:               Job execution succeeded

RESOURCE_USAGE_SUMMARY:
    REQ_CPU:                    2
    REQ_MEM:                    128
    REQ_GPU:                    0
    REQ_NPU:                    0
    USER_CPU_TIME:              501
    SYSTEM_CPU_TIME:            8
    MEMSW_MAX:                  2012
    SWAP_MAX:                   0
    MEM_MAX:                    2012
    MEM_AVG:                    1671
    MRUN_TIME:                  362
    SSTOPPED_TIME:              0
    CPU_UTIL_AVG(%):            140
    CPU_UTIL_RECENT(%):         188
    USER_CPU_TIME_SUM:          501
    SYSTEM_CPU_TIME_SUM:        8
    MEMSW_MAX_SUM:              2012
    SWAP_MAX_SUM:               0
    MEM_MAX_SUM:                2012
    MEM_AVG_SUM:                1671
    CPU_UTIL_AVG_SUM(%):        140
    CPU_UTIL_RECENT_SUM(%):     188
    GPU_SM_UTIL_AVG(%):         -
    GPU_SM_UTIL_RECENT(%):      -
    NPU_SM_MEM_SUM(MB):         -
    NPU_SM_AICORE_UTIL(%):      -

