Read1 before filtering:
total reads: 24117122
total bases: 3617568300
Q20 bases: 3577017483(98.8791%)
Q30 bases: 3349530175(92.5907%)

Read2 before filtering:
total reads: 24117122
total bases: 3617568300
Q20 bases: 3599573709(99.5026%)
Q30 bases: 3533842991(97.6856%)

Read1 after filtering:
total reads: 24117122
total bases: 3615968901
Q20 bases: 3575445763(98.8793%)
Q30 bases: 3348067705(92.5912%)

Read2 after filtering:
total reads: 24117122
total bases: 3615968901
Q20 bases: 3598023652(99.5037%)
Q30 bases: 3532365743(97.6879%)

Filtering result:
reads passed filter: 48234244
reads failed due to low quality: 0
reads failed due to too many N: 0
reads failed due to too short: 0
reads with adapter trimmed: 266034
bases trimmed due to adapters: 3198798

Duplication rate: 34.989%

Insert size peak (evaluated by paired-end reads): 255

JSON report: fastp.json
HTML report: fastp.html

fastp -i /share/home/shli24/2025OVX/data/org_data/S80_Liver_1.fq.gz -I /share/home/shli24/2025OVX/data/org_data/S80_Liver_2.fq.gz -o /share/home/shli24/Tissue_com/data/E2_RNA/cleanData/S80_Liver_1_clean.fq.gz -O /share/home/shli24/Tissue_com/data/E2_RNA/cleanData/S80_Liver_2_clean.fq.gz 
fastp v0.23.4, time used: 371 seconds

TASK_INFO:
    JOB_ID:                     34305683
    JOB_NAME:                   fastp_S80_Liver
    TASK_NAME:                  rg0.0
    REPLICA:                    1
    TASKGROUP_NAME:             rg0
    SUBMIT_NODE:                cli-ARM-01
    EXEC_NODE:                  agent-ARM-27
    EXIT_CODE:                  0
    EXIT_MESSAGE:               Job execution succeeded

RESOURCE_USAGE_SUMMARY:
    REQ_CPU:                    2
    REQ_MEM:                    128
    REQ_GPU:                    0
    REQ_NPU:                    0
    USER_CPU_TIME:              476
    SYSTEM_CPU_TIME:            11
    MEMSW_MAX:                  2100
    SWAP_MAX:                   0
    MEM_MAX:                    2100
    MEM_AVG:                    1632
    MRUN_TIME:                  371
    SSTOPPED_TIME:              0
    CPU_UTIL_AVG(%):            131
    CPU_UTIL_RECENT(%):         140
    USER_CPU_TIME_SUM:          476
    SYSTEM_CPU_TIME_SUM:        11
    MEMSW_MAX_SUM:              2100
    SWAP_MAX_SUM:               0
    MEM_MAX_SUM:                2100
    MEM_AVG_SUM:                1632
    CPU_UTIL_AVG_SUM(%):        131
    CPU_UTIL_RECENT_SUM(%):     140
    GPU_SM_UTIL_AVG(%):         -
    GPU_SM_UTIL_RECENT(%):      -
    NPU_SM_MEM_SUM(MB):         -
    NPU_SM_AICORE_UTIL(%):      -

