Read1 before filtering:
total reads: 24023350
total bases: 3603502500
Q20 bases: 3563589854(98.8924%)
Q30 bases: 3333431497(92.5053%)

Read2 before filtering:
total reads: 24023350
total bases: 3603502500
Q20 bases: 3584421422(99.4705%)
Q30 bases: 3514319698(97.5251%)

Read1 after filtering:
total reads: 24023350
total bases: 3602094717
Q20 bases: 3562206487(98.8926%)
Q30 bases: 3332148052(92.5058%)

Read2 after filtering:
total reads: 24023350
total bases: 3602094717
Q20 bases: 3583048286(99.4712%)
Q30 bases: 3513005470(97.5267%)

Filtering result:
reads passed filter: 48046700
reads failed due to low quality: 0
reads failed due to too many N: 0
reads failed due to too short: 0
reads with adapter trimmed: 248308
bases trimmed due to adapters: 2815566

Duplication rate: 26.7143%

Insert size peak (evaluated by paired-end reads): 253

JSON report: fastp.json
HTML report: fastp.html

fastp -i /share/home/shli24/2025OVX/data/org_data/Y3_Liver_1.fq.gz -I /share/home/shli24/2025OVX/data/org_data/Y3_Liver_2.fq.gz -o /share/home/shli24/Tissue_com/data/E2_RNA/cleanData/Y3_Liver_1_clean.fq.gz -O /share/home/shli24/Tissue_com/data/E2_RNA/cleanData/Y3_Liver_2_clean.fq.gz 
fastp v0.23.4, time used: 244 seconds

TASK_INFO:
    JOB_ID:                     34305737
    JOB_NAME:                   fastp_Y3_Liver
    TASK_NAME:                  rg0.0
    REPLICA:                    1
    TASKGROUP_NAME:             rg0
    SUBMIT_NODE:                cli-ARM-01
    EXEC_NODE:                  agent-ARM-27
    EXIT_CODE:                  0
    EXIT_MESSAGE:               Job execution succeeded

RESOURCE_USAGE_SUMMARY:
    REQ_CPU:                    2
    REQ_MEM:                    128
    REQ_GPU:                    0
    REQ_NPU:                    0
    USER_CPU_TIME:              489
    SYSTEM_CPU_TIME:            9
    MEMSW_MAX:                  2231
    SWAP_MAX:                   0
    MEM_MAX:                    2231
    MEM_AVG:                    1761
    MRUN_TIME:                  247
    SSTOPPED_TIME:              0
    CPU_UTIL_AVG(%):            202
    CPU_UTIL_RECENT(%):         126
    USER_CPU_TIME_SUM:          489
    SYSTEM_CPU_TIME_SUM:        9
    MEMSW_MAX_SUM:              2231
    SWAP_MAX_SUM:               0
    MEM_MAX_SUM:                2231
    MEM_AVG_SUM:                1761
    CPU_UTIL_AVG_SUM(%):        202
    CPU_UTIL_RECENT_SUM(%):     126
    GPU_SM_UTIL_AVG(%):         -
    GPU_SM_UTIL_RECENT(%):      -
    NPU_SM_MEM_SUM(MB):         -
    NPU_SM_AICORE_UTIL(%):      -

