Read1 before filtering:
total reads: 24154506
total bases: 3623175900
Q20 bases: 3581726509(98.856%)
Q30 bases: 3344199134(92.3002%)

Read2 before filtering:
total reads: 24154506
total bases: 3623175900
Q20 bases: 3601970109(99.4147%)
Q30 bases: 3522485599(97.2209%)

Read1 after filtering:
total reads: 24154506
total bases: 3621783350
Q20 bases: 3580356105(98.8562%)
Q30 bases: 3342919720(92.3004%)

Read2 after filtering:
total reads: 24154506
total bases: 3621783350
Q20 bases: 3600608693(99.4154%)
Q30 bases: 3521181407(97.2223%)

Filtering result:
reads passed filter: 48309012
reads failed due to low quality: 0
reads failed due to too many N: 0
reads failed due to too short: 0
reads with adapter trimmed: 242940
bases trimmed due to adapters: 2785100

Duplication rate: 36.1535%

Insert size peak (evaluated by paired-end reads): 263

JSON report: fastp.json
HTML report: fastp.html

fastp -i /share/home/shli24/2025OVX/data/org_data/O4_Heart_1.fq.gz -I /share/home/shli24/2025OVX/data/org_data/O4_Heart_2.fq.gz -o /share/home/shli24/Tissue_com/data/E2_RNA/cleanData/O4_Heart_1_clean.fq.gz -O /share/home/shli24/Tissue_com/data/E2_RNA/cleanData/O4_Heart_2_clean.fq.gz 
fastp v0.23.4, time used: 317 seconds

TASK_INFO:
    JOB_ID:                     34305670
    JOB_NAME:                   fastp_O4_Heart
    TASK_NAME:                  rg0.0
    REPLICA:                    1
    TASKGROUP_NAME:             rg0
    SUBMIT_NODE:                cli-ARM-01
    EXEC_NODE:                  agent-ARM-27
    EXIT_CODE:                  0
    EXIT_MESSAGE:               Job execution succeeded

RESOURCE_USAGE_SUMMARY:
    REQ_CPU:                    2
    REQ_MEM:                    128
    REQ_GPU:                    0
    REQ_NPU:                    0
    USER_CPU_TIME:              476
    SYSTEM_CPU_TIME:            9
    MEMSW_MAX:                  2198
    SWAP_MAX:                   0
    MEM_MAX:                    2198
    MEM_AVG:                    1651
    MRUN_TIME:                  318
    SSTOPPED_TIME:              0
    CPU_UTIL_AVG(%):            152
    CPU_UTIL_RECENT(%):         191
    USER_CPU_TIME_SUM:          476
    SYSTEM_CPU_TIME_SUM:        9
    MEMSW_MAX_SUM:              2198
    SWAP_MAX_SUM:               0
    MEM_MAX_SUM:                2198
    MEM_AVG_SUM:                1651
    CPU_UTIL_AVG_SUM(%):        152
    CPU_UTIL_RECENT_SUM(%):     191
    GPU_SM_UTIL_AVG(%):         -
    GPU_SM_UTIL_RECENT(%):      -
    NPU_SM_MEM_SUM(MB):         -
    NPU_SM_AICORE_UTIL(%):      -

