Read1 before filtering:
total reads: 24006024
total bases: 3600903600
Q20 bases: 3558846936(98.8321%)
Q30 bases: 3304512365(91.769%)

Read2 before filtering:
total reads: 24006024
total bases: 3600903600
Q20 bases: 3579142300(99.3957%)
Q30 bases: 3497775909(97.1361%)

Read1 after filtering:
total reads: 24006024
total bases: 3598745749
Q20 bases: 3556723231(98.8323%)
Q30 bases: 3302545093(91.7693%)

Read2 after filtering:
total reads: 24006024
total bases: 3598745749
Q20 bases: 3577036123(99.3967%)
Q30 bases: 3495757233(97.1382%)

Filtering result:
reads passed filter: 48012048
reads failed due to low quality: 0
reads failed due to too many N: 0
reads failed due to too short: 0
reads with adapter trimmed: 224666
bases trimmed due to adapters: 4315702

Duplication rate: 16.0354%

Insert size peak (evaluated by paired-end reads): 264

JSON report: fastp.json
HTML report: fastp.html

fastp -i /share/home/shli24/2025OVX/data/org_data/T79_Kidney_1.fq.gz -I /share/home/shli24/2025OVX/data/org_data/T79_Kidney_2.fq.gz -o /share/home/shli24/Tissue_com/data/E2_RNA/cleanData/T79_Kidney_1_clean.fq.gz -O /share/home/shli24/Tissue_com/data/E2_RNA/cleanData/T79_Kidney_2_clean.fq.gz 
fastp v0.23.4, time used: 300 seconds

TASK_INFO:
    JOB_ID:                     34305726
    JOB_NAME:                   fastp_T79_Kidney
    TASK_NAME:                  rg0.0
    REPLICA:                    1
    TASKGROUP_NAME:             rg0
    SUBMIT_NODE:                cli-ARM-01
    EXEC_NODE:                  agent-ARM-27
    EXIT_CODE:                  0
    EXIT_MESSAGE:               Job execution succeeded

RESOURCE_USAGE_SUMMARY:
    REQ_CPU:                    2
    REQ_MEM:                    128
    REQ_GPU:                    0
    REQ_NPU:                    0
    USER_CPU_TIME:              496
    SYSTEM_CPU_TIME:            10
    MEMSW_MAX:                  2193
    SWAP_MAX:                   0
    MEM_MAX:                    2193
    MEM_AVG:                    1763
    MRUN_TIME:                  302
    SSTOPPED_TIME:              0
    CPU_UTIL_AVG(%):            167
    CPU_UTIL_RECENT(%):         210
    USER_CPU_TIME_SUM:          496
    SYSTEM_CPU_TIME_SUM:        10
    MEMSW_MAX_SUM:              2193
    SWAP_MAX_SUM:               0
    MEM_MAX_SUM:                2193
    MEM_AVG_SUM:                1763
    CPU_UTIL_AVG_SUM(%):        167
    CPU_UTIL_RECENT_SUM(%):     210
    GPU_SM_UTIL_AVG(%):         -
    GPU_SM_UTIL_RECENT(%):      -
    NPU_SM_MEM_SUM(MB):         -
    NPU_SM_AICORE_UTIL(%):      -

