Read1 before filtering:
total reads: 24099935
total bases: 3614990250
Q20 bases: 3573659804(98.8567%)
Q30 bases: 3319912979(91.8374%)

Read2 before filtering:
total reads: 24099935
total bases: 3614990250
Q20 bases: 3591238774(99.343%)
Q30 bases: 3503278925(96.9098%)

Read1 after filtering:
total reads: 24099935
total bases: 3613362457
Q20 bases: 3572058635(98.8569%)
Q30 bases: 3318427058(91.8376%)

Read2 after filtering:
total reads: 24099935
total bases: 3613362457
Q20 bases: 3589653403(99.3439%)
Q30 bases: 3501766158(96.9116%)

Filtering result:
reads passed filter: 48199870
reads failed due to low quality: 0
reads failed due to too many N: 0
reads failed due to too short: 0
reads with adapter trimmed: 229604
bases trimmed due to adapters: 3255586

Duplication rate: 15.9129%

Insert size peak (evaluated by paired-end reads): 266

JSON report: fastp.json
HTML report: fastp.html

fastp -i /share/home/shli24/2025OVX/data/org_data/Y4_Liver_1.fq.gz -I /share/home/shli24/2025OVX/data/org_data/Y4_Liver_2.fq.gz -o /share/home/shli24/Tissue_com/data/E2_RNA/cleanData/Y4_Liver_1_clean.fq.gz -O /share/home/shli24/Tissue_com/data/E2_RNA/cleanData/Y4_Liver_2_clean.fq.gz 
fastp v0.23.4, time used: 269 seconds

TASK_INFO:
    JOB_ID:                     34305742
    JOB_NAME:                   fastp_Y4_Liver
    TASK_NAME:                  rg0.0
    REPLICA:                    1
    TASKGROUP_NAME:             rg0
    SUBMIT_NODE:                cli-ARM-01
    EXEC_NODE:                  agent-ARM-27
    EXIT_CODE:                  0
    EXIT_MESSAGE:               Job execution succeeded

RESOURCE_USAGE_SUMMARY:
    REQ_CPU:                    2
    REQ_MEM:                    128
    REQ_GPU:                    0
    REQ_NPU:                    0
    USER_CPU_TIME:              507
    SYSTEM_CPU_TIME:            6
    MEMSW_MAX:                  2105
    SWAP_MAX:                   0
    MEM_MAX:                    2105
    MEM_AVG:                    1654
    MRUN_TIME:                  271
    SSTOPPED_TIME:              0
    CPU_UTIL_AVG(%):            189
    CPU_UTIL_RECENT(%):         193
    USER_CPU_TIME_SUM:          507
    SYSTEM_CPU_TIME_SUM:        6
    MEMSW_MAX_SUM:              2105
    SWAP_MAX_SUM:               0
    MEM_MAX_SUM:                2105
    MEM_AVG_SUM:                1654
    CPU_UTIL_AVG_SUM(%):        189
    CPU_UTIL_RECENT_SUM(%):     193
    GPU_SM_UTIL_AVG(%):         -
    GPU_SM_UTIL_RECENT(%):      -
    NPU_SM_MEM_SUM(MB):         -
    NPU_SM_AICORE_UTIL(%):      -

