Read1 before filtering:
total reads: 24145656
total bases: 3621848400
Q20 bases: 3579884236(98.8414%)
Q30 bases: 3321061668(91.6952%)

Read2 before filtering:
total reads: 24145656
total bases: 3621848400
Q20 bases: 3595750770(99.2794%)
Q30 bases: 3502103696(96.6938%)

Read1 after filtering:
total reads: 24145656
total bases: 3619761753
Q20 bases: 3577832548(98.8417%)
Q30 bases: 3319156892(91.6955%)

Read2 after filtering:
total reads: 24145656
total bases: 3619761753
Q20 bases: 3593728349(99.2808%)
Q30 bases: 3500182754(96.6965%)

Filtering result:
reads passed filter: 48291312
reads failed due to low quality: 0
reads failed due to too many N: 0
reads failed due to too short: 0
reads with adapter trimmed: 253630
bases trimmed due to adapters: 4173294

Duplication rate: 5.52371%

Insert size peak (evaluated by paired-end reads): 264

JSON report: fastp.json
HTML report: fastp.html

fastp -i /share/home/shli24/2025OVX/data/org_data/T59_Spleen_1.fq.gz -I /share/home/shli24/2025OVX/data/org_data/T59_Spleen_2.fq.gz -o /share/home/shli24/Tissue_com/data/E2_RNA/cleanData/T59_Spleen_1_clean.fq.gz -O /share/home/shli24/Tissue_com/data/E2_RNA/cleanData/T59_Spleen_2_clean.fq.gz 
fastp v0.23.4, time used: 300 seconds

TASK_INFO:
    JOB_ID:                     34305711
    JOB_NAME:                   fastp_T59_Spleen
    TASK_NAME:                  rg0.0
    REPLICA:                    1
    TASKGROUP_NAME:             rg0
    SUBMIT_NODE:                cli-ARM-01
    EXEC_NODE:                  agent-ARM-20
    EXIT_CODE:                  0
    EXIT_MESSAGE:               Job execution succeeded

RESOURCE_USAGE_SUMMARY:
    REQ_CPU:                    2
    REQ_MEM:                    128
    REQ_GPU:                    0
    REQ_NPU:                    0
    USER_CPU_TIME:              495
    SYSTEM_CPU_TIME:            4
    MEMSW_MAX:                  2092
    SWAP_MAX:                   0
    MEM_MAX:                    2092
    MEM_AVG:                    1690
    MRUN_TIME:                  301
    SSTOPPED_TIME:              0
    CPU_UTIL_AVG(%):            166
    CPU_UTIL_RECENT(%):         197
    USER_CPU_TIME_SUM:          495
    SYSTEM_CPU_TIME_SUM:        4
    MEMSW_MAX_SUM:              2092
    SWAP_MAX_SUM:               0
    MEM_MAX_SUM:                2092
    MEM_AVG_SUM:                1690
    CPU_UTIL_AVG_SUM(%):        166
    CPU_UTIL_RECENT_SUM(%):     197
    GPU_SM_UTIL_AVG(%):         -
    GPU_SM_UTIL_RECENT(%):      -
    NPU_SM_MEM_SUM(MB):         -
    NPU_SM_AICORE_UTIL(%):      -

