Read1 before filtering:
total reads: 24048861
total bases: 3607329150
Q20 bases: 3570209934(98.971%)
Q30 bases: 3359973949(93.143%)

Read2 before filtering:
total reads: 24048861
total bases: 3607329150
Q20 bases: 3591454462(99.5599%)
Q30 bases: 3534219664(97.9733%)

Read1 after filtering:
total reads: 24048861
total bases: 3605618872
Q20 bases: 3568527250(98.9713%)
Q30 bases: 3358397665(93.1434%)

Read2 after filtering:
total reads: 24048861
total bases: 3605618872
Q20 bases: 3589794038(99.5611%)
Q30 bases: 3532628790(97.9757%)

Filtering result:
reads passed filter: 48097722
reads failed due to low quality: 0
reads failed due to too many N: 0
reads failed due to too short: 0
reads with adapter trimmed: 287484
bases trimmed due to adapters: 3420556

Duplication rate: 26.4449%

Insert size peak (evaluated by paired-end reads): 255

JSON report: fastp.json
HTML report: fastp.html

fastp -i /share/home/shli24/2025OVX/data/org_data/O1_Liver_1.fq.gz -I /share/home/shli24/2025OVX/data/org_data/O1_Liver_2.fq.gz -o /share/home/shli24/Tissue_com/data/E2_RNA/cleanData/O1_Liver_1_clean.fq.gz -O /share/home/shli24/Tissue_com/data/E2_RNA/cleanData/O1_Liver_2_clean.fq.gz 
fastp v0.23.4, time used: 289 seconds

TASK_INFO:
    JOB_ID:                     34305658
    JOB_NAME:                   fastp_O1_Liver
    TASK_NAME:                  rg0.0
    REPLICA:                    1
    TASKGROUP_NAME:             rg0
    SUBMIT_NODE:                cli-ARM-01
    EXEC_NODE:                  agent-ARM-03
    EXIT_CODE:                  0
    EXIT_MESSAGE:               Job execution succeeded

RESOURCE_USAGE_SUMMARY:
    REQ_CPU:                    2
    REQ_MEM:                    128
    REQ_GPU:                    0
    REQ_NPU:                    0
    USER_CPU_TIME:              479
    SYSTEM_CPU_TIME:            6
    MEMSW_MAX:                  2011
    SWAP_MAX:                   0
    MEM_MAX:                    2011
    MEM_AVG:                    1634
    MRUN_TIME:                  290
    SSTOPPED_TIME:              0
    CPU_UTIL_AVG(%):            167
    CPU_UTIL_RECENT(%):         127
    USER_CPU_TIME_SUM:          479
    SYSTEM_CPU_TIME_SUM:        6
    MEMSW_MAX_SUM:              2011
    SWAP_MAX_SUM:               0
    MEM_MAX_SUM:                2011
    MEM_AVG_SUM:                1634
    CPU_UTIL_AVG_SUM(%):        167
    CPU_UTIL_RECENT_SUM(%):     127
    GPU_SM_UTIL_AVG(%):         -
    GPU_SM_UTIL_RECENT(%):      -
    NPU_SM_MEM_SUM(MB):         -
    NPU_SM_AICORE_UTIL(%):      -

