Read1 before filtering:
total reads: 24056485
total bases: 3608472750
Q20 bases: 3574294961(99.0528%)
Q30 bases: 3381920490(93.7217%)

Read2 before filtering:
total reads: 24056485
total bases: 3608472750
Q20 bases: 3589516244(99.4747%)
Q30 bases: 3520917232(97.5736%)

Read1 after filtering:
total reads: 24056484
total bases: 3606847032
Q20 bases: 3572692447(99.0531%)
Q30 bases: 3380412127(93.7221%)

Read2 after filtering:
total reads: 24056484
total bases: 3606847032
Q20 bases: 3587929739(99.4755%)
Q30 bases: 3519400448(97.5755%)

Filtering result:
reads passed filter: 48112968
reads failed due to low quality: 2
reads failed due to too many N: 0
reads failed due to too short: 0
reads with adapter trimmed: 384322
bases trimmed due to adapters: 3251352

Duplication rate: 25.8823%

Insert size peak (evaluated by paired-end reads): 235

JSON report: fastp.json
HTML report: fastp.html

fastp -i /share/home/shli24/2025OVX/data/org_data/S85_Liver_1.fq.gz -I /share/home/shli24/2025OVX/data/org_data/S85_Liver_2.fq.gz -o /share/home/shli24/Tissue_com/data/E2_RNA/cleanData/S85_Liver_1_clean.fq.gz -O /share/home/shli24/Tissue_com/data/E2_RNA/cleanData/S85_Liver_2_clean.fq.gz 
fastp v0.23.4, time used: 380 seconds

TASK_INFO:
    JOB_ID:                     34305688
    JOB_NAME:                   fastp_S85_Liver
    TASK_NAME:                  rg0.0
    REPLICA:                    1
    TASKGROUP_NAME:             rg0
    SUBMIT_NODE:                cli-ARM-01
    EXEC_NODE:                  agent-ARM-27
    EXIT_CODE:                  0
    EXIT_MESSAGE:               Job execution succeeded

RESOURCE_USAGE_SUMMARY:
    REQ_CPU:                    2
    REQ_MEM:                    128
    REQ_GPU:                    0
    REQ_NPU:                    0
    USER_CPU_TIME:              467
    SYSTEM_CPU_TIME:            8
    MEMSW_MAX:                  2216
    SWAP_MAX:                   0
    MEM_MAX:                    2216
    MEM_AVG:                    1581
    MRUN_TIME:                  381
    SSTOPPED_TIME:              0
    CPU_UTIL_AVG(%):            124
    CPU_UTIL_RECENT(%):         174
    USER_CPU_TIME_SUM:          467
    SYSTEM_CPU_TIME_SUM:        8
    MEMSW_MAX_SUM:              2216
    SWAP_MAX_SUM:               0
    MEM_MAX_SUM:                2216
    MEM_AVG_SUM:                1581
    CPU_UTIL_AVG_SUM(%):        124
    CPU_UTIL_RECENT_SUM(%):     174
    GPU_SM_UTIL_AVG(%):         -
    GPU_SM_UTIL_RECENT(%):      -
    NPU_SM_MEM_SUM(MB):         -
    NPU_SM_AICORE_UTIL(%):      -

