Read1 before filtering:
total reads: 24146131
total bases: 3621919650
Q20 bases: 3577947681(98.7859%)
Q30 bases: 3316655999(91.5718%)

Read2 before filtering:
total reads: 24146131
total bases: 3621919650
Q20 bases: 3599349288(99.3768%)
Q30 bases: 3514987028(97.0476%)

Read1 after filtering:
total reads: 24146131
total bases: 3620112982
Q20 bases: 3576171795(98.7862%)
Q30 bases: 3315009555(91.572%)

Read2 after filtering:
total reads: 24146131
total bases: 3620112982
Q20 bases: 3597590624(99.3779%)
Q30 bases: 3513307381(97.0497%)

Filtering result:
reads passed filter: 48292262
reads failed due to low quality: 0
reads failed due to too many N: 0
reads failed due to too short: 0
reads with adapter trimmed: 229616
bases trimmed due to adapters: 3613336

Duplication rate: 24.9563%

Insert size peak (evaluated by paired-end reads): 264

JSON report: fastp.json
HTML report: fastp.html

fastp -i /share/home/shli24/2025OVX/data/org_data/O2_Heart_1.fq.gz -I /share/home/shli24/2025OVX/data/org_data/O2_Heart_2.fq.gz -o /share/home/shli24/Tissue_com/data/E2_RNA/cleanData/O2_Heart_1_clean.fq.gz -O /share/home/shli24/Tissue_com/data/E2_RNA/cleanData/O2_Heart_2_clean.fq.gz 
fastp v0.23.4, time used: 297 seconds

TASK_INFO:
    JOB_ID:                     34305660
    JOB_NAME:                   fastp_O2_Heart
    TASK_NAME:                  rg0.0
    REPLICA:                    1
    TASKGROUP_NAME:             rg0
    SUBMIT_NODE:                cli-ARM-01
    EXEC_NODE:                  agent-ARM-14
    EXIT_CODE:                  0
    EXIT_MESSAGE:               Job execution succeeded

RESOURCE_USAGE_SUMMARY:
    REQ_CPU:                    2
    REQ_MEM:                    128
    REQ_GPU:                    0
    REQ_NPU:                    0
    USER_CPU_TIME:              495
    SYSTEM_CPU_TIME:            8
    MEMSW_MAX:                  2012
    SWAP_MAX:                   0
    MEM_MAX:                    2012
    MEM_AVG:                    1613
    MRUN_TIME:                  299
    SSTOPPED_TIME:              0
    CPU_UTIL_AVG(%):            168
    CPU_UTIL_RECENT(%):         189
    USER_CPU_TIME_SUM:          495
    SYSTEM_CPU_TIME_SUM:        8
    MEMSW_MAX_SUM:              2012
    SWAP_MAX_SUM:               0
    MEM_MAX_SUM:                2012
    MEM_AVG_SUM:                1613
    CPU_UTIL_AVG_SUM(%):        168
    CPU_UTIL_RECENT_SUM(%):     189
    GPU_SM_UTIL_AVG(%):         -
    GPU_SM_UTIL_RECENT(%):      -
    NPU_SM_MEM_SUM(MB):         -
    NPU_SM_AICORE_UTIL(%):      -

