Read1 before filtering:
total reads: 24117831
total bases: 3617674650
Q20 bases: 3580019720(98.9591%)
Q30 bases: 3362524236(92.9471%)

Read2 before filtering:
total reads: 24117831
total bases: 3617674650
Q20 bases: 3597339180(99.4379%)
Q30 bases: 3523789195(97.4048%)

Read1 after filtering:
total reads: 24117831
total bases: 3616071691
Q20 bases: 3578443354(98.9594%)
Q30 bases: 3361051127(92.9476%)

Read2 after filtering:
total reads: 24117831
total bases: 3616071691
Q20 bases: 3595781365(99.4389%)
Q30 bases: 3522302646(97.4069%)

Filtering result:
reads passed filter: 48235662
reads failed due to low quality: 0
reads failed due to too many N: 0
reads failed due to too short: 0
reads with adapter trimmed: 257428
bases trimmed due to adapters: 3205918

Duplication rate: 42.9097%

Insert size peak (evaluated by paired-end reads): 263

JSON report: fastp.json
HTML report: fastp.html

fastp -i /share/home/shli24/2025OVX/data/org_data/O3_Heart_1.fq.gz -I /share/home/shli24/2025OVX/data/org_data/O3_Heart_2.fq.gz -o /share/home/shli24/Tissue_com/data/E2_RNA/cleanData/O3_Heart_1_clean.fq.gz -O /share/home/shli24/Tissue_com/data/E2_RNA/cleanData/O3_Heart_2_clean.fq.gz 
fastp v0.23.4, time used: 230 seconds

TASK_INFO:
    JOB_ID:                     34305665
    JOB_NAME:                   fastp_O3_Heart
    TASK_NAME:                  rg0.0
    REPLICA:                    1
    TASKGROUP_NAME:             rg0
    SUBMIT_NODE:                cli-ARM-01
    EXEC_NODE:                  agent-ARM-09
    EXIT_CODE:                  0
    EXIT_MESSAGE:               Job execution succeeded

RESOURCE_USAGE_SUMMARY:
    REQ_CPU:                    2
    REQ_MEM:                    128
    REQ_GPU:                    0
    REQ_NPU:                    0
    USER_CPU_TIME:              467
    SYSTEM_CPU_TIME:            8
    MEMSW_MAX:                  1968
    SWAP_MAX:                   0
    MEM_MAX:                    1968
    MEM_AVG:                    1480
    MRUN_TIME:                  233
    SSTOPPED_TIME:              0
    CPU_UTIL_AVG(%):            204
    CPU_UTIL_RECENT(%):         194
    USER_CPU_TIME_SUM:          467
    SYSTEM_CPU_TIME_SUM:        8
    MEMSW_MAX_SUM:              1968
    SWAP_MAX_SUM:               0
    MEM_MAX_SUM:                1968
    MEM_AVG_SUM:                1480
    CPU_UTIL_AVG_SUM(%):        204
    CPU_UTIL_RECENT_SUM(%):     194
    GPU_SM_UTIL_AVG(%):         -
    GPU_SM_UTIL_RECENT(%):      -
    NPU_SM_MEM_SUM(MB):         -
    NPU_SM_AICORE_UTIL(%):      -

