Read1 before filtering:
total reads: 24001097
total bases: 3600164550
Q20 bases: 3563393489(98.9786%)
Q30 bases: 3333544036(92.5942%)

Read2 before filtering:
total reads: 24001097
total bases: 3600164550
Q20 bases: 3575790225(99.323%)
Q30 bases: 3486912256(96.8542%)

Read1 after filtering:
total reads: 24001097
total bases: 3598150640
Q20 bases: 3561407012(98.9788%)
Q30 bases: 3331691031(92.5945%)

Read2 after filtering:
total reads: 24001097
total bases: 3598150640
Q20 bases: 3573811095(99.3236%)
Q30 bases: 3485011325(96.8556%)

Filtering result:
reads passed filter: 48002194
reads failed due to low quality: 0
reads failed due to too many N: 0
reads failed due to too short: 0
reads with adapter trimmed: 354054
bases trimmed due to adapters: 4027820

Duplication rate: 10.8321%

Insert size peak (evaluated by paired-end reads): 243

JSON report: fastp.json
HTML report: fastp.html

fastp -i /share/home/shli24/2025OVX/data/org_data/T52_Lung_1.fq.gz -I /share/home/shli24/2025OVX/data/org_data/T52_Lung_2.fq.gz -o /share/home/shli24/Tissue_com/data/E2_RNA/cleanData/T52_Lung_1_clean.fq.gz -O /share/home/shli24/Tissue_com/data/E2_RNA/cleanData/T52_Lung_2_clean.fq.gz 
fastp v0.23.4, time used: 237 seconds

TASK_INFO:
    JOB_ID:                     34305704
    JOB_NAME:                   fastp_T52_Lung
    TASK_NAME:                  rg0.0
    REPLICA:                    1
    TASKGROUP_NAME:             rg0
    SUBMIT_NODE:                cli-ARM-01
    EXEC_NODE:                  agent-ARM-09
    EXIT_CODE:                  0
    EXIT_MESSAGE:               Job execution succeeded

RESOURCE_USAGE_SUMMARY:
    REQ_CPU:                    2
    REQ_MEM:                    128
    REQ_GPU:                    0
    REQ_NPU:                    0
    USER_CPU_TIME:              479
    SYSTEM_CPU_TIME:            8
    MEMSW_MAX:                  2046
    SWAP_MAX:                   0
    MEM_MAX:                    2046
    MEM_AVG:                    1574
    MRUN_TIME:                  238
    SSTOPPED_TIME:              0
    CPU_UTIL_AVG(%):            204
    CPU_UTIL_RECENT(%):         195
    USER_CPU_TIME_SUM:          479
    SYSTEM_CPU_TIME_SUM:        8
    MEMSW_MAX_SUM:              2046
    SWAP_MAX_SUM:               0
    MEM_MAX_SUM:                2046
    MEM_AVG_SUM:                1574
    CPU_UTIL_AVG_SUM(%):        204
    CPU_UTIL_RECENT_SUM(%):     195
    GPU_SM_UTIL_AVG(%):         -
    GPU_SM_UTIL_RECENT(%):      -
    NPU_SM_MEM_SUM(MB):         -
    NPU_SM_AICORE_UTIL(%):      -

