Read1 before filtering:
total reads: 24087448
total bases: 3613117200
Q20 bases: 3574573854(98.9332%)
Q30 bases: 3359826368(92.9897%)

Read2 before filtering:
total reads: 24087448
total bases: 3613117200
Q20 bases: 3594153469(99.4751%)
Q30 bases: 3526961459(97.6155%)

Read1 after filtering:
total reads: 24087448
total bases: 3611086712
Q20 bases: 3572570853(98.9334%)
Q30 bases: 3357948305(92.99%)

Read2 after filtering:
total reads: 24087448
total bases: 3611086712
Q20 bases: 3592157803(99.4758%)
Q30 bases: 3525037807(97.6171%)

Filtering result:
reads passed filter: 48174896
reads failed due to low quality: 0
reads failed due to too many N: 0
reads failed due to too short: 0
reads with adapter trimmed: 300778
bases trimmed due to adapters: 4060976

Duplication rate: 31.632%

Insert size peak (evaluated by paired-end reads): 247

JSON report: fastp.json
HTML report: fastp.html

fastp -i /share/home/shli24/2025OVX/data/org_data/T59_Kidney_1.fq.gz -I /share/home/shli24/2025OVX/data/org_data/T59_Kidney_2.fq.gz -o /share/home/shli24/Tissue_com/data/E2_RNA/cleanData/T59_Kidney_1_clean.fq.gz -O /share/home/shli24/Tissue_com/data/E2_RNA/cleanData/T59_Kidney_2_clean.fq.gz 
fastp v0.23.4, time used: 396 seconds

TASK_INFO:
    JOB_ID:                     34305708
    JOB_NAME:                   fastp_T59_Kidney
    TASK_NAME:                  rg0.0
    REPLICA:                    1
    TASKGROUP_NAME:             rg0
    SUBMIT_NODE:                cli-ARM-01
    EXEC_NODE:                  agent-ARM-27
    EXIT_CODE:                  0
    EXIT_MESSAGE:               Job execution succeeded

RESOURCE_USAGE_SUMMARY:
    REQ_CPU:                    2
    REQ_MEM:                    128
    REQ_GPU:                    0
    REQ_NPU:                    0
    USER_CPU_TIME:              471
    SYSTEM_CPU_TIME:            9
    MEMSW_MAX:                  1895
    SWAP_MAX:                   0
    MEM_MAX:                    1895
    MEM_AVG:                    1519
    MRUN_TIME:                  400
    SSTOPPED_TIME:              0
    CPU_UTIL_AVG(%):            120
    CPU_UTIL_RECENT(%):         160
    USER_CPU_TIME_SUM:          471
    SYSTEM_CPU_TIME_SUM:        9
    MEMSW_MAX_SUM:              1895
    SWAP_MAX_SUM:               0
    MEM_MAX_SUM:                1895
    MEM_AVG_SUM:                1519
    CPU_UTIL_AVG_SUM(%):        120
    CPU_UTIL_RECENT_SUM(%):     160
    GPU_SM_UTIL_AVG(%):         -
    GPU_SM_UTIL_RECENT(%):      -
    NPU_SM_MEM_SUM(MB):         -
    NPU_SM_AICORE_UTIL(%):      -

