Read1 before filtering:
total reads: 24074577
total bases: 3611186550
Q20 bases: 3569641745(98.8496%)
Q30 bases: 3341069552(92.52%)

Read2 before filtering:
total reads: 24074577
total bases: 3611186550
Q20 bases: 3591038276(99.4421%)
Q30 bases: 3517275788(97.3994%)

Read1 after filtering:
total reads: 24074577
total bases: 3609605017
Q20 bases: 3568086413(98.8498%)
Q30 bases: 3339621518(92.5204%)

Read2 after filtering:
total reads: 24074577
total bases: 3609605017
Q20 bases: 3589497283(99.4429%)
Q30 bases: 3515803807(97.4013%)

Filtering result:
reads passed filter: 48149154
reads failed due to low quality: 0
reads failed due to too many N: 0
reads failed due to too short: 0
reads with adapter trimmed: 272042
bases trimmed due to adapters: 3163066

Duplication rate: 40.9751%

Insert size peak (evaluated by paired-end reads): 264

JSON report: fastp.json
HTML report: fastp.html

fastp -i /share/home/shli24/2025OVX/data/org_data/T51_Liver_1.fq.gz -I /share/home/shli24/2025OVX/data/org_data/T51_Liver_2.fq.gz -o /share/home/shli24/Tissue_com/data/E2_RNA/cleanData/T51_Liver_1_clean.fq.gz -O /share/home/shli24/Tissue_com/data/E2_RNA/cleanData/T51_Liver_2_clean.fq.gz 
fastp v0.23.4, time used: 453 seconds

TASK_INFO:
    JOB_ID:                     34305699
    JOB_NAME:                   fastp_T51_Liver
    TASK_NAME:                  rg0.0
    REPLICA:                    1
    TASKGROUP_NAME:             rg0
    SUBMIT_NODE:                cli-ARM-01
    EXEC_NODE:                  agent-ARM-27
    EXIT_CODE:                  0
    EXIT_MESSAGE:               Job execution succeeded

RESOURCE_USAGE_SUMMARY:
    REQ_CPU:                    2
    REQ_MEM:                    128
    REQ_GPU:                    0
    REQ_NPU:                    0
    USER_CPU_TIME:              473
    SYSTEM_CPU_TIME:            13
    MEMSW_MAX:                  2122
    SWAP_MAX:                   0
    MEM_MAX:                    2122
    MEM_AVG:                    1538
    MRUN_TIME:                  453
    SSTOPPED_TIME:              0
    CPU_UTIL_AVG(%):            107
    CPU_UTIL_RECENT(%):         57
    USER_CPU_TIME_SUM:          473
    SYSTEM_CPU_TIME_SUM:        13
    MEMSW_MAX_SUM:              2122
    SWAP_MAX_SUM:               0
    MEM_MAX_SUM:                2122
    MEM_AVG_SUM:                1538
    CPU_UTIL_AVG_SUM(%):        107
    CPU_UTIL_RECENT_SUM(%):     57
    GPU_SM_UTIL_AVG(%):         -
    GPU_SM_UTIL_RECENT(%):      -
    NPU_SM_MEM_SUM(MB):         -
    NPU_SM_AICORE_UTIL(%):      -

