Read1 before filtering:
total reads: 24004427
total bases: 3600664050
Q20 bases: 3549944007(98.5914%)
Q30 bases: 3252937026(90.3427%)

Read2 before filtering:
total reads: 24004427
total bases: 3600664050
Q20 bases: 3572169720(99.2086%)
Q30 bases: 3463379467(96.1872%)

Read1 after filtering:
total reads: 24004427
total bases: 3598871183
Q20 bases: 3548186672(98.5917%)
Q30 bases: 3251321126(90.3428%)

Read2 after filtering:
total reads: 24004427
total bases: 3598871183
Q20 bases: 3570426875(99.2096%)
Q30 bases: 3461728163(96.1893%)

Filtering result:
reads passed filter: 48008854
reads failed due to low quality: 0
reads failed due to too many N: 0
reads failed due to too short: 0
reads with adapter trimmed: 172544
bases trimmed due to adapters: 3585734

Duplication rate: 36.7845%

Insert size peak (evaluated by paired-end reads): 266

JSON report: fastp.json
HTML report: fastp.html

fastp -i /share/home/shli24/2025OVX/data/org_data/S85_Kidney_1.fq.gz -I /share/home/shli24/2025OVX/data/org_data/S85_Kidney_2.fq.gz -o /share/home/shli24/Tissue_com/data/E2_RNA/cleanData/S85_Kidney_1_clean.fq.gz -O /share/home/shli24/Tissue_com/data/E2_RNA/cleanData/S85_Kidney_2_clean.fq.gz 
fastp v0.23.4, time used: 322 seconds

TASK_INFO:
    JOB_ID:                     34305687
    JOB_NAME:                   fastp_S85_Kidney
    TASK_NAME:                  rg0.0
    REPLICA:                    1
    TASKGROUP_NAME:             rg0
    SUBMIT_NODE:                cli-ARM-01
    EXEC_NODE:                  agent-ARM-27
    EXIT_CODE:                  0
    EXIT_MESSAGE:               Job execution succeeded

RESOURCE_USAGE_SUMMARY:
    REQ_CPU:                    2
    REQ_MEM:                    128
    REQ_GPU:                    0
    REQ_NPU:                    0
    USER_CPU_TIME:              493
    SYSTEM_CPU_TIME:            6
    MEMSW_MAX:                  2152
    SWAP_MAX:                   0
    MEM_MAX:                    2152
    MEM_AVG:                    1603
    MRUN_TIME:                  323
    SSTOPPED_TIME:              0
    CPU_UTIL_AVG(%):            154
    CPU_UTIL_RECENT(%):         186
    USER_CPU_TIME_SUM:          493
    SYSTEM_CPU_TIME_SUM:        6
    MEMSW_MAX_SUM:              2152
    SWAP_MAX_SUM:               0
    MEM_MAX_SUM:                2152
    MEM_AVG_SUM:                1603
    CPU_UTIL_AVG_SUM(%):        154
    CPU_UTIL_RECENT_SUM(%):     186
    GPU_SM_UTIL_AVG(%):         -
    GPU_SM_UTIL_RECENT(%):      -
    NPU_SM_MEM_SUM(MB):         -
    NPU_SM_AICORE_UTIL(%):      -

