Read1 before filtering:
total reads: 24069844
total bases: 3610476600
Q20 bases: 3565096409(98.7431%)
Q30 bases: 3301696078(91.4477%)

Read2 before filtering:
total reads: 24069844
total bases: 3610476600
Q20 bases: 3588747214(99.3982%)
Q30 bases: 3506635239(97.1239%)

Read1 after filtering:
total reads: 24069844
total bases: 3608767903
Q20 bases: 3563422708(98.7435%)
Q30 bases: 3300155562(91.4483%)

Read2 after filtering:
total reads: 24069844
total bases: 3608767903
Q20 bases: 3587093900(99.3994%)
Q30 bases: 3505066145(97.1264%)

Filtering result:
reads passed filter: 48139688
reads failed due to low quality: 0
reads failed due to too many N: 0
reads failed due to too short: 0
reads with adapter trimmed: 230548
bases trimmed due to adapters: 3417394

Duplication rate: 41.014%

Insert size peak (evaluated by paired-end reads): 263

JSON report: fastp.json
HTML report: fastp.html

fastp -i /share/home/shli24/2025OVX/data/org_data/S87_Heart_1.fq.gz -I /share/home/shli24/2025OVX/data/org_data/S87_Heart_2.fq.gz -o /share/home/shli24/Tissue_com/data/E2_RNA/cleanData/S87_Heart_1_clean.fq.gz -O /share/home/shli24/Tissue_com/data/E2_RNA/cleanData/S87_Heart_2_clean.fq.gz 
fastp v0.23.4, time used: 378 seconds

TASK_INFO:
    JOB_ID:                     34305691
    JOB_NAME:                   fastp_S87_Heart
    TASK_NAME:                  rg0.0
    REPLICA:                    1
    TASKGROUP_NAME:             rg0
    SUBMIT_NODE:                cli-ARM-01
    EXEC_NODE:                  agent-ARM-27
    EXIT_CODE:                  0
    EXIT_MESSAGE:               Job execution succeeded

RESOURCE_USAGE_SUMMARY:
    REQ_CPU:                    2
    REQ_MEM:                    128
    REQ_GPU:                    0
    REQ_NPU:                    0
    USER_CPU_TIME:              476
    SYSTEM_CPU_TIME:            7
    MEMSW_MAX:                  2103
    SWAP_MAX:                   0
    MEM_MAX:                    2103
    MEM_AVG:                    1466
    MRUN_TIME:                  379
    SSTOPPED_TIME:              0
    CPU_UTIL_AVG(%):            127
    CPU_UTIL_RECENT(%):         174
    USER_CPU_TIME_SUM:          476
    SYSTEM_CPU_TIME_SUM:        7
    MEMSW_MAX_SUM:              2103
    SWAP_MAX_SUM:               0
    MEM_MAX_SUM:                2103
    MEM_AVG_SUM:                1466
    CPU_UTIL_AVG_SUM(%):        127
    CPU_UTIL_RECENT_SUM(%):     174
    GPU_SM_UTIL_AVG(%):         -
    GPU_SM_UTIL_RECENT(%):      -
    NPU_SM_MEM_SUM(MB):         -
    NPU_SM_AICORE_UTIL(%):      -

