Read1 before filtering:
total reads: 24147641
total bases: 3622146150
Q20 bases: 3581181267(98.869%)
Q30 bases: 3327457386(91.8642%)

Read2 before filtering:
total reads: 24147641
total bases: 3622146150
Q20 bases: 3592710444(99.1873%)
Q30 bases: 3486165177(96.2458%)

Read1 after filtering:
total reads: 24147641
total bases: 3620232123
Q20 bases: 3579297573(98.8693%)
Q30 bases: 3325705121(91.8644%)

Read2 after filtering:
total reads: 24147641
total bases: 3620232123
Q20 bases: 3590850082(99.1884%)
Q30 bases: 3484400332(96.248%)

Filtering result:
reads passed filter: 48295282
reads failed due to low quality: 0
reads failed due to too many N: 0
reads failed due to too short: 0
reads with adapter trimmed: 306250
bases trimmed due to adapters: 3828054

Duplication rate: 5.04402%

Insert size peak (evaluated by paired-end reads): 266

JSON report: fastp.json
HTML report: fastp.html

fastp -i /share/home/shli24/2025OVX/data/org_data/T69_Spleen_1.fq.gz -I /share/home/shli24/2025OVX/data/org_data/T69_Spleen_2.fq.gz -o /share/home/shli24/Tissue_com/data/E2_RNA/cleanData/T69_Spleen_1_clean.fq.gz -O /share/home/shli24/Tissue_com/data/E2_RNA/cleanData/T69_Spleen_2_clean.fq.gz 
fastp v0.23.4, time used: 264 seconds

TASK_INFO:
    JOB_ID:                     34305721
    JOB_NAME:                   fastp_T69_Spleen
    TASK_NAME:                  rg0.0
    REPLICA:                    1
    TASKGROUP_NAME:             rg0
    SUBMIT_NODE:                cli-ARM-01
    EXEC_NODE:                  agent-ARM-27
    EXIT_CODE:                  0
    EXIT_MESSAGE:               Job execution succeeded

RESOURCE_USAGE_SUMMARY:
    REQ_CPU:                    2
    REQ_MEM:                    128
    REQ_GPU:                    0
    REQ_NPU:                    0
    USER_CPU_TIME:              499
    SYSTEM_CPU_TIME:            7
    MEMSW_MAX:                  2217
    SWAP_MAX:                   0
    MEM_MAX:                    2217
    MEM_AVG:                    1734
    MRUN_TIME:                  266
    SSTOPPED_TIME:              0
    CPU_UTIL_AVG(%):            190
    CPU_UTIL_RECENT(%):         92
    USER_CPU_TIME_SUM:          499
    SYSTEM_CPU_TIME_SUM:        7
    MEMSW_MAX_SUM:              2217
    SWAP_MAX_SUM:               0
    MEM_MAX_SUM:                2217
    MEM_AVG_SUM:                1734
    CPU_UTIL_AVG_SUM(%):        190
    CPU_UTIL_RECENT_SUM(%):     92
    GPU_SM_UTIL_AVG(%):         -
    GPU_SM_UTIL_RECENT(%):      -
    NPU_SM_MEM_SUM(MB):         -
    NPU_SM_AICORE_UTIL(%):      -

