Read1 before filtering:
total reads: 24107042
total bases: 3616056300
Q20 bases: 3576769585(98.9135%)
Q30 bases: 3357654056(92.854%)

Read2 before filtering:
total reads: 24107042
total bases: 3616056300
Q20 bases: 3595778775(99.4392%)
Q30 bases: 3521231032(97.3777%)

Read1 after filtering:
total reads: 24107042
total bases: 3614604831
Q20 bases: 3575345538(98.9139%)
Q30 bases: 3356327815(92.8546%)

Read2 after filtering:
total reads: 24107042
total bases: 3614604831
Q20 bases: 3594374135(99.4403%)
Q30 bases: 3519896225(97.3798%)

Filtering result:
reads passed filter: 48214084
reads failed due to low quality: 0
reads failed due to too many N: 0
reads failed due to too short: 0
reads with adapter trimmed: 312850
bases trimmed due to adapters: 2902938

Duplication rate: 37.7792%

Insert size peak (evaluated by paired-end reads): 235

JSON report: fastp.json
HTML report: fastp.html

fastp -i /share/home/shli24/2025OVX/data/org_data/S80_Heart_1.fq.gz -I /share/home/shli24/2025OVX/data/org_data/S80_Heart_2.fq.gz -o /share/home/shli24/Tissue_com/data/E2_RNA/cleanData/S80_Heart_1_clean.fq.gz -O /share/home/shli24/Tissue_com/data/E2_RNA/cleanData/S80_Heart_2_clean.fq.gz 
fastp v0.23.4, time used: 285 seconds

TASK_INFO:
    JOB_ID:                     34305681
    JOB_NAME:                   fastp_S80_Heart
    TASK_NAME:                  rg0.0
    REPLICA:                    1
    TASKGROUP_NAME:             rg0
    SUBMIT_NODE:                cli-ARM-01
    EXEC_NODE:                  agent-ARM-27
    EXIT_CODE:                  0
    EXIT_MESSAGE:               Job execution succeeded

RESOURCE_USAGE_SUMMARY:
    REQ_CPU:                    2
    REQ_MEM:                    128
    REQ_GPU:                    0
    REQ_NPU:                    0
    USER_CPU_TIME:              466
    SYSTEM_CPU_TIME:            5
    MEMSW_MAX:                  2162
    SWAP_MAX:                   0
    MEM_MAX:                    2162
    MEM_AVG:                    1572
    MRUN_TIME:                  286
    SSTOPPED_TIME:              0
    CPU_UTIL_AVG(%):            165
    CPU_UTIL_RECENT(%):         131
    USER_CPU_TIME_SUM:          466
    SYSTEM_CPU_TIME_SUM:        5
    MEMSW_MAX_SUM:              2162
    SWAP_MAX_SUM:               0
    MEM_MAX_SUM:                2162
    MEM_AVG_SUM:                1572
    CPU_UTIL_AVG_SUM(%):        165
    CPU_UTIL_RECENT_SUM(%):     131
    GPU_SM_UTIL_AVG(%):         -
    GPU_SM_UTIL_RECENT(%):      -
    NPU_SM_MEM_SUM(MB):         -
    NPU_SM_AICORE_UTIL(%):      -

