Read1 before filtering:
total reads: 24083337
total bases: 3612500550
Q20 bases: 3566181329(98.7178%)
Q30 bases: 3266278070(90.416%)

Read2 before filtering:
total reads: 24083337
total bases: 3612500550
Q20 bases: 3578632795(99.0625%)
Q30 bases: 3452022215(95.5577%)

Read1 after filtering:
total reads: 24083337
total bases: 3610637413
Q20 bases: 3564349492(98.718%)
Q30 bases: 3264592515(90.416%)

Read2 after filtering:
total reads: 24083337
total bases: 3610637413
Q20 bases: 3576814897(99.0633%)
Q30 bases: 3450296541(95.5592%)

Filtering result:
reads passed filter: 48166674
reads failed due to low quality: 0
reads failed due to too many N: 0
reads failed due to too short: 0
reads with adapter trimmed: 216036
bases trimmed due to adapters: 3726274

Duplication rate: 5.06617%

Insert size peak (evaluated by paired-end reads): 265

JSON report: fastp.json
HTML report: fastp.html

fastp -i /share/home/shli24/2025OVX/data/org_data/T79_Spleen_1.fq.gz -I /share/home/shli24/2025OVX/data/org_data/T79_Spleen_2.fq.gz -o /share/home/shli24/Tissue_com/data/E2_RNA/cleanData/T79_Spleen_1_clean.fq.gz -O /share/home/shli24/Tissue_com/data/E2_RNA/cleanData/T79_Spleen_2_clean.fq.gz 
fastp v0.23.4, time used: 267 seconds

TASK_INFO:
    JOB_ID:                     34305729
    JOB_NAME:                   fastp_T79_Spleen
    TASK_NAME:                  rg0.0
    REPLICA:                    1
    TASKGROUP_NAME:             rg0
    SUBMIT_NODE:                cli-ARM-01
    EXEC_NODE:                  agent-ARM-27
    EXIT_CODE:                  0
    EXIT_MESSAGE:               Job execution succeeded

RESOURCE_USAGE_SUMMARY:
    REQ_CPU:                    2
    REQ_MEM:                    128
    REQ_GPU:                    0
    REQ_NPU:                    0
    USER_CPU_TIME:              512
    SYSTEM_CPU_TIME:            7
    MEMSW_MAX:                  2140
    SWAP_MAX:                   0
    MEM_MAX:                    2140
    MEM_AVG:                    1644
    MRUN_TIME:                  268
    SSTOPPED_TIME:              0
    CPU_UTIL_AVG(%):            193
    CPU_UTIL_RECENT(%):         102
    USER_CPU_TIME_SUM:          512
    SYSTEM_CPU_TIME_SUM:        7
    MEMSW_MAX_SUM:              2140
    SWAP_MAX_SUM:               0
    MEM_MAX_SUM:                2140
    MEM_AVG_SUM:                1644
    CPU_UTIL_AVG_SUM(%):        193
    CPU_UTIL_RECENT_SUM(%):     102
    GPU_SM_UTIL_AVG(%):         -
    GPU_SM_UTIL_RECENT(%):      -
    NPU_SM_MEM_SUM(MB):         -
    NPU_SM_AICORE_UTIL(%):      -

