Read1 before filtering:
total reads: 24073887
total bases: 3611083050
Q20 bases: 3574665811(98.9915%)
Q30 bases: 3368942677(93.2945%)

Read2 before filtering:
total reads: 24073887
total bases: 3611083050
Q20 bases: 3592562760(99.4871%)
Q30 bases: 3525439582(97.6283%)

Read1 after filtering:
total reads: 24073887
total bases: 3609504976
Q20 bases: 3573117306(98.9919%)
Q30 bases: 3367497573(93.2953%)

Read2 after filtering:
total reads: 24073887
total bases: 3609504976
Q20 bases: 3591038810(99.4884%)
Q30 bases: 3523992357(97.6309%)

Filtering result:
reads passed filter: 48147774
reads failed due to low quality: 0
reads failed due to too many N: 0
reads failed due to too short: 0
reads with adapter trimmed: 300074
bases trimmed due to adapters: 3156148

Duplication rate: 43.5781%

Insert size peak (evaluated by paired-end reads): 263

JSON report: fastp.json
HTML report: fastp.html

fastp -i /share/home/shli24/2025OVX/data/org_data/T79_Heart_1.fq.gz -I /share/home/shli24/2025OVX/data/org_data/T79_Heart_2.fq.gz -o /share/home/shli24/Tissue_com/data/E2_RNA/cleanData/T79_Heart_1_clean.fq.gz -O /share/home/shli24/Tissue_com/data/E2_RNA/cleanData/T79_Heart_2_clean.fq.gz 
fastp v0.23.4, time used: 252 seconds

TASK_INFO:
    JOB_ID:                     34305725
    JOB_NAME:                   fastp_T79_Heart
    TASK_NAME:                  rg0.0
    REPLICA:                    1
    TASKGROUP_NAME:             rg0
    SUBMIT_NODE:                cli-ARM-01
    EXEC_NODE:                  agent-ARM-27
    EXIT_CODE:                  0
    EXIT_MESSAGE:               Job execution succeeded

RESOURCE_USAGE_SUMMARY:
    REQ_CPU:                    2
    REQ_MEM:                    128
    REQ_GPU:                    0
    REQ_NPU:                    0
    USER_CPU_TIME:              468
    SYSTEM_CPU_TIME:            7
    MEMSW_MAX:                  2223
    SWAP_MAX:                   0
    MEM_MAX:                    2223
    MEM_AVG:                    1743
    MRUN_TIME:                  254
    SSTOPPED_TIME:              0
    CPU_UTIL_AVG(%):            187
    CPU_UTIL_RECENT(%):         166
    USER_CPU_TIME_SUM:          468
    SYSTEM_CPU_TIME_SUM:        7
    MEMSW_MAX_SUM:              2223
    SWAP_MAX_SUM:               0
    MEM_MAX_SUM:                2223
    MEM_AVG_SUM:                1743
    CPU_UTIL_AVG_SUM(%):        187
    CPU_UTIL_RECENT_SUM(%):     166
    GPU_SM_UTIL_AVG(%):         -
    GPU_SM_UTIL_RECENT(%):      -
    NPU_SM_MEM_SUM(MB):         -
    NPU_SM_AICORE_UTIL(%):      -

