Read1 before filtering:
total reads: 24000595
total bases: 3600089250
Q20 bases: 3563559952(98.9853%)
Q30 bases: 3346295320(92.9503%)

Read2 before filtering:
total reads: 24000595
total bases: 3600089250
Q20 bases: 3580272602(99.4496%)
Q30 bases: 3510168650(97.5023%)

Read1 after filtering:
total reads: 24000595
total bases: 3597929692
Q20 bases: 3561429567(98.9855%)
Q30 bases: 3344299337(92.9507%)

Read2 after filtering:
total reads: 24000595
total bases: 3597929692
Q20 bases: 3578155838(99.4504%)
Q30 bases: 3508131180(97.5042%)

Filtering result:
reads passed filter: 48001190
reads failed due to low quality: 0
reads failed due to too many N: 0
reads failed due to too short: 0
reads with adapter trimmed: 378652
bases trimmed due to adapters: 4319116

Duplication rate: 14.138%

Insert size peak (evaluated by paired-end reads): 243

JSON report: fastp.json
HTML report: fastp.html

fastp -i /share/home/shli24/2025OVX/data/org_data/S72_Lung_1.fq.gz -I /share/home/shli24/2025OVX/data/org_data/S72_Lung_2.fq.gz -o /share/home/shli24/Tissue_com/data/E2_RNA/cleanData/S72_Lung_1_clean.fq.gz -O /share/home/shli24/Tissue_com/data/E2_RNA/cleanData/S72_Lung_2_clean.fq.gz 
fastp v0.23.4, time used: 313 seconds

TASK_INFO:
    JOB_ID:                     34305679
    JOB_NAME:                   fastp_S72_Lung
    TASK_NAME:                  rg0.0
    REPLICA:                    1
    TASKGROUP_NAME:             rg0
    SUBMIT_NODE:                cli-ARM-01
    EXEC_NODE:                  agent-ARM-27
    EXIT_CODE:                  0
    EXIT_MESSAGE:               Job execution succeeded

RESOURCE_USAGE_SUMMARY:
    REQ_CPU:                    2
    REQ_MEM:                    128
    REQ_GPU:                    0
    REQ_NPU:                    0
    USER_CPU_TIME:              473
    SYSTEM_CPU_TIME:            9
    MEMSW_MAX:                  2177
    SWAP_MAX:                   0
    MEM_MAX:                    2177
    MEM_AVG:                    1651
    MRUN_TIME:                  313
    SSTOPPED_TIME:              0
    CPU_UTIL_AVG(%):            154
    CPU_UTIL_RECENT(%):         165
    USER_CPU_TIME_SUM:          473
    SYSTEM_CPU_TIME_SUM:        9
    MEMSW_MAX_SUM:              2177
    SWAP_MAX_SUM:               0
    MEM_MAX_SUM:                2177
    MEM_AVG_SUM:                1651
    CPU_UTIL_AVG_SUM(%):        154
    CPU_UTIL_RECENT_SUM(%):     165
    GPU_SM_UTIL_AVG(%):         -
    GPU_SM_UTIL_RECENT(%):      -
    NPU_SM_MEM_SUM(MB):         -
    NPU_SM_AICORE_UTIL(%):      -

