Read1 before filtering:
total reads: 24081173
total bases: 3612175950
Q20 bases: 3573214511(98.9214%)
Q30 bases: 3334153797(92.3032%)

Read2 before filtering:
total reads: 24081173
total bases: 3612175950
Q20 bases: 3588925717(99.3563%)
Q30 bases: 3502740598(96.9704%)

Read1 after filtering:
total reads: 24081173
total bases: 3610076700
Q20 bases: 3571143686(98.9215%)
Q30 bases: 3332217932(92.3032%)

Read2 after filtering:
total reads: 24081173
total bases: 3610076700
Q20 bases: 3586861346(99.3569%)
Q30 bases: 3500755526(96.9718%)

Filtering result:
reads passed filter: 48162346
reads failed due to low quality: 0
reads failed due to too many N: 0
reads failed due to too short: 0
reads with adapter trimmed: 214680
bases trimmed due to adapters: 4198500

Duplication rate: 23.326%

Insert size peak (evaluated by paired-end reads): 266

JSON report: fastp.json
HTML report: fastp.html

fastp -i /share/home/shli24/2025OVX/data/org_data/T51_Lung_1.fq.gz -I /share/home/shli24/2025OVX/data/org_data/T51_Lung_2.fq.gz -o /share/home/shli24/Tissue_com/data/E2_RNA/cleanData/T51_Lung_1_clean.fq.gz -O /share/home/shli24/Tissue_com/data/E2_RNA/cleanData/T51_Lung_2_clean.fq.gz 
fastp v0.23.4, time used: 325 seconds

TASK_INFO:
    JOB_ID:                     34305700
    JOB_NAME:                   fastp_T51_Lung
    TASK_NAME:                  rg0.0
    REPLICA:                    1
    TASKGROUP_NAME:             rg0
    SUBMIT_NODE:                cli-ARM-01
    EXEC_NODE:                  agent-ARM-27
    EXIT_CODE:                  0
    EXIT_MESSAGE:               Job execution succeeded

RESOURCE_USAGE_SUMMARY:
    REQ_CPU:                    2
    REQ_MEM:                    128
    REQ_GPU:                    0
    REQ_NPU:                    0
    USER_CPU_TIME:              481
    SYSTEM_CPU_TIME:            10
    MEMSW_MAX:                  2160
    SWAP_MAX:                   0
    MEM_MAX:                    2160
    MEM_AVG:                    1525
    MRUN_TIME:                  326
    SSTOPPED_TIME:              0
    CPU_UTIL_AVG(%):            150
    CPU_UTIL_RECENT(%):         123
    USER_CPU_TIME_SUM:          481
    SYSTEM_CPU_TIME_SUM:        10
    MEMSW_MAX_SUM:              2160
    SWAP_MAX_SUM:               0
    MEM_MAX_SUM:                2160
    MEM_AVG_SUM:                1525
    CPU_UTIL_AVG_SUM(%):        150
    CPU_UTIL_RECENT_SUM(%):     123
    GPU_SM_UTIL_AVG(%):         -
    GPU_SM_UTIL_RECENT(%):      -
    NPU_SM_MEM_SUM(MB):         -
    NPU_SM_AICORE_UTIL(%):      -

