Read1 before filtering:
total reads: 24089019
total bases: 3613352850
Q20 bases: 3481343240(96.3466%)
Q30 bases: 3246564861(89.8491%)

Read2 before filtering:
total reads: 24089019
total bases: 3613352850
Q20 bases: 3494665603(96.7153%)
Q30 bases: 3269888755(90.4946%)

Read1 after filtering:
total reads: 24089019
total bases: 3611627119
Q20 bases: 3479738599(96.3482%)
Q30 bases: 3245112411(89.8518%)

Read2 after filtering:
total reads: 24089019
total bases: 3611627119
Q20 bases: 3493075982(96.7175%)
Q30 bases: 3268473925(90.4987%)

Filtering result:
reads passed filter: 48178038
reads failed due to low quality: 0
reads failed due to too many N: 0
reads failed due to too short: 0
reads with adapter trimmed: 478610
bases trimmed due to adapters: 3451462

Duplication rate: 12.882%

Insert size peak (evaluated by paired-end reads): 230

JSON report: fastp.json
HTML report: fastp.html

fastp -i /share/home/shli24/2025OVX/data/org_data/O5_Heart_1.fq.gz -I /share/home/shli24/2025OVX/data/org_data/O5_Heart_2.fq.gz -o /share/home/shli24/Tissue_com/data/E2_RNA/cleanData/O5_Heart_1_clean.fq.gz -O /share/home/shli24/Tissue_com/data/E2_RNA/cleanData/O5_Heart_2_clean.fq.gz 
fastp v0.23.4, time used: 358 seconds

TASK_INFO:
    JOB_ID:                     34305674
    JOB_NAME:                   fastp_O5_Heart
    TASK_NAME:                  rg0.0
    REPLICA:                    1
    TASKGROUP_NAME:             rg0
    SUBMIT_NODE:                cli-ARM-01
    EXEC_NODE:                  agent-ARM-27
    EXIT_CODE:                  0
    EXIT_MESSAGE:               Job execution succeeded

RESOURCE_USAGE_SUMMARY:
    REQ_CPU:                    2
    REQ_MEM:                    128
    REQ_GPU:                    0
    REQ_NPU:                    0
    USER_CPU_TIME:              505
    SYSTEM_CPU_TIME:            8
    MEMSW_MAX:                  2123
    SWAP_MAX:                   0
    MEM_MAX:                    2123
    MEM_AVG:                    1664
    MRUN_TIME:                  359
    SSTOPPED_TIME:              0
    CPU_UTIL_AVG(%):            143
    CPU_UTIL_RECENT(%):         103
    USER_CPU_TIME_SUM:          505
    SYSTEM_CPU_TIME_SUM:        8
    MEMSW_MAX_SUM:              2123
    SWAP_MAX_SUM:               0
    MEM_MAX_SUM:                2123
    MEM_AVG_SUM:                1664
    CPU_UTIL_AVG_SUM(%):        143
    CPU_UTIL_RECENT_SUM(%):     103
    GPU_SM_UTIL_AVG(%):         -
    GPU_SM_UTIL_RECENT(%):      -
    NPU_SM_MEM_SUM(MB):         -
    NPU_SM_AICORE_UTIL(%):      -

