Read1 before filtering:
total reads: 24024569
total bases: 3603685350
Q20 bases: 3454715325(95.8662%)
Q30 bases: 3197008603(88.715%)

Read2 before filtering:
total reads: 24024569
total bases: 3603685350
Q20 bases: 3476111295(96.4599%)
Q30 bases: 3239514281(89.8945%)

Read1 after filtering:
total reads: 24024569
total bases: 3601772502
Q20 bases: 3452942257(95.8679%)
Q30 bases: 3195421152(88.718%)

Read2 after filtering:
total reads: 24024569
total bases: 3601772502
Q20 bases: 3474362157(96.4626%)
Q30 bases: 3237972170(89.8994%)

Filtering result:
reads passed filter: 48049138
reads failed due to low quality: 0
reads failed due to too many N: 0
reads failed due to too short: 0
reads with adapter trimmed: 298532
bases trimmed due to adapters: 3825696

Duplication rate: 2.67091%

Insert size peak (evaluated by paired-end reads): 262

JSON report: fastp.json
HTML report: fastp.html

fastp -i /share/home/shli24/2025OVX/data/org_data/T52_Spleen_1.fq.gz -I /share/home/shli24/2025OVX/data/org_data/T52_Spleen_2.fq.gz -o /share/home/shli24/Tissue_com/data/E2_RNA/cleanData/T52_Spleen_1_clean.fq.gz -O /share/home/shli24/Tissue_com/data/E2_RNA/cleanData/T52_Spleen_2_clean.fq.gz 
fastp v0.23.4, time used: 265 seconds

TASK_INFO:
    JOB_ID:                     34305705
    JOB_NAME:                   fastp_T52_Spleen
    TASK_NAME:                  rg0.0
    REPLICA:                    1
    TASKGROUP_NAME:             rg0
    SUBMIT_NODE:                cli-ARM-01
    EXEC_NODE:                  agent-ARM-13
    EXIT_CODE:                  0
    EXIT_MESSAGE:               Job execution succeeded

RESOURCE_USAGE_SUMMARY:
    REQ_CPU:                    2
    REQ_MEM:                    128
    REQ_GPU:                    0
    REQ_NPU:                    0
    USER_CPU_TIME:              520
    SYSTEM_CPU_TIME:            6
    MEMSW_MAX:                  2174
    SWAP_MAX:                   0
    MEM_MAX:                    2174
    MEM_AVG:                    1681
    MRUN_TIME:                  266
    SSTOPPED_TIME:              0
    CPU_UTIL_AVG(%):            197
    CPU_UTIL_RECENT(%):         155
    USER_CPU_TIME_SUM:          520
    SYSTEM_CPU_TIME_SUM:        6
    MEMSW_MAX_SUM:              2174
    SWAP_MAX_SUM:               0
    MEM_MAX_SUM:                2174
    MEM_AVG_SUM:                1681
    CPU_UTIL_AVG_SUM(%):        197
    CPU_UTIL_RECENT_SUM(%):     155
    GPU_SM_UTIL_AVG(%):         -
    GPU_SM_UTIL_RECENT(%):      -
    NPU_SM_MEM_SUM(MB):         -
    NPU_SM_AICORE_UTIL(%):      -

