Read1 before filtering:
total reads: 24066228
total bases: 3609934200
Q20 bases: 3571866627(98.9455%)
Q30 bases: 3337907614(92.4645%)

Read2 before filtering:
total reads: 24066228
total bases: 3609934200
Q20 bases: 3583115751(99.2571%)
Q30 bases: 3485902135(96.5641%)

Read1 after filtering:
total reads: 24066228
total bases: 3607676258
Q20 bases: 3569641630(98.9457%)
Q30 bases: 3335829178(92.4648%)

Read2 after filtering:
total reads: 24066228
total bases: 3607676258
Q20 bases: 3580913731(99.2582%)
Q30 bases: 3483805863(96.5665%)

Filtering result:
reads passed filter: 48132456
reads failed due to low quality: 0
reads failed due to too many N: 0
reads failed due to too short: 0
reads with adapter trimmed: 269156
bases trimmed due to adapters: 4515884

Duplication rate: 12.7959%

Insert size peak (evaluated by paired-end reads): 265

JSON report: fastp.json
HTML report: fastp.html

fastp -i /share/home/shli24/2025OVX/data/org_data/S87_Lung_1.fq.gz -I /share/home/shli24/2025OVX/data/org_data/S87_Lung_2.fq.gz -o /share/home/shli24/Tissue_com/data/E2_RNA/cleanData/S87_Lung_1_clean.fq.gz -O /share/home/shli24/Tissue_com/data/E2_RNA/cleanData/S87_Lung_2_clean.fq.gz 
fastp v0.23.4, time used: 436 seconds

TASK_INFO:
    JOB_ID:                     34305694
    JOB_NAME:                   fastp_S87_Lung
    TASK_NAME:                  rg0.0
    REPLICA:                    1
    TASKGROUP_NAME:             rg0
    SUBMIT_NODE:                cli-ARM-01
    EXEC_NODE:                  agent-ARM-27
    EXIT_CODE:                  0
    EXIT_MESSAGE:               Job execution succeeded

RESOURCE_USAGE_SUMMARY:
    REQ_CPU:                    2
    REQ_MEM:                    128
    REQ_GPU:                    0
    REQ_NPU:                    0
    USER_CPU_TIME:              487
    SYSTEM_CPU_TIME:            11
    MEMSW_MAX:                  2104
    SWAP_MAX:                   0
    MEM_MAX:                    2104
    MEM_AVG:                    1706
    MRUN_TIME:                  436
    SSTOPPED_TIME:              0
    CPU_UTIL_AVG(%):            114
    CPU_UTIL_RECENT(%):         40
    USER_CPU_TIME_SUM:          487
    SYSTEM_CPU_TIME_SUM:        11
    MEMSW_MAX_SUM:              2104
    SWAP_MAX_SUM:               0
    MEM_MAX_SUM:                2104
    MEM_AVG_SUM:                1706
    CPU_UTIL_AVG_SUM(%):        114
    CPU_UTIL_RECENT_SUM(%):     40
    GPU_SM_UTIL_AVG(%):         -
    GPU_SM_UTIL_RECENT(%):      -
    NPU_SM_MEM_SUM(MB):         -
    NPU_SM_AICORE_UTIL(%):      -

