Read1 before filtering:
total reads: 24002854
total bases: 3600428100
Q20 bases: 3561139000(98.9088%)
Q30 bases: 3323900649(92.3196%)

Read2 before filtering:
total reads: 24002854
total bases: 3600428100
Q20 bases: 3579871595(99.4291%)
Q30 bases: 3506621455(97.3946%)

Read1 after filtering:
total reads: 24002853
total bases: 3598491541
Q20 bases: 3559232982(98.909%)
Q30 bases: 3322123948(92.3199%)

Read2 after filtering:
total reads: 24002853
total bases: 3598491541
Q20 bases: 3577983418(99.4301%)
Q30 bases: 3504808273(97.3966%)

Filtering result:
reads passed filter: 48005706
reads failed due to low quality: 2
reads failed due to too many N: 0
reads failed due to too short: 0
reads with adapter trimmed: 221088
bases trimmed due to adapters: 3873042

Duplication rate: 13.5289%

Insert size peak (evaluated by paired-end reads): 263

JSON report: fastp.json
HTML report: fastp.html

fastp -i /share/home/shli24/2025OVX/data/org_data/O3_Spleen_1.fq.gz -I /share/home/shli24/2025OVX/data/org_data/O3_Spleen_2.fq.gz -o /share/home/shli24/Tissue_com/data/E2_RNA/cleanData/O3_Spleen_1_clean.fq.gz -O /share/home/shli24/Tissue_com/data/E2_RNA/cleanData/O3_Spleen_2_clean.fq.gz 
fastp v0.23.4, time used: 307 seconds

TASK_INFO:
    JOB_ID:                     34305669
    JOB_NAME:                   fastp_O3_Spleen
    TASK_NAME:                  rg0.0
    REPLICA:                    1
    TASKGROUP_NAME:             rg0
    SUBMIT_NODE:                cli-ARM-01
    EXEC_NODE:                  agent-ARM-27
    EXIT_CODE:                  0
    EXIT_MESSAGE:               Job execution succeeded

RESOURCE_USAGE_SUMMARY:
    REQ_CPU:                    2
    REQ_MEM:                    128
    REQ_GPU:                    0
    REQ_NPU:                    0
    USER_CPU_TIME:              493
    SYSTEM_CPU_TIME:            8
    MEMSW_MAX:                  2138
    SWAP_MAX:                   0
    MEM_MAX:                    2138
    MEM_AVG:                    1627
    MRUN_TIME:                  308
    SSTOPPED_TIME:              0
    CPU_UTIL_AVG(%):            162
    CPU_UTIL_RECENT(%):         164
    USER_CPU_TIME_SUM:          493
    SYSTEM_CPU_TIME_SUM:        8
    MEMSW_MAX_SUM:              2138
    SWAP_MAX_SUM:               0
    MEM_MAX_SUM:                2138
    MEM_AVG_SUM:                1627
    CPU_UTIL_AVG_SUM(%):        162
    CPU_UTIL_RECENT_SUM(%):     164
    GPU_SM_UTIL_AVG(%):         -
    GPU_SM_UTIL_RECENT(%):      -
    NPU_SM_MEM_SUM(MB):         -
    NPU_SM_AICORE_UTIL(%):      -

