Read1 before filtering:
total reads: 24042362
total bases: 3606354300
Q20 bases: 3489925968(96.7716%)
Q30 bases: 3269194254(90.6509%)

Read2 before filtering:
total reads: 24042362
total bases: 3606354300
Q20 bases: 3505017756(97.1901%)
Q30 bases: 3302501903(91.5745%)

Read1 after filtering:
total reads: 24042362
total bases: 3604464706
Q20 bases: 3488126750(96.7724%)
Q30 bases: 3267538426(90.6525%)

Read2 after filtering:
total reads: 24042362
total bases: 3604464706
Q20 bases: 3503238403(97.1916%)
Q30 bases: 3300889263(91.5778%)

Filtering result:
reads passed filter: 48084724
reads failed due to low quality: 0
reads failed due to too many N: 0
reads failed due to too short: 0
reads with adapter trimmed: 250514
bases trimmed due to adapters: 3779188

Duplication rate: 8.76304%

Insert size peak (evaluated by paired-end reads): 260

JSON report: fastp.json
HTML report: fastp.html

fastp -i /share/home/shli24/2025OVX/data/org_data/T55_Lung_1.fq.gz -I /share/home/shli24/2025OVX/data/org_data/T55_Lung_2.fq.gz -o /share/home/shli24/Tissue_com/data/E2_RNA/cleanData/T55_Lung_1_clean.fq.gz -O /share/home/shli24/Tissue_com/data/E2_RNA/cleanData/T55_Lung_2_clean.fq.gz 
fastp v0.23.4, time used: 253 seconds

TASK_INFO:
    JOB_ID:                     34305706
    JOB_NAME:                   fastp_T55_Lung
    TASK_NAME:                  rg0.0
    REPLICA:                    1
    TASKGROUP_NAME:             rg0
    SUBMIT_NODE:                cli-ARM-01
    EXEC_NODE:                  agent-ARM-03
    EXIT_CODE:                  0
    EXIT_MESSAGE:               Job execution succeeded

RESOURCE_USAGE_SUMMARY:
    REQ_CPU:                    2
    REQ_MEM:                    128
    REQ_GPU:                    0
    REQ_NPU:                    0
    USER_CPU_TIME:              518
    SYSTEM_CPU_TIME:            7
    MEMSW_MAX:                  2098
    SWAP_MAX:                   0
    MEM_MAX:                    2098
    MEM_AVG:                    1643
    MRUN_TIME:                  254
    SSTOPPED_TIME:              0
    CPU_UTIL_AVG(%):            206
    CPU_UTIL_RECENT(%):         122
    USER_CPU_TIME_SUM:          518
    SYSTEM_CPU_TIME_SUM:        7
    MEMSW_MAX_SUM:              2098
    SWAP_MAX_SUM:               0
    MEM_MAX_SUM:                2098
    MEM_AVG_SUM:                1643
    CPU_UTIL_AVG_SUM(%):        206
    CPU_UTIL_RECENT_SUM(%):     122
    GPU_SM_UTIL_AVG(%):         -
    GPU_SM_UTIL_RECENT(%):      -
    NPU_SM_MEM_SUM(MB):         -
    NPU_SM_AICORE_UTIL(%):      -

