Read1 before filtering:
total reads: 24125001
total bases: 3618750150
Q20 bases: 3577673640(98.8649%)
Q30 bases: 3333238350(92.1102%)

Read2 before filtering:
total reads: 24125001
total bases: 3618750150
Q20 bases: 3595855610(99.3673%)
Q30 bases: 3511190900(97.0277%)

Read1 after filtering:
total reads: 24125001
total bases: 3616548508
Q20 bases: 3575503740(98.8651%)
Q30 bases: 3331212808(92.1103%)

Read2 after filtering:
total reads: 24125001
total bases: 3616548508
Q20 bases: 3593703899(99.3683%)
Q30 bases: 3509128224(97.0298%)

Filtering result:
reads passed filter: 48250002
reads failed due to low quality: 0
reads failed due to too many N: 0
reads failed due to too short: 0
reads with adapter trimmed: 250982
bases trimmed due to adapters: 4403284

Duplication rate: 16.9123%

Insert size peak (evaluated by paired-end reads): 263

JSON report: fastp.json
HTML report: fastp.html

fastp -i /share/home/shli24/2025OVX/data/org_data/S80_Kidney_1.fq.gz -I /share/home/shli24/2025OVX/data/org_data/S80_Kidney_2.fq.gz -o /share/home/shli24/Tissue_com/data/E2_RNA/cleanData/S80_Kidney_1_clean.fq.gz -O /share/home/shli24/Tissue_com/data/E2_RNA/cleanData/S80_Kidney_2_clean.fq.gz 
fastp v0.23.4, time used: 364 seconds

TASK_INFO:
    JOB_ID:                     34305682
    JOB_NAME:                   fastp_S80_Kidney
    TASK_NAME:                  rg0.0
    REPLICA:                    1
    TASKGROUP_NAME:             rg0
    SUBMIT_NODE:                cli-ARM-01
    EXEC_NODE:                  agent-ARM-27
    EXIT_CODE:                  0
    EXIT_MESSAGE:               Job execution succeeded

RESOURCE_USAGE_SUMMARY:
    REQ_CPU:                    2
    REQ_MEM:                    128
    REQ_GPU:                    0
    REQ_NPU:                    0
    USER_CPU_TIME:              483
    SYSTEM_CPU_TIME:            7
    MEMSW_MAX:                  2213
    SWAP_MAX:                   0
    MEM_MAX:                    2213
    MEM_AVG:                    1596
    MRUN_TIME:                  365
    SSTOPPED_TIME:              0
    CPU_UTIL_AVG(%):            134
    CPU_UTIL_RECENT(%):         99
    USER_CPU_TIME_SUM:          483
    SYSTEM_CPU_TIME_SUM:        7
    MEMSW_MAX_SUM:              2213
    SWAP_MAX_SUM:               0
    MEM_MAX_SUM:                2213
    MEM_AVG_SUM:                1596
    CPU_UTIL_AVG_SUM(%):        134
    CPU_UTIL_RECENT_SUM(%):     99
    GPU_SM_UTIL_AVG(%):         -
    GPU_SM_UTIL_RECENT(%):      -
    NPU_SM_MEM_SUM(MB):         -
    NPU_SM_AICORE_UTIL(%):      -

