Read1 before filtering:
total reads: 24083575
total bases: 3612536250
Q20 bases: 3579131050(99.0753%)
Q30 bases: 3380103006(93.5659%)

Read2 before filtering:
total reads: 24083575
total bases: 3612536250
Q20 bases: 3591370374(99.4141%)
Q30 bases: 3517066672(97.3573%)

Read1 after filtering:
total reads: 24083575
total bases: 3610620836
Q20 bases: 3577239638(99.0755%)
Q30 bases: 3378314950(93.566%)

Read2 after filtering:
total reads: 24083575
total bases: 3610620836
Q20 bases: 3589495598(99.4149%)
Q30 bases: 3515265708(97.359%)

Filtering result:
reads passed filter: 48167150
reads failed due to low quality: 0
reads failed due to too many N: 0
reads failed due to too short: 0
reads with adapter trimmed: 497348
bases trimmed due to adapters: 3830828

Duplication rate: 6.82814%

Insert size peak (evaluated by paired-end reads): 223

JSON report: fastp.json
HTML report: fastp.html

fastp -i /share/home/shli24/2025OVX/data/org_data/S87_Spleen_1.fq.gz -I /share/home/shli24/2025OVX/data/org_data/S87_Spleen_2.fq.gz -o /share/home/shli24/Tissue_com/data/E2_RNA/cleanData/S87_Spleen_1_clean.fq.gz -O /share/home/shli24/Tissue_com/data/E2_RNA/cleanData/S87_Spleen_2_clean.fq.gz 
fastp v0.23.4, time used: 290 seconds

TASK_INFO:
    JOB_ID:                     34305695
    JOB_NAME:                   fastp_S87_Spleen
    TASK_NAME:                  rg0.0
    REPLICA:                    1
    TASKGROUP_NAME:             rg0
    SUBMIT_NODE:                cli-ARM-01
    EXEC_NODE:                  agent-ARM-27
    EXIT_CODE:                  0
    EXIT_MESSAGE:               Job execution succeeded

RESOURCE_USAGE_SUMMARY:
    REQ_CPU:                    2
    REQ_MEM:                    128
    REQ_GPU:                    0
    REQ_NPU:                    0
    USER_CPU_TIME:              472
    SYSTEM_CPU_TIME:            7
    MEMSW_MAX:                  2225
    SWAP_MAX:                   0
    MEM_MAX:                    2225
    MEM_AVG:                    1641
    MRUN_TIME:                  299
    SSTOPPED_TIME:              0
    CPU_UTIL_AVG(%):            160
    CPU_UTIL_RECENT(%):         189
    USER_CPU_TIME_SUM:          472
    SYSTEM_CPU_TIME_SUM:        7
    MEMSW_MAX_SUM:              2225
    SWAP_MAX_SUM:               0
    MEM_MAX_SUM:                2225
    MEM_AVG_SUM:                1641
    CPU_UTIL_AVG_SUM(%):        160
    CPU_UTIL_RECENT_SUM(%):     189
    GPU_SM_UTIL_AVG(%):         -
    GPU_SM_UTIL_RECENT(%):      -
    NPU_SM_MEM_SUM(MB):         -
    NPU_SM_AICORE_UTIL(%):      -

