Read1 before filtering:
total reads: 24014140
total bases: 3602121000
Q20 bases: 3562824051(98.9091%)
Q30 bases: 3330157388(92.4499%)

Read2 before filtering:
total reads: 24014140
total bases: 3602121000
Q20 bases: 3575716416(99.267%)
Q30 bases: 3478697980(96.5736%)

Read1 after filtering:
total reads: 24014140
total bases: 3600443267
Q20 bases: 3561174928(98.9093%)
Q30 bases: 3328619568(92.4503%)

Read2 after filtering:
total reads: 24014140
total bases: 3600443267
Q20 bases: 3574086179(99.2679%)
Q30 bases: 3477152240(96.5757%)

Filtering result:
reads passed filter: 48028280
reads failed due to low quality: 0
reads failed due to too many N: 0
reads failed due to too short: 0
reads with adapter trimmed: 281542
bases trimmed due to adapters: 3355466

Duplication rate: 30.0005%

Insert size peak (evaluated by paired-end reads): 263

JSON report: fastp.json
HTML report: fastp.html

fastp -i /share/home/shli24/2025OVX/data/org_data/Y5_Heart_1.fq.gz -I /share/home/shli24/2025OVX/data/org_data/Y5_Heart_2.fq.gz -o /share/home/shli24/Tissue_com/data/E2_RNA/cleanData/Y5_Heart_1_clean.fq.gz -O /share/home/shli24/Tissue_com/data/E2_RNA/cleanData/Y5_Heart_2_clean.fq.gz 
fastp v0.23.4, time used: 253 seconds

TASK_INFO:
    JOB_ID:                     34305745
    JOB_NAME:                   fastp_Y5_Heart
    TASK_NAME:                  rg0.0
    REPLICA:                    1
    TASKGROUP_NAME:             rg0
    SUBMIT_NODE:                cli-ARM-01
    EXEC_NODE:                  agent-ARM-27
    EXIT_CODE:                  0
    EXIT_MESSAGE:               Job execution succeeded

RESOURCE_USAGE_SUMMARY:
    REQ_CPU:                    2
    REQ_MEM:                    128
    REQ_GPU:                    0
    REQ_NPU:                    0
    USER_CPU_TIME:              497
    SYSTEM_CPU_TIME:            7
    MEMSW_MAX:                  2096
    SWAP_MAX:                   0
    MEM_MAX:                    2096
    MEM_AVG:                    1658
    MRUN_TIME:                  256
    SSTOPPED_TIME:              0
    CPU_UTIL_AVG(%):            197
    CPU_UTIL_RECENT(%):         190
    USER_CPU_TIME_SUM:          497
    SYSTEM_CPU_TIME_SUM:        7
    MEMSW_MAX_SUM:              2096
    SWAP_MAX_SUM:               0
    MEM_MAX_SUM:                2096
    MEM_AVG_SUM:                1658
    CPU_UTIL_AVG_SUM(%):        197
    CPU_UTIL_RECENT_SUM(%):     190
    GPU_SM_UTIL_AVG(%):         -
    GPU_SM_UTIL_RECENT(%):      -
    NPU_SM_MEM_SUM(MB):         -
    NPU_SM_AICORE_UTIL(%):      -

