Read1 before filtering:
total reads: 24090408
total bases: 3613561200
Q20 bases: 3575044417(98.9341%)
Q30 bases: 3352520343(92.7761%)

Read2 before filtering:
total reads: 24090408
total bases: 3613561200
Q20 bases: 3597353242(99.5515%)
Q30 bases: 3537909414(97.9064%)

Read1 after filtering:
total reads: 24090408
total bases: 3611925011
Q20 bases: 3573433656(98.9343%)
Q30 bases: 3351017203(92.7765%)

Read2 after filtering:
total reads: 24090408
total bases: 3611925011
Q20 bases: 3595756879(99.5524%)
Q30 bases: 3536374292(97.9083%)

Filtering result:
reads passed filter: 48180816
reads failed due to low quality: 0
reads failed due to too many N: 0
reads failed due to too short: 0
reads with adapter trimmed: 280398
bases trimmed due to adapters: 3272378

Duplication rate: 27.4072%

Insert size peak (evaluated by paired-end reads): 255

JSON report: fastp.json
HTML report: fastp.html

fastp -i /share/home/shli24/2025OVX/data/org_data/Y4_Heart_1.fq.gz -I /share/home/shli24/2025OVX/data/org_data/Y4_Heart_2.fq.gz -o /share/home/shli24/Tissue_com/data/E2_RNA/cleanData/Y4_Heart_1_clean.fq.gz -O /share/home/shli24/Tissue_com/data/E2_RNA/cleanData/Y4_Heart_2_clean.fq.gz 
fastp v0.23.4, time used: 261 seconds

TASK_INFO:
    JOB_ID:                     34305740
    JOB_NAME:                   fastp_Y4_Heart
    TASK_NAME:                  rg0.0
    REPLICA:                    1
    TASKGROUP_NAME:             rg0
    SUBMIT_NODE:                cli-ARM-01
    EXEC_NODE:                  agent-ARM-27
    EXIT_CODE:                  0
    EXIT_MESSAGE:               Job execution succeeded

RESOURCE_USAGE_SUMMARY:
    REQ_CPU:                    2
    REQ_MEM:                    128
    REQ_GPU:                    0
    REQ_NPU:                    0
    USER_CPU_TIME:              462
    SYSTEM_CPU_TIME:            8
    MEMSW_MAX:                  2222
    SWAP_MAX:                   0
    MEM_MAX:                    2222
    MEM_AVG:                    1755
    MRUN_TIME:                  264
    SSTOPPED_TIME:              0
    CPU_UTIL_AVG(%):            178
    CPU_UTIL_RECENT(%):         68
    USER_CPU_TIME_SUM:          462
    SYSTEM_CPU_TIME_SUM:        8
    MEMSW_MAX_SUM:              2222
    SWAP_MAX_SUM:               0
    MEM_MAX_SUM:                2222
    MEM_AVG_SUM:                1755
    CPU_UTIL_AVG_SUM(%):        178
    CPU_UTIL_RECENT_SUM(%):     68
    GPU_SM_UTIL_AVG(%):         -
    GPU_SM_UTIL_RECENT(%):      -
    NPU_SM_MEM_SUM(MB):         -
    NPU_SM_AICORE_UTIL(%):      -

