Read1 before filtering:
total reads: 24061902
total bases: 3609285300
Q20 bases: 3566744292(98.8213%)
Q30 bases: 3317049347(91.9032%)

Read2 before filtering:
total reads: 24061902
total bases: 3609285300
Q20 bases: 3586808373(99.3772%)
Q30 bases: 3503012455(97.0556%)

Read1 after filtering:
total reads: 24061902
total bases: 3607552293
Q20 bases: 3565041132(98.8216%)
Q30 bases: 3315464918(91.9034%)

Read2 after filtering:
total reads: 24061902
total bases: 3607552293
Q20 bases: 3585121990(99.3782%)
Q30 bases: 3501403491(97.0576%)

Filtering result:
reads passed filter: 48123804
reads failed due to low quality: 0
reads failed due to too many N: 0
reads failed due to too short: 0
reads with adapter trimmed: 247944
bases trimmed due to adapters: 3466014

Duplication rate: 22.2737%

Insert size peak (evaluated by paired-end reads): 255

JSON report: fastp.json
HTML report: fastp.html

fastp -i /share/home/shli24/2025OVX/data/org_data/T52_Heart_1.fq.gz -I /share/home/shli24/2025OVX/data/org_data/T52_Heart_2.fq.gz -o /share/home/shli24/Tissue_com/data/E2_RNA/cleanData/T52_Heart_1_clean.fq.gz -O /share/home/shli24/Tissue_com/data/E2_RNA/cleanData/T52_Heart_2_clean.fq.gz 
fastp v0.23.4, time used: 392 seconds

TASK_INFO:
    JOB_ID:                     34305701
    JOB_NAME:                   fastp_T52_Heart
    TASK_NAME:                  rg0.0
    REPLICA:                    1
    TASKGROUP_NAME:             rg0
    SUBMIT_NODE:                cli-ARM-01
    EXEC_NODE:                  agent-ARM-27
    EXIT_CODE:                  0
    EXIT_MESSAGE:               Job execution succeeded

RESOURCE_USAGE_SUMMARY:
    REQ_CPU:                    2
    REQ_MEM:                    128
    REQ_GPU:                    0
    REQ_NPU:                    0
    USER_CPU_TIME:              488
    SYSTEM_CPU_TIME:            10
    MEMSW_MAX:                  1998
    SWAP_MAX:                   0
    MEM_MAX:                    1998
    MEM_AVG:                    1572
    MRUN_TIME:                  393
    SSTOPPED_TIME:              0
    CPU_UTIL_AVG(%):            127
    CPU_UTIL_RECENT(%):         119
    USER_CPU_TIME_SUM:          488
    SYSTEM_CPU_TIME_SUM:        10
    MEMSW_MAX_SUM:              1998
    SWAP_MAX_SUM:               0
    MEM_MAX_SUM:                1998
    MEM_AVG_SUM:                1572
    CPU_UTIL_AVG_SUM(%):        127
    CPU_UTIL_RECENT_SUM(%):     119
    GPU_SM_UTIL_AVG(%):         -
    GPU_SM_UTIL_RECENT(%):      -
    NPU_SM_MEM_SUM(MB):         -
    NPU_SM_AICORE_UTIL(%):      -

