Read1 before filtering:
total reads: 24106407
total bases: 3615961050
Q20 bases: 3489645578(96.5067%)
Q30 bases: 3267732794(90.3697%)

Read2 before filtering:
total reads: 24106407
total bases: 3615961050
Q20 bases: 3512509316(97.139%)
Q30 bases: 3317424720(91.7439%)

Read1 after filtering:
total reads: 24106407
total bases: 3614039340
Q20 bases: 3487841244(96.5081%)
Q30 bases: 3266089925(90.3723%)

Read2 after filtering:
total reads: 24106407
total bases: 3614039340
Q20 bases: 3510717775(97.1411%)
Q30 bases: 3315808180(91.748%)

Filtering result:
reads passed filter: 48212814
reads failed due to low quality: 0
reads failed due to too many N: 0
reads failed due to too short: 0
reads with adapter trimmed: 372544
bases trimmed due to adapters: 3843420

Duplication rate: 4.1481%

Insert size peak (evaluated by paired-end reads): 240

JSON report: fastp.json
HTML report: fastp.html

fastp -i /share/home/shli24/2025OVX/data/org_data/Y3_Spleen_1.fq.gz -I /share/home/shli24/2025OVX/data/org_data/Y3_Spleen_2.fq.gz -o /share/home/shli24/Tissue_com/data/E2_RNA/cleanData/Y3_Spleen_1_clean.fq.gz -O /share/home/shli24/Tissue_com/data/E2_RNA/cleanData/Y3_Spleen_2_clean.fq.gz 
fastp v0.23.4, time used: 250 seconds

TASK_INFO:
    JOB_ID:                     34305739
    JOB_NAME:                   fastp_Y3_Spleen
    TASK_NAME:                  rg0.0
    REPLICA:                    1
    TASKGROUP_NAME:             rg0
    SUBMIT_NODE:                cli-ARM-01
    EXEC_NODE:                  agent-ARM-27
    EXIT_CODE:                  0
    EXIT_MESSAGE:               Job execution succeeded

RESOURCE_USAGE_SUMMARY:
    REQ_CPU:                    2
    REQ_MEM:                    128
    REQ_GPU:                    0
    REQ_NPU:                    0
    USER_CPU_TIME:              507
    SYSTEM_CPU_TIME:            7
    MEMSW_MAX:                  2295
    SWAP_MAX:                   0
    MEM_MAX:                    2295
    MEM_AVG:                    1810
    MRUN_TIME:                  253
    SSTOPPED_TIME:              0
    CPU_UTIL_AVG(%):            203
    CPU_UTIL_RECENT(%):         169
    USER_CPU_TIME_SUM:          507
    SYSTEM_CPU_TIME_SUM:        7
    MEMSW_MAX_SUM:              2295
    SWAP_MAX_SUM:               0
    MEM_MAX_SUM:                2295
    MEM_AVG_SUM:                1810
    CPU_UTIL_AVG_SUM(%):        203
    CPU_UTIL_RECENT_SUM(%):     169
    GPU_SM_UTIL_AVG(%):         -
    GPU_SM_UTIL_RECENT(%):      -
    NPU_SM_MEM_SUM(MB):         -
    NPU_SM_AICORE_UTIL(%):      -

