Read1 before filtering:
total reads: 24151799
total bases: 3622769850
Q20 bases: 3581877905(98.8713%)
Q30 bases: 3338750944(92.1602%)

Read2 before filtering:
total reads: 24151799
total bases: 3622769850
Q20 bases: 3599306550(99.3523%)
Q30 bases: 3512671782(96.9609%)

Read1 after filtering:
total reads: 24151799
total bases: 3620804888
Q20 bases: 3579942163(98.8714%)
Q30 bases: 3336943907(92.1603%)

Read2 after filtering:
total reads: 24151799
total bases: 3620804888
Q20 bases: 3597386763(99.3532%)
Q30 bases: 3510835366(96.9628%)

Filtering result:
reads passed filter: 48303598
reads failed due to low quality: 0
reads failed due to too many N: 0
reads failed due to too short: 0
reads with adapter trimmed: 214246
bases trimmed due to adapters: 3929924

Duplication rate: 19.6799%

Insert size peak (evaluated by paired-end reads): 263

JSON report: fastp.json
HTML report: fastp.html

fastp -i /share/home/shli24/2025OVX/data/org_data/O2_Kidney_1.fq.gz -I /share/home/shli24/2025OVX/data/org_data/O2_Kidney_2.fq.gz -o /share/home/shli24/Tissue_com/data/E2_RNA/cleanData/O2_Kidney_1_clean.fq.gz -O /share/home/shli24/Tissue_com/data/E2_RNA/cleanData/O2_Kidney_2_clean.fq.gz 
fastp v0.23.4, time used: 290 seconds

TASK_INFO:
    JOB_ID:                     34305661
    JOB_NAME:                   fastp_O2_Kidney
    TASK_NAME:                  rg0.0
    REPLICA:                    1
    TASKGROUP_NAME:             rg0
    SUBMIT_NODE:                cli-ARM-01
    EXEC_NODE:                  agent-ARM-20
    EXIT_CODE:                  0
    EXIT_MESSAGE:               Job execution succeeded

RESOURCE_USAGE_SUMMARY:
    REQ_CPU:                    2
    REQ_MEM:                    128
    REQ_GPU:                    0
    REQ_NPU:                    0
    USER_CPU_TIME:              499
    SYSTEM_CPU_TIME:            4
    MEMSW_MAX:                  2025
    SWAP_MAX:                   0
    MEM_MAX:                    2025
    MEM_AVG:                    1525
    MRUN_TIME:                  291
    SSTOPPED_TIME:              0
    CPU_UTIL_AVG(%):            173
    CPU_UTIL_RECENT(%):         185
    USER_CPU_TIME_SUM:          499
    SYSTEM_CPU_TIME_SUM:        4
    MEMSW_MAX_SUM:              2025
    SWAP_MAX_SUM:               0
    MEM_MAX_SUM:                2025
    MEM_AVG_SUM:                1525
    CPU_UTIL_AVG_SUM(%):        173
    CPU_UTIL_RECENT_SUM(%):     185
    GPU_SM_UTIL_AVG(%):         -
    GPU_SM_UTIL_RECENT(%):      -
    NPU_SM_MEM_SUM(MB):         -
    NPU_SM_AICORE_UTIL(%):      -

