Read1 before filtering:
total reads: 24125673
total bases: 3618850950
Q20 bases: 3499870214(96.7122%)
Q30 bases: 3273897489(90.4679%)

Read2 before filtering:
total reads: 24125673
total bases: 3618850950
Q20 bases: 3514062841(97.1044%)
Q30 bases: 3302761158(91.2655%)

Read1 after filtering:
total reads: 24125673
total bases: 3617050467
Q20 bases: 3498160287(96.7131%)
Q30 bases: 3272327314(90.4695%)

Read2 after filtering:
total reads: 24125673
total bases: 3617050467
Q20 bases: 3512371262(97.106%)
Q30 bases: 3301230946(91.2686%)

Filtering result:
reads passed filter: 48251346
reads failed due to low quality: 0
reads failed due to too many N: 0
reads failed due to too short: 0
reads with adapter trimmed: 320832
bases trimmed due to adapters: 3600966

Duplication rate: 14.8093%

Insert size peak (evaluated by paired-end reads): 261

JSON report: fastp.json
HTML report: fastp.html

fastp -i /share/home/shli24/2025OVX/data/org_data/Y3_Heart_1.fq.gz -I /share/home/shli24/2025OVX/data/org_data/Y3_Heart_2.fq.gz -o /share/home/shli24/Tissue_com/data/E2_RNA/cleanData/Y3_Heart_1_clean.fq.gz -O /share/home/shli24/Tissue_com/data/E2_RNA/cleanData/Y3_Heart_2_clean.fq.gz 
fastp v0.23.4, time used: 284 seconds

TASK_INFO:
    JOB_ID:                     34305735
    JOB_NAME:                   fastp_Y3_Heart
    TASK_NAME:                  rg0.0
    REPLICA:                    1
    TASKGROUP_NAME:             rg0
    SUBMIT_NODE:                cli-ARM-01
    EXEC_NODE:                  agent-ARM-27
    EXIT_CODE:                  0
    EXIT_MESSAGE:               Job execution succeeded

RESOURCE_USAGE_SUMMARY:
    REQ_CPU:                    2
    REQ_MEM:                    128
    REQ_GPU:                    0
    REQ_NPU:                    0
    USER_CPU_TIME:              512
    SYSTEM_CPU_TIME:            10
    MEMSW_MAX:                  2199
    SWAP_MAX:                   0
    MEM_MAX:                    2199
    MEM_AVG:                    1662
    MRUN_TIME:                  287
    SSTOPPED_TIME:              0
    CPU_UTIL_AVG(%):            182
    CPU_UTIL_RECENT(%):         140
    USER_CPU_TIME_SUM:          512
    SYSTEM_CPU_TIME_SUM:        10
    MEMSW_MAX_SUM:              2199
    SWAP_MAX_SUM:               0
    MEM_MAX_SUM:                2199
    MEM_AVG_SUM:                1662
    CPU_UTIL_AVG_SUM(%):        182
    CPU_UTIL_RECENT_SUM(%):     140
    GPU_SM_UTIL_AVG(%):         -
    GPU_SM_UTIL_RECENT(%):      -
    NPU_SM_MEM_SUM(MB):         -
    NPU_SM_AICORE_UTIL(%):      -

