Read1 before filtering:
total reads: 24047630
total bases: 3607144500
Q20 bases: 3562813178(98.771%)
Q30 bases: 3313182913(91.8506%)

Read2 before filtering:
total reads: 24047630
total bases: 3607144500
Q20 bases: 3585944024(99.4123%)
Q30 bases: 3507450711(97.2362%)

Read1 after filtering:
total reads: 24047630
total bases: 3605258528
Q20 bases: 3560961344(98.7713%)
Q30 bases: 3311471163(91.8511%)

Read2 after filtering:
total reads: 24047630
total bases: 3605258528
Q20 bases: 3584111732(99.4134%)
Q30 bases: 3505710260(97.2388%)

Filtering result:
reads passed filter: 48095260
reads failed due to low quality: 0
reads failed due to too many N: 0
reads failed due to too short: 0
reads with adapter trimmed: 225654
bases trimmed due to adapters: 3771944

Duplication rate: 37.1543%

Insert size peak (evaluated by paired-end reads): 263

JSON report: fastp.json
HTML report: fastp.html

fastp -i /share/home/shli24/2025OVX/data/org_data/T59_Liver_1.fq.gz -I /share/home/shli24/2025OVX/data/org_data/T59_Liver_2.fq.gz -o /share/home/shli24/Tissue_com/data/E2_RNA/cleanData/T59_Liver_1_clean.fq.gz -O /share/home/shli24/Tissue_com/data/E2_RNA/cleanData/T59_Liver_2_clean.fq.gz 
fastp v0.23.4, time used: 314 seconds

TASK_INFO:
    JOB_ID:                     34305709
    JOB_NAME:                   fastp_T59_Liver
    TASK_NAME:                  rg0.0
    REPLICA:                    1
    TASKGROUP_NAME:             rg0
    SUBMIT_NODE:                cli-ARM-01
    EXEC_NODE:                  agent-ARM-05
    EXIT_CODE:                  0
    EXIT_MESSAGE:               Job execution succeeded

RESOURCE_USAGE_SUMMARY:
    REQ_CPU:                    2
    REQ_MEM:                    128
    REQ_GPU:                    0
    REQ_NPU:                    0
    USER_CPU_TIME:              475
    SYSTEM_CPU_TIME:            5
    MEMSW_MAX:                  1829
    SWAP_MAX:                   0
    MEM_MAX:                    1829
    MEM_AVG:                    1477
    MRUN_TIME:                  315
    SSTOPPED_TIME:              0
    CPU_UTIL_AVG(%):            152
    CPU_UTIL_RECENT(%):         108
    USER_CPU_TIME_SUM:          475
    SYSTEM_CPU_TIME_SUM:        5
    MEMSW_MAX_SUM:              1829
    SWAP_MAX_SUM:               0
    MEM_MAX_SUM:                1829
    MEM_AVG_SUM:                1477
    CPU_UTIL_AVG_SUM(%):        152
    CPU_UTIL_RECENT_SUM(%):     108
    GPU_SM_UTIL_AVG(%):         -
    GPU_SM_UTIL_RECENT(%):      -
    NPU_SM_MEM_SUM(MB):         -
    NPU_SM_AICORE_UTIL(%):      -

