Read1 before filtering:
total reads: 24099940
total bases: 3614991000
Q20 bases: 3571776059(98.8046%)
Q30 bases: 3315715678(91.7213%)

Read2 before filtering:
total reads: 24099940
total bases: 3614991000
Q20 bases: 3590460872(99.3214%)
Q30 bases: 3499802896(96.8136%)

Read1 after filtering:
total reads: 24099940
total bases: 3613255905
Q20 bases: 3570072201(98.8049%)
Q30 bases: 3314141996(91.7218%)

Read2 after filtering:
total reads: 24099940
total bases: 3613255905
Q20 bases: 3588779908(99.3226%)
Q30 bases: 3498208249(96.816%)

Filtering result:
reads passed filter: 48199880
reads failed due to low quality: 0
reads failed due to too many N: 0
reads failed due to too short: 0
reads with adapter trimmed: 198930
bases trimmed due to adapters: 3470190

Duplication rate: 24.2619%

Insert size peak (evaluated by paired-end reads): 264

JSON report: fastp.json
HTML report: fastp.html

fastp -i /share/home/shli24/2025OVX/data/org_data/Y5_Liver_1.fq.gz -I /share/home/shli24/2025OVX/data/org_data/Y5_Liver_2.fq.gz -o /share/home/shli24/Tissue_com/data/E2_RNA/cleanData/Y5_Liver_1_clean.fq.gz -O /share/home/shli24/Tissue_com/data/E2_RNA/cleanData/Y5_Liver_2_clean.fq.gz 
fastp v0.23.4, time used: 271 seconds

TASK_INFO:
    JOB_ID:                     34305747
    JOB_NAME:                   fastp_Y5_Liver
    TASK_NAME:                  rg0.0
    REPLICA:                    1
    TASKGROUP_NAME:             rg0
    SUBMIT_NODE:                cli-ARM-01
    EXEC_NODE:                  agent-ARM-27
    EXIT_CODE:                  0
    EXIT_MESSAGE:               Job execution succeeded

RESOURCE_USAGE_SUMMARY:
    REQ_CPU:                    2
    REQ_MEM:                    128
    REQ_GPU:                    0
    REQ_NPU:                    0
    USER_CPU_TIME:              499
    SYSTEM_CPU_TIME:            7
    MEMSW_MAX:                  2117
    SWAP_MAX:                   0
    MEM_MAX:                    2117
    MEM_AVG:                    1671
    MRUN_TIME:                  273
    SSTOPPED_TIME:              0
    CPU_UTIL_AVG(%):            185
    CPU_UTIL_RECENT(%):         196
    USER_CPU_TIME_SUM:          499
    SYSTEM_CPU_TIME_SUM:        7
    MEMSW_MAX_SUM:              2117
    SWAP_MAX_SUM:               0
    MEM_MAX_SUM:                2117
    MEM_AVG_SUM:                1671
    CPU_UTIL_AVG_SUM(%):        185
    CPU_UTIL_RECENT_SUM(%):     196
    GPU_SM_UTIL_AVG(%):         -
    GPU_SM_UTIL_RECENT(%):      -
    NPU_SM_MEM_SUM(MB):         -
    NPU_SM_AICORE_UTIL(%):      -

