Read1 before filtering:
total reads: 21214776
total bases: 3182216400
Q20 bases: 3141434544(98.7184%)
Q30 bases: 2901866551(91.1901%)

Read2 before filtering:
total reads: 21214776
total bases: 3182216400
Q20 bases: 3159960401(99.3006%)
Q30 bases: 3076160694(96.6672%)

Read1 after filtering:
total reads: 21214776
total bases: 3180678376
Q20 bases: 3139924193(98.7187%)
Q30 bases: 2900472446(91.1904%)

Read2 after filtering:
total reads: 21214776
total bases: 3180678376
Q20 bases: 3158465263(99.3016%)
Q30 bases: 3074743180(96.6694%)

Filtering result:
reads passed filter: 42429552
reads failed due to low quality: 0
reads failed due to too many N: 0
reads failed due to too short: 0
reads with adapter trimmed: 208368
bases trimmed due to adapters: 3076048

Duplication rate: 24.8512%

Insert size peak (evaluated by paired-end reads): 263

JSON report: fastp.json
HTML report: fastp.html

fastp -i /share/home/shli24/2025OVX/data/org_data/T69_Liver_1.fq.gz -I /share/home/shli24/2025OVX/data/org_data/T69_Liver_2.fq.gz -o /share/home/shli24/Tissue_com/data/E2_RNA/cleanData/T69_Liver_1_clean.fq.gz -O /share/home/shli24/Tissue_com/data/E2_RNA/cleanData/T69_Liver_2_clean.fq.gz 
fastp v0.23.4, time used: 250 seconds

TASK_INFO:
    JOB_ID:                     34305719
    JOB_NAME:                   fastp_T69_Liver
    TASK_NAME:                  rg0.0
    REPLICA:                    1
    TASKGROUP_NAME:             rg0
    SUBMIT_NODE:                cli-ARM-01
    EXEC_NODE:                  agent-ARM-27
    EXIT_CODE:                  0
    EXIT_MESSAGE:               Job execution succeeded

RESOURCE_USAGE_SUMMARY:
    REQ_CPU:                    2
    REQ_MEM:                    128
    REQ_GPU:                    0
    REQ_NPU:                    0
    USER_CPU_TIME:              431
    SYSTEM_CPU_TIME:            7
    MEMSW_MAX:                  2190
    SWAP_MAX:                   0
    MEM_MAX:                    2190
    MEM_AVG:                    1711
    MRUN_TIME:                  252
    SSTOPPED_TIME:              0
    CPU_UTIL_AVG(%):            174
    CPU_UTIL_RECENT(%):         120
    USER_CPU_TIME_SUM:          431
    SYSTEM_CPU_TIME_SUM:        7
    MEMSW_MAX_SUM:              2190
    SWAP_MAX_SUM:               0
    MEM_MAX_SUM:                2190
    MEM_AVG_SUM:                1711
    CPU_UTIL_AVG_SUM(%):        174
    CPU_UTIL_RECENT_SUM(%):     120
    GPU_SM_UTIL_AVG(%):         -
    GPU_SM_UTIL_RECENT(%):      -
    NPU_SM_MEM_SUM(MB):         -
    NPU_SM_AICORE_UTIL(%):      -

