Read1 before filtering:
total reads: 24002492
total bases: 3600373800
Q20 bases: 3561837545(98.9297%)
Q30 bases: 3340201901(92.7738%)

Read2 before filtering:
total reads: 24002492
total bases: 3600373800
Q20 bases: 3578829945(99.4016%)
Q30 bases: 3499520379(97.1988%)

Read1 after filtering:
total reads: 24002492
total bases: 3598330040
Q20 bases: 3559822759(98.9299%)
Q30 bases: 3338310476(92.7739%)

Read2 after filtering:
total reads: 24002492
total bases: 3598330040
Q20 bases: 3576835090(99.4026%)
Q30 bases: 3497610211(97.2009%)

Filtering result:
reads passed filter: 48004984
reads failed due to low quality: 0
reads failed due to too many N: 0
reads failed due to too short: 0
reads with adapter trimmed: 308084
bases trimmed due to adapters: 4087520

Duplication rate: 26.4635%

Insert size peak (evaluated by paired-end reads): 247

JSON report: fastp.json
HTML report: fastp.html

fastp -i /share/home/shli24/2025OVX/data/org_data/T51_Kidney_1.fq.gz -I /share/home/shli24/2025OVX/data/org_data/T51_Kidney_2.fq.gz -o /share/home/shli24/Tissue_com/data/E2_RNA/cleanData/T51_Kidney_1_clean.fq.gz -O /share/home/shli24/Tissue_com/data/E2_RNA/cleanData/T51_Kidney_2_clean.fq.gz 
fastp v0.23.4, time used: 373 seconds

TASK_INFO:
    JOB_ID:                     34305698
    JOB_NAME:                   fastp_T51_Kidney
    TASK_NAME:                  rg0.0
    REPLICA:                    1
    TASKGROUP_NAME:             rg0
    SUBMIT_NODE:                cli-ARM-01
    EXEC_NODE:                  agent-ARM-27
    EXIT_CODE:                  0
    EXIT_MESSAGE:               Job execution succeeded

RESOURCE_USAGE_SUMMARY:
    REQ_CPU:                    2
    REQ_MEM:                    128
    REQ_GPU:                    0
    REQ_NPU:                    0
    USER_CPU_TIME:              476
    SYSTEM_CPU_TIME:            9
    MEMSW_MAX:                  2240
    SWAP_MAX:                   0
    MEM_MAX:                    2240
    MEM_AVG:                    1570
    MRUN_TIME:                  373
    SSTOPPED_TIME:              0
    CPU_UTIL_AVG(%):            129
    CPU_UTIL_RECENT(%):         168
    USER_CPU_TIME_SUM:          476
    SYSTEM_CPU_TIME_SUM:        9
    MEMSW_MAX_SUM:              2240
    SWAP_MAX_SUM:               0
    MEM_MAX_SUM:                2240
    MEM_AVG_SUM:                1570
    CPU_UTIL_AVG_SUM(%):        129
    CPU_UTIL_RECENT_SUM(%):     168
    GPU_SM_UTIL_AVG(%):         -
    GPU_SM_UTIL_RECENT(%):      -
    NPU_SM_MEM_SUM(MB):         -
    NPU_SM_AICORE_UTIL(%):      -

