Read1 before filtering:
total reads: 22618793
total bases: 3392818950
Q20 bases: 3347364716(98.6603%)
Q30 bases: 3083349945(90.8787%)

Read2 before filtering:
total reads: 22618793
total bases: 3392818950
Q20 bases: 3368354408(99.2789%)
Q30 bases: 3274914856(96.5249%)

Read1 after filtering:
total reads: 22618793
total bases: 3391214844
Q20 bases: 3345792028(98.6606%)
Q30 bases: 3081905901(90.8791%)

Read2 after filtering:
total reads: 22618793
total bases: 3391214844
Q20 bases: 3366793671(99.2799%)
Q30 bases: 3273434462(96.5269%)

Filtering result:
reads passed filter: 45237586
reads failed due to low quality: 0
reads failed due to too many N: 0
reads failed due to too short: 0
reads with adapter trimmed: 163220
bases trimmed due to adapters: 3208212

Duplication rate: 33.2309%

Insert size peak (evaluated by paired-end reads): 264

JSON report: fastp.json
HTML report: fastp.html

fastp -i /share/home/shli24/2025OVX/data/org_data/T79_Liver_1.fq.gz -I /share/home/shli24/2025OVX/data/org_data/T79_Liver_2.fq.gz -o /share/home/shli24/Tissue_com/data/E2_RNA/cleanData/T79_Liver_1_clean.fq.gz -O /share/home/shli24/Tissue_com/data/E2_RNA/cleanData/T79_Liver_2_clean.fq.gz 
fastp v0.23.4, time used: 282 seconds

TASK_INFO:
    JOB_ID:                     34305727
    JOB_NAME:                   fastp_T79_Liver
    TASK_NAME:                  rg0.0
    REPLICA:                    1
    TASKGROUP_NAME:             rg0
    SUBMIT_NODE:                cli-ARM-01
    EXEC_NODE:                  agent-ARM-27
    EXIT_CODE:                  0
    EXIT_MESSAGE:               Job execution succeeded

RESOURCE_USAGE_SUMMARY:
    REQ_CPU:                    2
    REQ_MEM:                    128
    REQ_GPU:                    0
    REQ_NPU:                    0
    USER_CPU_TIME:              462
    SYSTEM_CPU_TIME:            6
    MEMSW_MAX:                  2114
    SWAP_MAX:                   0
    MEM_MAX:                    2114
    MEM_AVG:                    1638
    MRUN_TIME:                  283
    SSTOPPED_TIME:              0
    CPU_UTIL_AVG(%):            165
    CPU_UTIL_RECENT(%):         204
    USER_CPU_TIME_SUM:          462
    SYSTEM_CPU_TIME_SUM:        6
    MEMSW_MAX_SUM:              2114
    SWAP_MAX_SUM:               0
    MEM_MAX_SUM:                2114
    MEM_AVG_SUM:                1638
    CPU_UTIL_AVG_SUM(%):        165
    CPU_UTIL_RECENT_SUM(%):     204
    GPU_SM_UTIL_AVG(%):         -
    GPU_SM_UTIL_RECENT(%):      -
    NPU_SM_MEM_SUM(MB):         -
    NPU_SM_AICORE_UTIL(%):      -

