Read1 before filtering:
total reads: 24116961
total bases: 3617544150
Q20 bases: 3578080581(98.9091%)
Q30 bases: 3351372270(92.6422%)

Read2 before filtering:
total reads: 24116961
total bases: 3617544150
Q20 bases: 3594811030(99.3716%)
Q30 bases: 3512117854(97.0857%)

Read1 after filtering:
total reads: 24116961
total bases: 3615565560
Q20 bases: 3576131754(98.9093%)
Q30 bases: 3349546449(92.6424%)

Read2 after filtering:
total reads: 24116961
total bases: 3615565560
Q20 bases: 3592880171(99.3726%)
Q30 bases: 3510270373(97.0877%)

Filtering result:
reads passed filter: 48233922
reads failed due to low quality: 0
reads failed due to too many N: 0
reads failed due to too short: 0
reads with adapter trimmed: 267962
bases trimmed due to adapters: 3957180

Duplication rate: 26.3382%

Insert size peak (evaluated by paired-end reads): 255

JSON report: fastp.json
HTML report: fastp.html

fastp -i /share/home/shli24/2025OVX/data/org_data/T69_Kidney_1.fq.gz -I /share/home/shli24/2025OVX/data/org_data/T69_Kidney_2.fq.gz -o /share/home/shli24/Tissue_com/data/E2_RNA/cleanData/T69_Kidney_1_clean.fq.gz -O /share/home/shli24/Tissue_com/data/E2_RNA/cleanData/T69_Kidney_2_clean.fq.gz 
fastp v0.23.4, time used: 308 seconds

TASK_INFO:
    JOB_ID:                     34305718
    JOB_NAME:                   fastp_T69_Kidney
    TASK_NAME:                  rg0.0
    REPLICA:                    1
    TASKGROUP_NAME:             rg0
    SUBMIT_NODE:                cli-ARM-01
    EXEC_NODE:                  agent-ARM-27
    EXIT_CODE:                  0
    EXIT_MESSAGE:               Job execution succeeded

RESOURCE_USAGE_SUMMARY:
    REQ_CPU:                    2
    REQ_MEM:                    128
    REQ_GPU:                    0
    REQ_NPU:                    0
    USER_CPU_TIME:              484
    SYSTEM_CPU_TIME:            8
    MEMSW_MAX:                  2115
    SWAP_MAX:                   0
    MEM_MAX:                    2115
    MEM_AVG:                    1701
    MRUN_TIME:                  310
    SSTOPPED_TIME:              0
    CPU_UTIL_AVG(%):            159
    CPU_UTIL_RECENT(%):         185
    USER_CPU_TIME_SUM:          484
    SYSTEM_CPU_TIME_SUM:        8
    MEMSW_MAX_SUM:              2115
    SWAP_MAX_SUM:               0
    MEM_MAX_SUM:                2115
    MEM_AVG_SUM:                1701
    CPU_UTIL_AVG_SUM(%):        159
    CPU_UTIL_RECENT_SUM(%):     185
    GPU_SM_UTIL_AVG(%):         -
    GPU_SM_UTIL_RECENT(%):      -
    NPU_SM_MEM_SUM(MB):         -
    NPU_SM_AICORE_UTIL(%):      -

