Read1 before filtering:
total reads: 20193073
total bases: 3028960950
Q20 bases: 2994102371(98.8492%)
Q30 bases: 2787451191(92.0266%)

Read2 before filtering:
total reads: 20193073
total bases: 3028960950
Q20 bases: 3010681110(99.3965%)
Q30 bases: 2944513936(97.212%)

Read1 after filtering:
total reads: 20193073
total bases: 3026983896
Q20 bases: 2992157580(98.8495%)
Q30 bases: 2785639844(92.0269%)

Read2 after filtering:
total reads: 20193073
total bases: 3026983896
Q20 bases: 3008757901(99.3979%)
Q30 bases: 2942677894(97.2149%)

Filtering result:
reads passed filter: 40386146
reads failed due to low quality: 0
reads failed due to too many N: 0
reads failed due to too short: 0
reads with adapter trimmed: 218934
bases trimmed due to adapters: 3954108

Duplication rate: 11.3744%

Insert size peak (evaluated by paired-end reads): 266

JSON report: fastp.json
HTML report: fastp.html

fastp -i /share/home/shli24/2025OVX/data/org_data/S85_Lung_1.fq.gz -I /share/home/shli24/2025OVX/data/org_data/S85_Lung_2.fq.gz -o /share/home/shli24/Tissue_com/data/E2_RNA/cleanData/S85_Lung_1_clean.fq.gz -O /share/home/shli24/Tissue_com/data/E2_RNA/cleanData/S85_Lung_2_clean.fq.gz 
fastp v0.23.4, time used: 251 seconds

TASK_INFO:
    JOB_ID:                     34305689
    JOB_NAME:                   fastp_S85_Lung
    TASK_NAME:                  rg0.0
    REPLICA:                    1
    TASKGROUP_NAME:             rg0
    SUBMIT_NODE:                cli-ARM-01
    EXEC_NODE:                  agent-ARM-27
    EXIT_CODE:                  0
    EXIT_MESSAGE:               Job execution succeeded

RESOURCE_USAGE_SUMMARY:
    REQ_CPU:                    2
    REQ_MEM:                    128
    REQ_GPU:                    0
    REQ_NPU:                    0
    USER_CPU_TIME:              409
    SYSTEM_CPU_TIME:            6
    MEMSW_MAX:                  2161
    SWAP_MAX:                   0
    MEM_MAX:                    2161
    MEM_AVG:                    1524
    MRUN_TIME:                  252
    SSTOPPED_TIME:              0
    CPU_UTIL_AVG(%):            165
    CPU_UTIL_RECENT(%):         152
    USER_CPU_TIME_SUM:          409
    SYSTEM_CPU_TIME_SUM:        6
    MEMSW_MAX_SUM:              2161
    SWAP_MAX_SUM:               0
    MEM_MAX_SUM:                2161
    MEM_AVG_SUM:                1524
    CPU_UTIL_AVG_SUM(%):        165
    CPU_UTIL_RECENT_SUM(%):     152
    GPU_SM_UTIL_AVG(%):         -
    GPU_SM_UTIL_RECENT(%):      -
    NPU_SM_MEM_SUM(MB):         -
    NPU_SM_AICORE_UTIL(%):      -

