Read1 before filtering:
total reads: 24008299
total bases: 3601244850
Q20 bases: 3561439775(98.8947%)
Q30 bases: 3341349465(92.7832%)

Read2 before filtering:
total reads: 24008299
total bases: 3601244850
Q20 bases: 3582342255(99.4751%)
Q30 bases: 3514110871(97.5804%)

Read1 after filtering:
total reads: 24008299
total bases: 3599260553
Q20 bases: 3559486964(98.895%)
Q30 bases: 3339526760(92.7837%)

Read2 after filtering:
total reads: 24008299
total bases: 3599260553
Q20 bases: 3580408101(99.4762%)
Q30 bases: 3512263573(97.5829%)

Filtering result:
reads passed filter: 48016598
reads failed due to low quality: 0
reads failed due to too many N: 0
reads failed due to too short: 0
reads with adapter trimmed: 329732
bases trimmed due to adapters: 3968594

Duplication rate: 35.4554%

Insert size peak (evaluated by paired-end reads): 263

JSON report: fastp.json
HTML report: fastp.html

fastp -i /share/home/shli24/2025OVX/data/org_data/T95_Liver_1.fq.gz -I /share/home/shli24/2025OVX/data/org_data/T95_Liver_2.fq.gz -o /share/home/shli24/Tissue_com/data/E2_RNA/cleanData/T95_Liver_1_clean.fq.gz -O /share/home/shli24/Tissue_com/data/E2_RNA/cleanData/T95_Liver_2_clean.fq.gz 
fastp v0.23.4, time used: 247 seconds

TASK_INFO:
    JOB_ID:                     34305732
    JOB_NAME:                   fastp_T95_Liver
    TASK_NAME:                  rg0.0
    REPLICA:                    1
    TASKGROUP_NAME:             rg0
    SUBMIT_NODE:                cli-ARM-01
    EXEC_NODE:                  agent-ARM-27
    EXIT_CODE:                  0
    EXIT_MESSAGE:               Job execution succeeded

RESOURCE_USAGE_SUMMARY:
    REQ_CPU:                    2
    REQ_MEM:                    128
    REQ_GPU:                    0
    REQ_NPU:                    0
    USER_CPU_TIME:              467
    SYSTEM_CPU_TIME:            7
    MEMSW_MAX:                  2268
    SWAP_MAX:                   0
    MEM_MAX:                    2268
    MEM_AVG:                    1733
    MRUN_TIME:                  249
    SSTOPPED_TIME:              0
    CPU_UTIL_AVG(%):            190
    CPU_UTIL_RECENT(%):         144
    USER_CPU_TIME_SUM:          467
    SYSTEM_CPU_TIME_SUM:        7
    MEMSW_MAX_SUM:              2268
    SWAP_MAX_SUM:               0
    MEM_MAX_SUM:                2268
    MEM_AVG_SUM:                1733
    CPU_UTIL_AVG_SUM(%):        190
    CPU_UTIL_RECENT_SUM(%):     144
    GPU_SM_UTIL_AVG(%):         -
    GPU_SM_UTIL_RECENT(%):      -
    NPU_SM_MEM_SUM(MB):         -
    NPU_SM_AICORE_UTIL(%):      -

