Read1 before filtering:
total reads: 24105902
total bases: 3615885300
Q20 bases: 3571063270(98.7604%)
Q30 bases: 3294127801(91.1016%)

Read2 before filtering:
total reads: 24105902
total bases: 3615885300
Q20 bases: 3591155704(99.3161%)
Q30 bases: 3499327174(96.7765%)

Read1 after filtering:
total reads: 24105902
total bases: 3613981514
Q20 bases: 3569191690(98.7607%)
Q30 bases: 3292401145(91.1018%)

Read2 after filtering:
total reads: 24105902
total bases: 3613981514
Q20 bases: 3589295094(99.3169%)
Q30 bases: 3497545806(96.7782%)

Filtering result:
reads passed filter: 48211804
reads failed due to low quality: 0
reads failed due to too many N: 0
reads failed due to too short: 0
reads with adapter trimmed: 187990
bases trimmed due to adapters: 3807572

Duplication rate: 15.1301%

Insert size peak (evaluated by paired-end reads): 266

JSON report: fastp.json
HTML report: fastp.html

fastp -i /share/home/shli24/2025OVX/data/org_data/Y4_Spleen_1.fq.gz -I /share/home/shli24/2025OVX/data/org_data/Y4_Spleen_2.fq.gz -o /share/home/shli24/Tissue_com/data/E2_RNA/cleanData/Y4_Spleen_1_clean.fq.gz -O /share/home/shli24/Tissue_com/data/E2_RNA/cleanData/Y4_Spleen_2_clean.fq.gz 
fastp v0.23.4, time used: 287 seconds

TASK_INFO:
    JOB_ID:                     34305744
    JOB_NAME:                   fastp_Y4_Spleen
    TASK_NAME:                  rg0.0
    REPLICA:                    1
    TASKGROUP_NAME:             rg0
    SUBMIT_NODE:                cli-ARM-01
    EXEC_NODE:                  agent-ARM-27
    EXIT_CODE:                  0
    EXIT_MESSAGE:               Job execution succeeded

RESOURCE_USAGE_SUMMARY:
    REQ_CPU:                    2
    REQ_MEM:                    128
    REQ_GPU:                    0
    REQ_NPU:                    0
    USER_CPU_TIME:              514
    SYSTEM_CPU_TIME:            8
    MEMSW_MAX:                  2146
    SWAP_MAX:                   0
    MEM_MAX:                    2146
    MEM_AVG:                    1732
    MRUN_TIME:                  291
    SSTOPPED_TIME:              0
    CPU_UTIL_AVG(%):            179
    CPU_UTIL_RECENT(%):         192
    USER_CPU_TIME_SUM:          514
    SYSTEM_CPU_TIME_SUM:        8
    MEMSW_MAX_SUM:              2146
    SWAP_MAX_SUM:               0
    MEM_MAX_SUM:                2146
    MEM_AVG_SUM:                1732
    CPU_UTIL_AVG_SUM(%):        179
    CPU_UTIL_RECENT_SUM(%):     192
    GPU_SM_UTIL_AVG(%):         -
    GPU_SM_UTIL_RECENT(%):      -
    NPU_SM_MEM_SUM(MB):         -
    NPU_SM_AICORE_UTIL(%):      -

