Read1 before filtering:
total reads: 24143492
total bases: 3621523800
Q20 bases: 3579869770(98.8498%)
Q30 bases: 3331138443(91.9817%)

Read2 before filtering:
total reads: 24143492
total bases: 3621523800
Q20 bases: 3595057718(99.2692%)
Q30 bases: 3498071705(96.5912%)

Read1 after filtering:
total reads: 24143492
total bases: 3619636791
Q20 bases: 3578012164(98.85%)
Q30 bases: 3329408367(91.9818%)

Read2 after filtering:
total reads: 24143492
total bases: 3619636791
Q20 bases: 3593225908(99.2703%)
Q30 bases: 3496333253(96.5935%)

Filtering result:
reads passed filter: 48286984
reads failed due to low quality: 0
reads failed due to too many N: 0
reads failed due to too short: 0
reads with adapter trimmed: 297070
bases trimmed due to adapters: 3774018

Duplication rate: 18.2216%

Insert size peak (evaluated by paired-end reads): 241

JSON report: fastp.json
HTML report: fastp.html

fastp -i /share/home/shli24/2025OVX/data/org_data/Y3_Kidney_1.fq.gz -I /share/home/shli24/2025OVX/data/org_data/Y3_Kidney_2.fq.gz -o /share/home/shli24/Tissue_com/data/E2_RNA/cleanData/Y3_Kidney_1_clean.fq.gz -O /share/home/shli24/Tissue_com/data/E2_RNA/cleanData/Y3_Kidney_2_clean.fq.gz 
fastp v0.23.4, time used: 259 seconds

TASK_INFO:
    JOB_ID:                     34305736
    JOB_NAME:                   fastp_Y3_Kidney
    TASK_NAME:                  rg0.0
    REPLICA:                    1
    TASKGROUP_NAME:             rg0
    SUBMIT_NODE:                cli-ARM-01
    EXEC_NODE:                  agent-ARM-27
    EXIT_CODE:                  0
    EXIT_MESSAGE:               Job execution succeeded

RESOURCE_USAGE_SUMMARY:
    REQ_CPU:                    2
    REQ_MEM:                    128
    REQ_GPU:                    0
    REQ_NPU:                    0
    USER_CPU_TIME:              511
    SYSTEM_CPU_TIME:            8
    MEMSW_MAX:                  2208
    SWAP_MAX:                   0
    MEM_MAX:                    2208
    MEM_AVG:                    1760
    MRUN_TIME:                  261
    SSTOPPED_TIME:              0
    CPU_UTIL_AVG(%):            199
    CPU_UTIL_RECENT(%):         171
    USER_CPU_TIME_SUM:          511
    SYSTEM_CPU_TIME_SUM:        8
    MEMSW_MAX_SUM:              2208
    SWAP_MAX_SUM:               0
    MEM_MAX_SUM:                2208
    MEM_AVG_SUM:                1760
    CPU_UTIL_AVG_SUM(%):        199
    CPU_UTIL_RECENT_SUM(%):     171
    GPU_SM_UTIL_AVG(%):         -
    GPU_SM_UTIL_RECENT(%):      -
    NPU_SM_MEM_SUM(MB):         -
    NPU_SM_AICORE_UTIL(%):      -

