Read1 before filtering:
total reads: 24106394
total bases: 3615959100
Q20 bases: 3570879855(98.7533%)
Q30 bases: 3302136629(91.3212%)

Read2 before filtering:
total reads: 24106394
total bases: 3615959100
Q20 bases: 3594423001(99.4044%)
Q30 bases: 3512234892(97.1315%)

Read1 after filtering:
total reads: 24106394
total bases: 3614070205
Q20 bases: 3569021571(98.7535%)
Q30 bases: 3300421786(91.3215%)

Read2 after filtering:
total reads: 24106394
total bases: 3614070205
Q20 bases: 3592571702(99.4051%)
Q30 bases: 3510455768(97.133%)

Filtering result:
reads passed filter: 48212788
reads failed due to low quality: 0
reads failed due to too many N: 0
reads failed due to too short: 0
reads with adapter trimmed: 237328
bases trimmed due to adapters: 3777790

Duplication rate: 28.6723%

Insert size peak (evaluated by paired-end reads): 255

JSON report: fastp.json
HTML report: fastp.html

fastp -i /share/home/shli24/2025OVX/data/org_data/T75_Heart_1.fq.gz -I /share/home/shli24/2025OVX/data/org_data/T75_Heart_2.fq.gz -o /share/home/shli24/Tissue_com/data/E2_RNA/cleanData/T75_Heart_1_clean.fq.gz -O /share/home/shli24/Tissue_com/data/E2_RNA/cleanData/T75_Heart_2_clean.fq.gz 
fastp v0.23.4, time used: 297 seconds

TASK_INFO:
    JOB_ID:                     34305722
    JOB_NAME:                   fastp_T75_Heart
    TASK_NAME:                  rg0.0
    REPLICA:                    1
    TASKGROUP_NAME:             rg0
    SUBMIT_NODE:                cli-ARM-01
    EXEC_NODE:                  agent-ARM-27
    EXIT_CODE:                  0
    EXIT_MESSAGE:               Job execution succeeded

RESOURCE_USAGE_SUMMARY:
    REQ_CPU:                    2
    REQ_MEM:                    128
    REQ_GPU:                    0
    REQ_NPU:                    0
    USER_CPU_TIME:              490
    SYSTEM_CPU_TIME:            8
    MEMSW_MAX:                  2189
    SWAP_MAX:                   0
    MEM_MAX:                    2189
    MEM_AVG:                    1722
    MRUN_TIME:                  299
    SSTOPPED_TIME:              0
    CPU_UTIL_AVG(%):            166
    CPU_UTIL_RECENT(%):         178
    USER_CPU_TIME_SUM:          490
    SYSTEM_CPU_TIME_SUM:        8
    MEMSW_MAX_SUM:              2189
    SWAP_MAX_SUM:               0
    MEM_MAX_SUM:                2189
    MEM_AVG_SUM:                1722
    CPU_UTIL_AVG_SUM(%):        166
    CPU_UTIL_RECENT_SUM(%):     178
    GPU_SM_UTIL_AVG(%):         -
    GPU_SM_UTIL_RECENT(%):      -
    NPU_SM_MEM_SUM(MB):         -
    NPU_SM_AICORE_UTIL(%):      -

