Read1 before filtering:
total reads: 24115616
total bases: 3617342400
Q20 bases: 3568486882(98.6494%)
Q30 bases: 3281934421(90.7278%)

Read2 before filtering:
total reads: 24115616
total bases: 3617342400
Q20 bases: 3592678757(99.3182%)
Q30 bases: 3499255160(96.7355%)

Read1 after filtering:
total reads: 24115616
total bases: 3615513085
Q20 bases: 3566691947(98.6497%)
Q30 bases: 3280282874(90.728%)

Read2 after filtering:
total reads: 24115616
total bases: 3615513085
Q20 bases: 3590901711(99.3193%)
Q30 bases: 3497563035(96.7377%)

Filtering result:
reads passed filter: 48231232
reads failed due to low quality: 0
reads failed due to too many N: 0
reads failed due to too short: 0
reads with adapter trimmed: 184080
bases trimmed due to adapters: 3658630

Duplication rate: 34.7159%

Insert size peak (evaluated by paired-end reads): 264

JSON report: fastp.json
HTML report: fastp.html

fastp -i /share/home/shli24/2025OVX/data/org_data/O2_Liver_1.fq.gz -I /share/home/shli24/2025OVX/data/org_data/O2_Liver_2.fq.gz -o /share/home/shli24/Tissue_com/data/E2_RNA/cleanData/O2_Liver_1_clean.fq.gz -O /share/home/shli24/Tissue_com/data/E2_RNA/cleanData/O2_Liver_2_clean.fq.gz 
fastp v0.23.4, time used: 252 seconds

TASK_INFO:
    JOB_ID:                     34305662
    JOB_NAME:                   fastp_O2_Liver
    TASK_NAME:                  rg0.0
    REPLICA:                    1
    TASKGROUP_NAME:             rg0
    SUBMIT_NODE:                cli-ARM-01
    EXEC_NODE:                  agent-ARM-28
    EXIT_CODE:                  0
    EXIT_MESSAGE:               Job execution succeeded

RESOURCE_USAGE_SUMMARY:
    REQ_CPU:                    2
    REQ_MEM:                    128
    REQ_GPU:                    0
    REQ_NPU:                    0
    USER_CPU_TIME:              498
    SYSTEM_CPU_TIME:            6
    MEMSW_MAX:                  1935
    SWAP_MAX:                   0
    MEM_MAX:                    1935
    MEM_AVG:                    1505
    MRUN_TIME:                  253
    SSTOPPED_TIME:              0
    CPU_UTIL_AVG(%):            199
    CPU_UTIL_RECENT(%):         158
    USER_CPU_TIME_SUM:          498
    SYSTEM_CPU_TIME_SUM:        6
    MEMSW_MAX_SUM:              1935
    SWAP_MAX_SUM:               0
    MEM_MAX_SUM:                1935
    MEM_AVG_SUM:                1505
    CPU_UTIL_AVG_SUM(%):        199
    CPU_UTIL_RECENT_SUM(%):     158
    GPU_SM_UTIL_AVG(%):         -
    GPU_SM_UTIL_RECENT(%):      -
    NPU_SM_MEM_SUM(MB):         -
    NPU_SM_AICORE_UTIL(%):      -

