Read1 before filtering:
total reads: 24098247
total bases: 3614737050
Q20 bases: 3579847916(99.0348%)
Q30 bases: 3368475434(93.1873%)

Read2 before filtering:
total reads: 24098247
total bases: 3614737050
Q20 bases: 3590821713(99.3384%)
Q30 bases: 3503965870(96.9356%)

Read1 after filtering:
total reads: 24098247
total bases: 3612716121
Q20 bases: 3577853994(99.035%)
Q30 bases: 3366603524(93.1876%)

Read2 after filtering:
total reads: 24098247
total bases: 3612716121
Q20 bases: 3588846718(99.3393%)
Q30 bases: 3502079132(96.9376%)

Filtering result:
reads passed filter: 48196494
reads failed due to low quality: 0
reads failed due to too many N: 0
reads failed due to too short: 0
reads with adapter trimmed: 263240
bases trimmed due to adapters: 4041858

Duplication rate: 13.5118%

Insert size peak (evaluated by paired-end reads): 243

JSON report: fastp.json
HTML report: fastp.html

fastp -i /share/home/shli24/2025OVX/data/org_data/T79_Lung_1.fq.gz -I /share/home/shli24/2025OVX/data/org_data/T79_Lung_2.fq.gz -o /share/home/shli24/Tissue_com/data/E2_RNA/cleanData/T79_Lung_1_clean.fq.gz -O /share/home/shli24/Tissue_com/data/E2_RNA/cleanData/T79_Lung_2_clean.fq.gz 
fastp v0.23.4, time used: 318 seconds

TASK_INFO:
    JOB_ID:                     34305728
    JOB_NAME:                   fastp_T79_Lung
    TASK_NAME:                  rg0.0
    REPLICA:                    1
    TASKGROUP_NAME:             rg0
    SUBMIT_NODE:                cli-ARM-01
    EXEC_NODE:                  agent-ARM-27
    EXIT_CODE:                  0
    EXIT_MESSAGE:               Job execution succeeded

RESOURCE_USAGE_SUMMARY:
    REQ_CPU:                    2
    REQ_MEM:                    128
    REQ_GPU:                    0
    REQ_NPU:                    0
    USER_CPU_TIME:              490
    SYSTEM_CPU_TIME:            9
    MEMSW_MAX:                  2155
    SWAP_MAX:                   0
    MEM_MAX:                    2155
    MEM_AVG:                    1766
    MRUN_TIME:                  320
    SSTOPPED_TIME:              0
    CPU_UTIL_AVG(%):            156
    CPU_UTIL_RECENT(%):         192
    USER_CPU_TIME_SUM:          490
    SYSTEM_CPU_TIME_SUM:        9
    MEMSW_MAX_SUM:              2155
    SWAP_MAX_SUM:               0
    MEM_MAX_SUM:                2155
    MEM_AVG_SUM:                1766
    CPU_UTIL_AVG_SUM(%):        156
    CPU_UTIL_RECENT_SUM(%):     192
    GPU_SM_UTIL_AVG(%):         -
    GPU_SM_UTIL_RECENT(%):      -
    NPU_SM_MEM_SUM(MB):         -
    NPU_SM_AICORE_UTIL(%):      -

