Read1 before filtering:
total reads: 24147536
total bases: 3622130400
Q20 bases: 3584681814(98.9661%)
Q30 bases: 3361694600(92.8099%)

Read2 before filtering:
total reads: 24147536
total bases: 3622130400
Q20 bases: 3599261455(99.3686%)
Q30 bases: 3517222002(97.1037%)

Read1 after filtering:
total reads: 24147535
total bases: 3620321823
Q20 bases: 3582898782(98.9663%)
Q30 bases: 3360022394(92.81%)

Read2 after filtering:
total reads: 24147535
total bases: 3620321823
Q20 bases: 3597495496(99.3695%)
Q30 bases: 3515532834(97.1055%)

Filtering result:
reads passed filter: 48295070
reads failed due to low quality: 2
reads failed due to too many N: 0
reads failed due to too short: 0
reads with adapter trimmed: 257622
bases trimmed due to adapters: 3617066

Duplication rate: 13.4476%

Insert size peak (evaluated by paired-end reads): 253

JSON report: fastp.json
HTML report: fastp.html

fastp -i /share/home/shli24/2025OVX/data/org_data/S76_Spleen_1.fq.gz -I /share/home/shli24/2025OVX/data/org_data/S76_Spleen_2.fq.gz -o /share/home/shli24/Tissue_com/data/E2_RNA/cleanData/S76_Spleen_1_clean.fq.gz -O /share/home/shli24/Tissue_com/data/E2_RNA/cleanData/S76_Spleen_2_clean.fq.gz 
fastp v0.23.4, time used: 309 seconds

TASK_INFO:
    JOB_ID:                     34305680
    JOB_NAME:                   fastp_S76_Spleen
    TASK_NAME:                  rg0.0
    REPLICA:                    1
    TASKGROUP_NAME:             rg0
    SUBMIT_NODE:                cli-ARM-01
    EXEC_NODE:                  agent-ARM-27
    EXIT_CODE:                  0
    EXIT_MESSAGE:               Job execution succeeded

RESOURCE_USAGE_SUMMARY:
    REQ_CPU:                    2
    REQ_MEM:                    128
    REQ_GPU:                    0
    REQ_NPU:                    0
    USER_CPU_TIME:              493
    SYSTEM_CPU_TIME:            8
    MEMSW_MAX:                  2150
    SWAP_MAX:                   0
    MEM_MAX:                    2150
    MEM_AVG:                    1567
    MRUN_TIME:                  310
    SSTOPPED_TIME:              0
    CPU_UTIL_AVG(%):            161
    CPU_UTIL_RECENT(%):         167
    USER_CPU_TIME_SUM:          493
    SYSTEM_CPU_TIME_SUM:        8
    MEMSW_MAX_SUM:              2150
    SWAP_MAX_SUM:               0
    MEM_MAX_SUM:                2150
    MEM_AVG_SUM:                1567
    CPU_UTIL_AVG_SUM(%):        161
    CPU_UTIL_RECENT_SUM(%):     167
    GPU_SM_UTIL_AVG(%):         -
    GPU_SM_UTIL_RECENT(%):      -
    NPU_SM_MEM_SUM(MB):         -
    NPU_SM_AICORE_UTIL(%):      -

