Read1 before filtering:
total reads: 24107318
total bases: 3616097700
Q20 bases: 3576013439(98.8915%)
Q30 bases: 3340155244(92.3691%)

Read2 before filtering:
total reads: 24107318
total bases: 3616097700
Q20 bases: 3593567795(99.377%)
Q30 bases: 3510520380(97.0804%)

Read1 after filtering:
total reads: 24107318
total bases: 3614165930
Q20 bases: 3574111651(98.8917%)
Q30 bases: 3338379718(92.3693%)

Read2 after filtering:
total reads: 24107318
total bases: 3614165930
Q20 bases: 3591683280(99.3779%)
Q30 bases: 3508720637(97.0824%)

Filtering result:
reads passed filter: 48214636
reads failed due to low quality: 0
reads failed due to too many N: 0
reads failed due to too short: 0
reads with adapter trimmed: 201340
bases trimmed due to adapters: 3863540

Duplication rate: 27.3918%

Insert size peak (evaluated by paired-end reads): 263

JSON report: fastp.json
HTML report: fastp.html

fastp -i /share/home/shli24/2025OVX/data/org_data/O4_Liver_1.fq.gz -I /share/home/shli24/2025OVX/data/org_data/O4_Liver_2.fq.gz -o /share/home/shli24/Tissue_com/data/E2_RNA/cleanData/O4_Liver_1_clean.fq.gz -O /share/home/shli24/Tissue_com/data/E2_RNA/cleanData/O4_Liver_2_clean.fq.gz 
fastp v0.23.4, time used: 304 seconds

TASK_INFO:
    JOB_ID:                     34305672
    JOB_NAME:                   fastp_O4_Liver
    TASK_NAME:                  rg0.0
    REPLICA:                    1
    TASKGROUP_NAME:             rg0
    SUBMIT_NODE:                cli-ARM-01
    EXEC_NODE:                  agent-ARM-27
    EXIT_CODE:                  0
    EXIT_MESSAGE:               Job execution succeeded

RESOURCE_USAGE_SUMMARY:
    REQ_CPU:                    2
    REQ_MEM:                    128
    REQ_GPU:                    0
    REQ_NPU:                    0
    USER_CPU_TIME:              480
    SYSTEM_CPU_TIME:            5
    MEMSW_MAX:                  2202
    SWAP_MAX:                   0
    MEM_MAX:                    2202
    MEM_AVG:                    1642
    MRUN_TIME:                  305
    SSTOPPED_TIME:              0
    CPU_UTIL_AVG(%):            159
    CPU_UTIL_RECENT(%):         108
    USER_CPU_TIME_SUM:          480
    SYSTEM_CPU_TIME_SUM:        5
    MEMSW_MAX_SUM:              2202
    SWAP_MAX_SUM:               0
    MEM_MAX_SUM:                2202
    MEM_AVG_SUM:                1642
    CPU_UTIL_AVG_SUM(%):        159
    CPU_UTIL_RECENT_SUM(%):     108
    GPU_SM_UTIL_AVG(%):         -
    GPU_SM_UTIL_RECENT(%):      -
    NPU_SM_MEM_SUM(MB):         -
    NPU_SM_AICORE_UTIL(%):      -

