Read1 before filtering:
total reads: 24034001
total bases: 3605100150
Q20 bases: 3564853409(98.8836%)
Q30 bases: 3323101118(92.1778%)

Read2 before filtering:
total reads: 24034001
total bases: 3605100150
Q20 bases: 3583573349(99.4029%)
Q30 bases: 3503531052(97.1826%)

Read1 after filtering:
total reads: 24034001
total bases: 3602977289
Q20 bases: 3562759116(98.8838%)
Q30 bases: 3321140073(92.1777%)

Read2 after filtering:
total reads: 24034001
total bases: 3602977289
Q20 bases: 3581490344(99.4036%)
Q30 bases: 3501525544(97.1842%)

Filtering result:
reads passed filter: 48068002
reads failed due to low quality: 0
reads failed due to too many N: 0
reads failed due to too short: 0
reads with adapter trimmed: 235362
bases trimmed due to adapters: 4245722

Duplication rate: 18.5928%

Insert size peak (evaluated by paired-end reads): 263

JSON report: fastp.json
HTML report: fastp.html

fastp -i /share/home/shli24/2025OVX/data/org_data/O3_Liver_1.fq.gz -I /share/home/shli24/2025OVX/data/org_data/O3_Liver_2.fq.gz -o /share/home/shli24/Tissue_com/data/E2_RNA/cleanData/O3_Liver_1_clean.fq.gz -O /share/home/shli24/Tissue_com/data/E2_RNA/cleanData/O3_Liver_2_clean.fq.gz 
fastp v0.23.4, time used: 330 seconds

TASK_INFO:
    JOB_ID:                     34305667
    JOB_NAME:                   fastp_O3_Liver
    TASK_NAME:                  rg0.0
    REPLICA:                    1
    TASKGROUP_NAME:             rg0
    SUBMIT_NODE:                cli-ARM-01
    EXEC_NODE:                  agent-ARM-27
    EXIT_CODE:                  0
    EXIT_MESSAGE:               Job execution succeeded

RESOURCE_USAGE_SUMMARY:
    REQ_CPU:                    2
    REQ_MEM:                    128
    REQ_GPU:                    0
    REQ_NPU:                    0
    USER_CPU_TIME:              489
    SYSTEM_CPU_TIME:            8
    MEMSW_MAX:                  2151
    SWAP_MAX:                   0
    MEM_MAX:                    2151
    MEM_AVG:                    1635
    MRUN_TIME:                  332
    SSTOPPED_TIME:              0
    CPU_UTIL_AVG(%):            150
    CPU_UTIL_RECENT(%):         187
    USER_CPU_TIME_SUM:          489
    SYSTEM_CPU_TIME_SUM:        8
    MEMSW_MAX_SUM:              2151
    SWAP_MAX_SUM:               0
    MEM_MAX_SUM:                2151
    MEM_AVG_SUM:                1635
    CPU_UTIL_AVG_SUM(%):        150
    CPU_UTIL_RECENT_SUM(%):     187
    GPU_SM_UTIL_AVG(%):         -
    GPU_SM_UTIL_RECENT(%):      -
    NPU_SM_MEM_SUM(MB):         -
    NPU_SM_AICORE_UTIL(%):      -

