Read1 before filtering:
total reads: 24043461
total bases: 3606519150
Q20 bases: 3566724126(98.8966%)
Q30 bases: 3347956545(92.8307%)

Read2 before filtering:
total reads: 24043461
total bases: 3606519150
Q20 bases: 3588360187(99.4965%)
Q30 bases: 3522663841(97.6749%)

Read1 after filtering:
total reads: 24043460
total bases: 3604784811
Q20 bases: 3565023028(98.897%)
Q30 bases: 3346378798(92.8316%)

Read2 after filtering:
total reads: 24043460
total bases: 3604784811
Q20 bases: 3586688067(99.498%)
Q30 bases: 3521081132(97.678%)

Filtering result:
reads passed filter: 48086920
reads failed due to low quality: 2
reads failed due to too many N: 0
reads failed due to too short: 0
reads with adapter trimmed: 312154
bases trimmed due to adapters: 3468608

Duplication rate: 31.8365%

Insert size peak (evaluated by paired-end reads): 235

JSON report: fastp.json
HTML report: fastp.html

fastp -i /share/home/shli24/2025OVX/data/org_data/T52_Liver_1.fq.gz -I /share/home/shli24/2025OVX/data/org_data/T52_Liver_2.fq.gz -o /share/home/shli24/Tissue_com/data/E2_RNA/cleanData/T52_Liver_1_clean.fq.gz -O /share/home/shli24/Tissue_com/data/E2_RNA/cleanData/T52_Liver_2_clean.fq.gz 
fastp v0.23.4, time used: 322 seconds

TASK_INFO:
    JOB_ID:                     34305703
    JOB_NAME:                   fastp_T52_Liver
    TASK_NAME:                  rg0.0
    REPLICA:                    1
    TASKGROUP_NAME:             rg0
    SUBMIT_NODE:                cli-ARM-01
    EXEC_NODE:                  agent-ARM-27
    EXIT_CODE:                  0
    EXIT_MESSAGE:               Job execution succeeded

RESOURCE_USAGE_SUMMARY:
    REQ_CPU:                    2
    REQ_MEM:                    128
    REQ_GPU:                    0
    REQ_NPU:                    0
    USER_CPU_TIME:              474
    SYSTEM_CPU_TIME:            8
    MEMSW_MAX:                  2111
    SWAP_MAX:                   0
    MEM_MAX:                    2111
    MEM_AVG:                    1608
    MRUN_TIME:                  322
    SSTOPPED_TIME:              0
    CPU_UTIL_AVG(%):            149
    CPU_UTIL_RECENT(%):         215
    USER_CPU_TIME_SUM:          474
    SYSTEM_CPU_TIME_SUM:        8
    MEMSW_MAX_SUM:              2111
    SWAP_MAX_SUM:               0
    MEM_MAX_SUM:                2111
    MEM_AVG_SUM:                1608
    CPU_UTIL_AVG_SUM(%):        149
    CPU_UTIL_RECENT_SUM(%):     215
    GPU_SM_UTIL_AVG(%):         -
    GPU_SM_UTIL_RECENT(%):      -
    NPU_SM_MEM_SUM(MB):         -
    NPU_SM_AICORE_UTIL(%):      -

