[bam_sort_core] merging from 26 files and 1 in-memory blocks...

TASK_INFO:
    JOB_ID:                     34324967
    JOB_NAME:                   hisat2_S85_Spleen
    TASK_NAME:                  rg0.0
    REPLICA:                    1
    TASKGROUP_NAME:             rg0
    SUBMIT_NODE:                cli-ARM-01
    EXEC_NODE:                  agent-ARM-10
    EXIT_CODE:                  0
    EXIT_MESSAGE:               Job execution succeeded

RESOURCE_USAGE_SUMMARY:
    REQ_CPU:                    2
    REQ_MEM:                    128
    REQ_GPU:                    0
    REQ_NPU:                    0
    USER_CPU_TIME:              3285
    SYSTEM_CPU_TIME:            108
    MEMSW_MAX:                  4911
    SWAP_MAX:                   0
    MEM_MAX:                    4911
    MEM_AVG:                    4086
    MRUN_TIME:                  2968
    SSTOPPED_TIME:              0
    CPU_UTIL_AVG(%):            114
    CPU_UTIL_RECENT(%):         89
    USER_CPU_TIME_SUM:          3285
    SYSTEM_CPU_TIME_SUM:        108
    MEMSW_MAX_SUM:              4911
    SWAP_MAX_SUM:               0
    MEM_MAX_SUM:                4911
    MEM_AVG_SUM:                4086
    CPU_UTIL_AVG_SUM(%):        114
    CPU_UTIL_RECENT_SUM(%):     89
    GPU_SM_UTIL_AVG(%):         -
    GPU_SM_UTIL_RECENT(%):      -
    NPU_SM_MEM_SUM(MB):         -
    NPU_SM_AICORE_UTIL(%):      -

