[bam_sort_core] merging from 30 files and 1 in-memory blocks...

TASK_INFO:
    JOB_ID:                     34325017
    JOB_NAME:                   hisat2_Y4_Heart
    TASK_NAME:                  rg0.0
    REPLICA:                    1
    TASKGROUP_NAME:             rg0
    SUBMIT_NODE:                cli-ARM-01
    EXEC_NODE:                  agent-ARM-04
    EXIT_CODE:                  0
    EXIT_MESSAGE:               Job execution succeeded

RESOURCE_USAGE_SUMMARY:
    REQ_CPU:                    2
    REQ_MEM:                    128
    REQ_GPU:                    0
    REQ_NPU:                    0
    USER_CPU_TIME:              2855
    SYSTEM_CPU_TIME:            117
    MEMSW_MAX:                  4908
    SWAP_MAX:                   0
    MEM_MAX:                    4908
    MEM_AVG:                    3996
    MRUN_TIME:                  2533
    SSTOPPED_TIME:              0
    CPU_UTIL_AVG(%):            117
    CPU_UTIL_RECENT(%):         89
    USER_CPU_TIME_SUM:          2855
    SYSTEM_CPU_TIME_SUM:        117
    MEMSW_MAX_SUM:              4908
    SWAP_MAX_SUM:               0
    MEM_MAX_SUM:                4908
    MEM_AVG_SUM:                3996
    CPU_UTIL_AVG_SUM(%):        117
    CPU_UTIL_RECENT_SUM(%):     89
    GPU_SM_UTIL_AVG(%):         -
    GPU_SM_UTIL_RECENT(%):      -
    NPU_SM_MEM_SUM(MB):         -
    NPU_SM_AICORE_UTIL(%):      -

