[bam_sort_core] merging from 25 files and 1 in-memory blocks...

TASK_INFO:
    JOB_ID:                     34324962
    JOB_NAME:                   hisat2_S80_Spleen
    TASK_NAME:                  rg0.0
    REPLICA:                    1
    TASKGROUP_NAME:             rg0
    SUBMIT_NODE:                cli-ARM-01
    EXEC_NODE:                  agent-ARM-10
    EXIT_CODE:                  0
    EXIT_MESSAGE:               Job execution succeeded

RESOURCE_USAGE_SUMMARY:
    REQ_CPU:                    2
    REQ_MEM:                    128
    REQ_GPU:                    0
    REQ_NPU:                    0
    USER_CPU_TIME:              3196
    SYSTEM_CPU_TIME:            118
    MEMSW_MAX:                  4914
    SWAP_MAX:                   0
    MEM_MAX:                    4914
    MEM_AVG:                    4099
    MRUN_TIME:                  2907
    SSTOPPED_TIME:              0
    CPU_UTIL_AVG(%):            114
    CPU_UTIL_RECENT(%):         88
    USER_CPU_TIME_SUM:          3196
    SYSTEM_CPU_TIME_SUM:        118
    MEMSW_MAX_SUM:              4914
    SWAP_MAX_SUM:               0
    MEM_MAX_SUM:                4914
    MEM_AVG_SUM:                4099
    CPU_UTIL_AVG_SUM(%):        114
    CPU_UTIL_RECENT_SUM(%):     88
    GPU_SM_UTIL_AVG(%):         -
    GPU_SM_UTIL_RECENT(%):      -
    NPU_SM_MEM_SUM(MB):         -
    NPU_SM_AICORE_UTIL(%):      -

