[bam_sort_core] merging from 26 files and 1 in-memory blocks...

TASK_INFO:
    JOB_ID:                     34324971
    JOB_NAME:                   hisat2_S87_Lung
    TASK_NAME:                  rg0.0
    REPLICA:                    1
    TASKGROUP_NAME:             rg0
    SUBMIT_NODE:                cli-ARM-01
    EXEC_NODE:                  agent-ARM-10
    EXIT_CODE:                  0
    EXIT_MESSAGE:               Job execution succeeded

RESOURCE_USAGE_SUMMARY:
    REQ_CPU:                    2
    REQ_MEM:                    128
    REQ_GPU:                    0
    REQ_NPU:                    0
    USER_CPU_TIME:              2798
    SYSTEM_CPU_TIME:            101
    MEMSW_MAX:                  4912
    SWAP_MAX:                   0
    MEM_MAX:                    4912
    MEM_AVG:                    3976
    MRUN_TIME:                  2494
    SSTOPPED_TIME:              0
    CPU_UTIL_AVG(%):            116
    CPU_UTIL_RECENT(%):         91
    USER_CPU_TIME_SUM:          2798
    SYSTEM_CPU_TIME_SUM:        101
    MEMSW_MAX_SUM:              4912
    SWAP_MAX_SUM:               0
    MEM_MAX_SUM:                4912
    MEM_AVG_SUM:                3976
    CPU_UTIL_AVG_SUM(%):        116
    CPU_UTIL_RECENT_SUM(%):     91
    GPU_SM_UTIL_AVG(%):         -
    GPU_SM_UTIL_RECENT(%):      -
    NPU_SM_MEM_SUM(MB):         -
    NPU_SM_AICORE_UTIL(%):      -

