[bam_sort_core] merging from 30 files and 1 in-memory blocks...

TASK_INFO:
    JOB_ID:                     34324964
    JOB_NAME:                   hisat2_S85_Kidney
    TASK_NAME:                  rg0.0
    REPLICA:                    1
    TASKGROUP_NAME:             rg0
    SUBMIT_NODE:                cli-ARM-01
    EXEC_NODE:                  agent-ARM-10
    EXIT_CODE:                  0
    EXIT_MESSAGE:               Job execution succeeded

RESOURCE_USAGE_SUMMARY:
    REQ_CPU:                    2
    REQ_MEM:                    128
    REQ_GPU:                    0
    REQ_NPU:                    0
    USER_CPU_TIME:              2645
    SYSTEM_CPU_TIME:            87
    MEMSW_MAX:                  4908
    SWAP_MAX:                   0
    MEM_MAX:                    4908
    MEM_AVG:                    3827
    MRUN_TIME:                  2266
    SSTOPPED_TIME:              0
    CPU_UTIL_AVG(%):            120
    CPU_UTIL_RECENT(%):         84
    USER_CPU_TIME_SUM:          2645
    SYSTEM_CPU_TIME_SUM:        87
    MEMSW_MAX_SUM:              4908
    SWAP_MAX_SUM:               0
    MEM_MAX_SUM:                4908
    MEM_AVG_SUM:                3827
    CPU_UTIL_AVG_SUM(%):        120
    CPU_UTIL_RECENT_SUM(%):     84
    GPU_SM_UTIL_AVG(%):         -
    GPU_SM_UTIL_RECENT(%):      -
    NPU_SM_MEM_SUM(MB):         -
    NPU_SM_AICORE_UTIL(%):      -

