[bam_sort_core] merging from 25 files and 1 in-memory blocks...

TASK_INFO:
    JOB_ID:                     34325029
    JOB_NAME:                   hisat2_Y6_Spleen
    TASK_NAME:                  rg0.0
    REPLICA:                    1
    TASKGROUP_NAME:             rg0
    SUBMIT_NODE:                cli-ARM-01
    EXEC_NODE:                  agent-ARM-04
    EXIT_CODE:                  0
    EXIT_MESSAGE:               Job execution succeeded

RESOURCE_USAGE_SUMMARY:
    REQ_CPU:                    2
    REQ_MEM:                    128
    REQ_GPU:                    0
    REQ_NPU:                    0
    USER_CPU_TIME:              3200
    SYSTEM_CPU_TIME:            129
    MEMSW_MAX:                  4912
    SWAP_MAX:                   0
    MEM_MAX:                    4912
    MEM_AVG:                    4104
    MRUN_TIME:                  2919
    SSTOPPED_TIME:              0
    CPU_UTIL_AVG(%):            114
    CPU_UTIL_RECENT(%):         93
    USER_CPU_TIME_SUM:          3200
    SYSTEM_CPU_TIME_SUM:        129
    MEMSW_MAX_SUM:              4912
    SWAP_MAX_SUM:               0
    MEM_MAX_SUM:                4912
    MEM_AVG_SUM:                4104
    CPU_UTIL_AVG_SUM(%):        114
    CPU_UTIL_RECENT_SUM(%):     93
    GPU_SM_UTIL_AVG(%):         -
    GPU_SM_UTIL_RECENT(%):      -
    NPU_SM_MEM_SUM(MB):         -
    NPU_SM_AICORE_UTIL(%):      -

