[bam_sort_core] merging from 25 files and 1 in-memory blocks...

TASK_INFO:
    JOB_ID:                     34324941
    JOB_NAME:                   hisat2_O2_Spleen
    TASK_NAME:                  rg0.0
    REPLICA:                    1
    TASKGROUP_NAME:             rg0
    SUBMIT_NODE:                cli-ARM-01
    EXEC_NODE:                  agent-ARM-35
    EXIT_CODE:                  0
    EXIT_MESSAGE:               Job execution succeeded

RESOURCE_USAGE_SUMMARY:
    REQ_CPU:                    2
    REQ_MEM:                    128
    REQ_GPU:                    0
    REQ_NPU:                    0
    USER_CPU_TIME:              3198
    SYSTEM_CPU_TIME:            138
    MEMSW_MAX:                  4916
    SWAP_MAX:                   0
    MEM_MAX:                    4916
    MEM_AVG:                    4082
    MRUN_TIME:                  2950
    SSTOPPED_TIME:              0
    CPU_UTIL_AVG(%):            113
    CPU_UTIL_RECENT(%):         88
    USER_CPU_TIME_SUM:          3198
    SYSTEM_CPU_TIME_SUM:        138
    MEMSW_MAX_SUM:              4916
    SWAP_MAX_SUM:               0
    MEM_MAX_SUM:                4916
    MEM_AVG_SUM:                4082
    CPU_UTIL_AVG_SUM(%):        113
    CPU_UTIL_RECENT_SUM(%):     88
    GPU_SM_UTIL_AVG(%):         -
    GPU_SM_UTIL_RECENT(%):      -
    NPU_SM_MEM_SUM(MB):         -
    NPU_SM_AICORE_UTIL(%):      -

