/share/home/shli24/2025OVX/code/002_bowtie2/bowtie2_C34.sh: line 8: /share/software/app//arm/samtools/1.21//bin/samtools: cannot execute binary file: Exec format error
sh: /share/software/app/arm/bowtie2/2.5.4/bowtie2-align-s: cannot execute binary file: Exec format error
(ERR): Description of arguments failed!
Exiting now ...

TASK_INFO:
    JOB_ID:                     35087559
    JOB_NAME:                   bowtie2_C34
    TASK_NAME:                  rg0.0
    REPLICA:                    1
    TASKGROUP_NAME:             rg0
    SUBMIT_NODE:                cli-X86-01
    EXEC_NODE:                  agent-X86-13
    EXIT_CODE:                  10001
    EXIT_MESSAGE:               Job command execution failed, errCode: 126

RESOURCE_USAGE_SUMMARY:
    REQ_CPU:                    4
    REQ_MEM:                    128
    REQ_GPU:                    0
    REQ_NPU:                    0
    USER_CPU_TIME:              0
    SYSTEM_CPU_TIME:            0
    MEMSW_MAX:                  11
    SWAP_MAX:                   0
    MEM_MAX:                    11
    MEM_AVG:                    1
    MRUN_TIME:                  4
    SSTOPPED_TIME:              0
    CPU_UTIL_AVG(%):            7
    CPU_UTIL_RECENT(%):         7
    USER_CPU_TIME_SUM:          0
    SYSTEM_CPU_TIME_SUM:        0
    MEMSW_MAX_SUM:              11
    SWAP_MAX_SUM:               0
    MEM_MAX_SUM:                11
    MEM_AVG_SUM:                1
    CPU_UTIL_AVG_SUM(%):        7
    CPU_UTIL_RECENT_SUM(%):     7
    GPU_SM_UTIL_AVG(%):         -
    GPU_SM_UTIL_RECENT(%):      -
    NPU_SM_MEM_SUM(MB):         -
    NPU_SM_AICORE_UTIL(%):      -

